<?xml version="1.0" encoding="UTF-8"?>
<!-- Generated by org.testng.reporters.JUnitReportReporter -->
<testsuite skipped="0" hostname="Lisandro-Silva.local" name="com.mkyong.busonfiscal.BusquedaReportesTest19" tests="1" failures="0" timestamp="18 May 2020 23:07:40 GMT" time="63.118" errors="0">
  <testcase name="busquedaDeReportes19" time="63.118" classname="com.mkyong.busonfiscal.BusquedaReportesTest19"/>
</testsuite> <!-- com.mkyong.busonfiscal.BusquedaReportesTest19 -->
