<?xml version="1.0" encoding="UTF-8"?>
<!-- Generated by org.testng.reporters.JUnitReportReporter -->
<testsuite skipped="0" hostname="Lisandro-Silva.local" name="com.mkyong.busonfiscal.TestPagoEnEspecies2" tests="1" failures="0" timestamp="07 Apr 2020 20:37:40 GMT" time="29.314" errors="0">
  <testcase name="basePageNavigation" time="29.314" classname="com.mkyong.busonfiscal.TestPagoEnEspecies2"/>
</testsuite> <!-- com.mkyong.busonfiscal.TestPagoEnEspecies2 -->
