<?xml version="1.0" encoding="UTF-8"?>
<!-- Generated by org.testng.reporters.JUnitReportReporter -->
<testsuite skipped="0" hostname="Lisandro-Silva.local" name="com.mkyong.busonfiscal.TestNotaDeCreditoBorrador" tests="1" failures="0" timestamp="07 Apr 2020 20:17:20 GMT" time="31.551" errors="0">
  <testcase name="basePageNavigation" time="31.551" classname="com.mkyong.busonfiscal.TestNotaDeCreditoBorrador"/>
</testsuite> <!-- com.mkyong.busonfiscal.TestNotaDeCreditoBorrador -->
