<?xml version="1.0" encoding="UTF-8"?>
<!-- Generated by org.testng.reporters.JUnitReportReporter -->
<testsuite skipped="0" hostname="Lisandro-Silva.local" name="com.mkyong.busonfiscal.ReportesEmitidosDuplicarComplInstituicionesEducativasTest" tests="1" failures="0" timestamp="19 May 2020 17:20:33 GMT" time="34.365" errors="0">
  <testcase name="duplicadoInstituicionesEducativas" time="34.365" classname="com.mkyong.busonfiscal.ReportesEmitidosDuplicarComplInstituicionesEducativasTest"/>
</testsuite> <!-- com.mkyong.busonfiscal.ReportesEmitidosDuplicarComplInstituicionesEducativasTest -->
