<?xml version="1.0" encoding="UTF-8"?>
<!-- Generated by org.testng.reporters.JUnitReportReporter -->
<testsuite skipped="0" hostname="Lisandro-Silva.local" name="com.mkyong.busongratis.BusquedaReportesgratuitoTest1" tests="1" failures="0" timestamp="20 May 2020 17:03:30 GMT" time="14.282" errors="0">
  <testcase name="busquedaDeReportesGratuito1" time="14.282" classname="com.mkyong.busongratis.BusquedaReportesgratuitoTest1"/>
</testsuite> <!-- com.mkyong.busongratis.BusquedaReportesgratuitoTest1 -->
