<?xml version="1.0" encoding="UTF-8"?>
<!-- Generated by org.testng.reporters.JUnitReportReporter -->
<testsuite hostname="Lisandro-Silva.local" name="com.mkyong.buson.jes.detail.FacturaAdendaMultiAssistenciaJesDetailTest" tests="1" failures="0" timestamp="18 May 2020 19:21:44 GMT" time="79.338" errors="0">
  <testcase name="facturaAdendaMultAssistDetailJes" time="79.338" classname="com.mkyong.buson.jes.detail.FacturaAdendaMultiAssistenciaJesDetailTest"/>
</testsuite> <!-- com.mkyong.buson.jes.detail.FacturaAdendaMultiAssistenciaJesDetailTest -->
