<?xml version="1.0" encoding="UTF-8"?>
<!-- Generated by org.testng.reporters.JUnitReportReporter -->
<testsuite skipped="0" hostname="Lisandro-Silva.local" name="com.mkyong.busongratuito.detail.TestImpuestosLocalesGratuitoDetail" tests="1" failures="0" timestamp="17 Feb 2020 19:11:48 GMT" time="72.232" errors="0">
  <testcase name="basePageNavigation" time="72.232" classname="com.mkyong.busongratuito.detail.TestImpuestosLocalesGratuitoDetail"/>
</testsuite> <!-- com.mkyong.busongratuito.detail.TestImpuestosLocalesGratuitoDetail -->
