<?xml version="1.0" encoding="UTF-8"?>
<!-- Generated by org.testng.reporters.JUnitReportReporter -->
<testsuite skipped="0" hostname="Lisandro-Silva.local" name="com.mkyong.busongratis.FacturaPagoGratisTest" tests="1" failures="0" timestamp="20 May 2020 17:31:45 GMT" time="30.199" errors="0">
  <testcase name="pagoGratisSimples" time="30.199" classname="com.mkyong.busongratis.FacturaPagoGratisTest"/>
</testsuite> <!-- com.mkyong.busongratis.FacturaPagoGratisTest -->
