<?xml version="1.0" encoding="UTF-8"?>
<!-- Generated by org.testng.reporters.JUnitReportReporter -->
<testsuite skipped="0" hostname="Lisandro-Silva.local" name="com.mkyong.busonfiscal.TestPassword" tests="1" failures="0" timestamp="07 Apr 2020 23:03:08 GMT" time="1.063" errors="0">
  <testcase name="basePageNavigation" time="1.063" classname="com.mkyong.busonfiscal.TestPassword"/>
</testsuite> <!-- com.mkyong.busonfiscal.TestPassword -->
