<?xml version="1.0" encoding="UTF-8"?>
<!-- Generated by org.testng.reporters.JUnitReportReporter -->
<testsuite skipped="0" hostname="Lisandro-Silva.local" name="CucumberOptions.TestRunner" tests="1" failures="0" timestamp="30 Mar 2020 14:54:22 GMT" time="34.266" errors="0">
  <testcase name="feature" time="34.266" classname="CucumberOptions.TestRunner"/>
</testsuite> <!-- CucumberOptions.TestRunner -->
