<?xml version="1.0" encoding="UTF-8"?>
<!-- Generated by org.testng.reporters.JUnitReportReporter -->
<testsuite skipped="0" hostname="Lisandro-Silva.local" name="com.mkyong.busonfiscal.TestServiciosParcealesDeContruccion2" tests="1" failures="0" timestamp="07 Apr 2020 22:12:20 GMT" time="39.209" errors="0">
  <testcase name="basePageNavigation" time="39.209" classname="com.mkyong.busonfiscal.TestServiciosParcealesDeContruccion2"/>
</testsuite> <!-- com.mkyong.busonfiscal.TestServiciosParcealesDeContruccion2 -->
