<?xml version="1.0" encoding="UTF-8"?>
<!-- Generated by org.testng.reporters.JUnitReportReporter -->
<testsuite skipped="0" hostname="Lisandro-Silva.local" name="com.mkyong.buson.jes.detail.TestVehiculosUsadosJesDetail" tests="1" failures="0" timestamp="07 Apr 2020 00:38:39 GMT" time="94.298" errors="0">
  <testcase name="basePageNavigation" time="94.298" classname="com.mkyong.buson.jes.detail.TestVehiculosUsadosJesDetail"/>
</testsuite> <!-- com.mkyong.buson.jes.detail.TestVehiculosUsadosJesDetail -->
