<?xml version="1.0" encoding="UTF-8"?>
<!-- Generated by org.testng.reporters.JUnitReportReporter -->
<testsuite skipped="0" hostname="Lisandro-Silva.local" name="com.mkyong.busonfiscal.TestReportesEmitidosDuplicarDonatarios" tests="1" failures="0" timestamp="07 Apr 2020 22:06:12 GMT" time="27.434" errors="0">
  <testcase name="basePageNavigation" time="27.434" classname="com.mkyong.busonfiscal.TestReportesEmitidosDuplicarDonatarios"/>
</testsuite> <!-- com.mkyong.busonfiscal.TestReportesEmitidosDuplicarDonatarios -->
