<?xml version="1.0" encoding="UTF-8"?>
<!-- Generated by org.testng.reporters.JUnitReportReporter -->
<testsuite skipped="0" hostname="Lisandro-Silva.local" name="com.mkyong.buson.jes.TestServiciosParcealesDeContruccionJes" tests="1" failures="0" timestamp="06 Apr 2020 21:52:27 GMT" time="36.676" errors="0">
  <testcase name="basePageNavigation" time="36.676" classname="com.mkyong.buson.jes.TestServiciosParcealesDeContruccionJes"/>
</testsuite> <!-- com.mkyong.buson.jes.TestServiciosParcealesDeContruccionJes -->
