<?xml version="1.0" encoding="UTF-8"?>
<!-- Generated by org.testng.reporters.JUnitReportReporter -->
<testsuite skipped="0" hostname="Lisandro-Silva.local" name="com.mkyong.buson.jes.detail.TestFacturaPagoJesDetail" tests="1" failures="0" timestamp="04 Mar 2020 17:48:20 GMT" time="44.775" errors="0">
  <testcase name="basePageNavigation" time="44.775" classname="com.mkyong.buson.jes.detail.TestFacturaPagoJesDetail"/>
</testsuite> <!-- com.mkyong.buson.jes.detail.TestFacturaPagoJesDetail -->
