<?xml version="1.0" encoding="UTF-8"?>
<!-- Generated by org.testng.reporters.JUnitReportReporter -->
<testsuite skipped="0" hostname="Lisandro-Silva.local" name="com.mkyong.busonfiscal.BusquedaReportesTest23" tests="1" failures="0" timestamp="18 May 2020 23:18:06 GMT" time="70.606" errors="0">
  <testcase name="busquedaDeReportes23" time="70.606" classname="com.mkyong.busonfiscal.BusquedaReportesTest23"/>
</testsuite> <!-- com.mkyong.busonfiscal.BusquedaReportesTest23 -->
