<?xml version="1.0" encoding="UTF-8"?>
<!-- Generated by org.testng.reporters.JUnitReportReporter -->
<testsuite skipped="0" hostname="Lisandro-Silva.local" name="com.mkyong.busonfiscal.TestReportesEmitidosDuplicarComplServiciosParcealesDeConstruccion" tests="1" failures="0" timestamp="02 Mar 2020 17:26:59 GMT" time="27.537" errors="0">
  <testcase name="basePageNavigation" time="27.537" classname="com.mkyong.busonfiscal.TestReportesEmitidosDuplicarComplServiciosParcealesDeConstruccion"/>
</testsuite> <!-- com.mkyong.busonfiscal.TestReportesEmitidosDuplicarComplServiciosParcealesDeConstruccion -->
