<?xml version="1.0" encoding="UTF-8"?>
<!-- Generated by org.testng.reporters.JUnitReportReporter -->
<testsuite skipped="0" hostname="Lisandro-Silva.local" name="com.mkyong.buson.jes.detail.TestLeyendasFiscalesJesDetail" tests="1" failures="0" timestamp="04 Mar 2020 17:57:46 GMT" time="72.476" errors="0">
  <testcase name="basePageNavigation" time="72.476" classname="com.mkyong.buson.jes.detail.TestLeyendasFiscalesJesDetail"/>
</testsuite> <!-- com.mkyong.buson.jes.detail.TestLeyendasFiscalesJesDetail -->
