<?xml version="1.0" encoding="UTF-8"?>
<!-- Generated by org.testng.reporters.JUnitReportReporter -->
<testsuite skipped="0" hostname="Lisandro-Silva.local" name="com.mkyong.busonfiscal.ImpuestosLocalesTest" tests="1" failures="0" timestamp="19 May 2020 16:08:37 GMT" time="33.818" errors="0">
  <testcase name="basePageNavigation" time="33.818" classname="com.mkyong.busonfiscal.ImpuestosLocalesTest"/>
</testsuite> <!-- com.mkyong.busonfiscal.ImpuestosLocalesTest -->
