<?xml version="1.0" encoding="UTF-8"?>
<!-- Generated by org.testng.reporters.JUnitReportReporter -->
<testsuite skipped="0" hostname="Lisandro-Silva.local" name="com.mkyong.busonfiscal.TestBusquedaReportes24" tests="1" failures="0" timestamp="07 Apr 2020 15:41:46 GMT" time="41.716" errors="0">
  <testcase name="basePageNavigation" time="41.716" classname="com.mkyong.busonfiscal.TestBusquedaReportes24"/>
</testsuite> <!-- com.mkyong.busonfiscal.TestBusquedaReportes24 -->
