<?xml version="1.0" encoding="UTF-8"?>
<!-- Generated by org.testng.reporters.JUnitReportReporter -->
<testsuite hostname="Lisandro-Silva.local" name="com.mkyong.buson.jes.DonativosJesTest" tests="1" failures="0" timestamp="18 May 2020 16:47:35 GMT" time="40.012" errors="0">
  <testcase name="donativosJes" time="40.012" classname="com.mkyong.buson.jes.DonativosJesTest"/>
</testsuite> <!-- com.mkyong.buson.jes.DonativosJesTest -->
