<?xml version="1.0" encoding="UTF-8"?>
<!-- Generated by org.testng.reporters.JUnitReportReporter -->
<testsuite hostname="Lisandro-Silva.local" name="com.mkyong.buson.jes.PersonasFisicasIntegranteDeCoordinacionJesTest" tests="1" failures="0" timestamp="18 May 2020 17:26:22 GMT" time="32.589" errors="0">
  <testcase name="personasFisicasIntegrJes" time="32.589" classname="com.mkyong.buson.jes.PersonasFisicasIntegranteDeCoordinacionJesTest"/>
</testsuite> <!-- com.mkyong.buson.jes.PersonasFisicasIntegranteDeCoordinacionJesTest -->
