<?xml version="1.0" encoding="UTF-8"?>
<!-- Generated by org.testng.reporters.JUnitReportReporter -->
<testsuite skipped="0" hostname="Lisandro-Silva.local" name="com.mkyong.busonfiscal.TestFacturaPago2" tests="1" failures="0" timestamp="07 Apr 2020 19:38:50 GMT" time="37.422" errors="0">
  <testcase name="basePageNavigation" time="37.422" classname="com.mkyong.busonfiscal.TestFacturaPago2"/>
</testsuite> <!-- com.mkyong.busonfiscal.TestFacturaPago2 -->
