<?xml version="1.0" encoding="UTF-8"?>
<!-- Generated by org.testng.reporters.JUnitReportReporter -->
<testsuite skipped="0" hostname="Lisandro-Silva.local" name="com.mkyong.busonfiscal.TestPagoEnEspecies" tests="1" failures="0" timestamp="09 Apr 2020 14:17:09 GMT" time="35.577" errors="0">
  <testcase name="basePageNavigation" time="35.577" classname="com.mkyong.busonfiscal.TestPagoEnEspecies"/>
</testsuite> <!-- com.mkyong.busonfiscal.TestPagoEnEspecies -->
