<?xml version="1.0" encoding="UTF-8"?>
<!-- Generated by org.testng.reporters.JUnitReportReporter -->
<testsuite skipped="0" hostname="Lisandro-Silva.local" name="com.mkyong.buson.jes.detail.TestPagoEnEspeciesJesDetail" tests="1" failures="0" timestamp="04 Mar 2020 18:14:24 GMT" time="65.616" errors="0">
  <testcase name="basePageNavigation" time="65.616" classname="com.mkyong.buson.jes.detail.TestPagoEnEspeciesJesDetail"/>
</testsuite> <!-- com.mkyong.buson.jes.detail.TestPagoEnEspeciesJesDetail -->
