<?xml version="1.0" encoding="UTF-8"?>
<!-- Generated by org.testng.reporters.JUnitReportReporter -->
<testsuite skipped="0" hostname="Lisandro-Silva.local" name="com.mkyong.busongratuito.TestComercioExteriorGratuito" tests="1" failures="0" timestamp="18 Feb 2020 19:15:32 GMT" time="9.252" errors="1">
  <testcase name="basePageNavigation" time="9.252" classname="com.mkyong.busongratuito.TestComercioExteriorGratuito">
    <error type="org.openqa.selenium.ElementNotInteractableException" message="Element &lt;img class=&quot;mCS_img_loaded&quot; src=&quot;data:image/png;base64,/9j/4AAQSkZJRgABAQEASABIAAD/2wBDAAMCAgMCAgMDAwMEAwMEBQgFBQQEBQoHBwYIDAoMDAsKCwsNDhIQDQ4RDgsLEBYQERMUFRUVDA8XGBYUGBIUFRT/2wBDAQMEBAUEBQkFBQkUDQsNFBQUFBQUFBQUFBQUFBQUFBQUFBQUFBQUFBQUFBQUFBQUFBQUFBQUFBQUFBQUFBQUFBT/wAARCADwAUgDAREAAhEBAxEB/8QAHgABAAEFAQEBAQAAAAAAAAAAAAcBBQYICQMKAgT/xABLEAABAgQCBwUEBQcICwAAAAAAAQIDBAUGBxEIEhkhMVHTE0FXlJUJGFVWFCIyYZEVFjhScbTUI0JDRmNydqEXJzM0REVic4GCwf/EABwBAQACAwEBAQAAAAAAAAAAAAAGBwMEBQgBAv/EAEIRAQABAgIDCwoEBAYDAAAAAAABAgMEBQYRMRIVIUFRUmGBktHSExYXU1RxkaGxwSKi4fAHFDJCIyQ0YnKyNoLC/9oADAMBAAIRAxEAPwDqmAAAAAAAAAAAAAAAAAAAAAAAAAAAAAAAAAAAAAAAAAAAAAAAAAAAAAAAAAAAAAAAAAAAAAAAAAAAAAAAAAAAAAAAAAAAAAAAAAAAAAAAAAAAAAAAAAAAAAAAAAAAAAAAAAAAAAAAAAAAAAAAAAAAAAAAAAAAAAAAAAAAAAAAAAAAAAAAAAAAAAAAAAAAAAAAAAAAAAAAAAAAAAAAAAAAAAAAAAAAAAAAAAAAAAAAAAAAAAAAAAAAAAAAAAAAAAAAAAAAAAAAAAAAAAAAAAAAAAAAAAAAAAAAAAAAAAAAAAAAAAAAAAAAAAAAAAAAAAAAAAAAAAAAAAAAAAAAAAAAAAAAAAAAAAAAAAAAAAAAAAAAAAAAAAAAAAAAAAAAAAAAAAAAAAAAAAAAAAAAAAAAAAAAAAAAAAAAAAAAAAAAAAAAAAAAAAAAAAAAAAAAAAAAAAAAAAAAAAAAAAAAAAAAAAAAAAAAAAAAAAAAAAAAAAAAAAAAAAAAAAAAAAAAUVyIqIqoiruT7wKgAAAAAAAAAAAAAAAAAAAAAAAAAAAAAAAAAAwHGDHWx8A6HKVm/K0tApU1H+iwpx8pHjQ+11VcjHLCY7VVURctbLPJcgIj2lOjZ4oyXp870AG0p0bPFGS9PnegA2lOjZ4oyXp870AG0p0bPFGS9PnegA2lOjZ4oyXp870AG0p0bPFGS9PnegA2lOjZ4oyXp870AG0p0bPFGS9PnegBdrU0/sA75uWmW/QMQINWrVSmGSspJS9NnVfGiOXJrU/kck/auSImaqqIgHtVMdaK7GO4Y8/U2yNmWFSnPqM9k50NZ2PFZDRMmoqrqNR7EyT7T3cjgRjqLuMrjX+C1HDPTM/bZ79az6dHMRYyGxNNGvEYyv8ADTwa/J0RM8fOmYn3RD3XTlwNT+v8r5Oa6Ru75YXnx83K8x9IfZZ7VPiPfmwN+f5Xyc10hvlhefHzPMfSH2We1T4j35sDfn+V8nNdIb5YXnx8zzH0h9lntU+I9+bA35/lfJzXSG+WF58fM8x9IfZZ7VPiPfmwN+f5Xyc10hvlhefHzPMfSH2We1T4kr2Jf1AxNtmVuG2aiyq0aaV7YM1DY9iPVjla7c9EXc5qpvTuN21dovU7uidcIpjsBicsxFWFxdG5rjVrjgnbGuNmuNjIDK0AAAAAAAAAAAAAAAAAAAAAAAAAAAMWxPw0t7GCw6zZ90yDajQ6tAWBMQF3KicWvav817VRHNcm9FRFA+efSv0Z7h0V8Wp+06v2k1Tn5zFJq2pqsnpVVya9O5Hp9l7e5yclRVCGdZeagNZeagNZeagNZeagNZeagNZeagVYj4jka3NXKuSIgHTHRcwJXRHsFL9uWB2eMFxybmUanRk+vb8jETJ0xEav2ZiIm5G8WpuXi9CK55m9OAt+RtT/AIlWzojl7v0WXoVovVnmKjEYmP8AL0Tw/wC6ebH/ANckcG2V9xPqDrE0UPo73uSp4gV7tVR7vrPkZPfrL3rnGci59+ZH8DRNnL91O25V8o/VfNcxmOlEU0/0YS3q91dzi6qIam6y81P0nhrLzUBrLzUBrLzUAjlz4qB199n1+iraf/enf3qKTTLP9LT1/V5D0/8A/Ib/ALqP+kNjTqK7AAAAAAAAAAAAAAAAAAAAAAAAAAAAQZpgaLND0r8JZu2Z9YclXJXWmaLVlZm6Tmcu/LesN+SNe3vTJU3taqBy82M2OfxeyvUpj+HAs16eyQxnsSzq7ctRqtoPp9GkI9RmGy9QjuiLDhQ3RHo1FgIiuyauSKqb+8DSYAAAuVuW3VbvrklRqJTpqrVadiJBlpKShOixoz14Na1qKqqB0q0cdD2iaLUGTvPEiXk7ixURqR6XbOskaUobuLY0y5N0SOnFrE3NXeiquTmw/O9IbOWRNm1+K7PFxR01d22fcnmjei1/OrkXb2uizG2eOrop+87I6Z4GbNpldxdv+Xku3iT1arEyjXzETeqZ/aevJrGoq5cERuRV2Gpv5nioiZ3Vdc7fv7oh6Xm9g9Hsuqu7mKbVqnZHyj31TwdMzrSBpI6EmJOLV405LfmrfkrSoVOg0qky01ORGxUhsTN8R7WwlRHPerlXeu5Gls3ssu1TTTb1bmmIiP3qVPo/pzleW2LleLprqv3aqq65iI1a5ngiNdWyIRLsxMWfiVr+ejdE196sRyx8f0Sr0m5LzLnZp8RsxMWfiVr+ejdEb1Yjlj4/oek3JeZc7NPiNmJiz8Stfz0bojerEcsfH9D0m5LzLnZp8RsxMWfiVr+ejdEb1Yjlj4/oek3JeZc7NPiNmJiz8Stfz0bojerEcsfH9D0m5LzLnZp8TfXRXwqrGC2CNDtGvRZSNU5KJMOivkYjnwlR8d725K5rV4OTPdxJHg7NWHsxbr2wobSnNbGdZtdxuGiYoq3OrXwTwUxHFM8iWzdRMAAAAAAAAAAAAAAAAAAAAAAAAAAAAAARvpKfo64pf4Vqv7pFA+Z9eIH6hw3xXtYxquc5ckREzVV5AbbYD+zbxGxPlZavXi6HhhZr8n/lCuw1SbmG/wBhKbnuVU4K/URc80VTnY7MMJltry2LuRRT0/aNsz0Q28NhL+MueSw9E1T0ffk629eG1hWBo00WLTcLKK+WqkaH2U5d9WRsWqTSd6MXLKCxf1WInBM0z3lOZtp1cxWuzlkTRTzp/qn3Rxe+eH3LayXQ61amL2YTup5sbOueP3bPex+sviTMZznOfFixHZqqqrnPcv8Amqqv/lSE2pqrq1zwzPzXHh4popiI4IjqiI+0M1pmKtm6HMeUmrwkpyrXxWZftPyZTkhuiUuUXJW9rruRGviLvy45Ny/bcWS4WjJqIu4mnXdrjZzY6emeP4IHmmGx2nG6sZdXFOGtT/VVr1XK+PVqidcU8XFrnX7r1tTrA+U7l/CX6hKd+LXMn5d6N+i3M/X2/wA3cbU6wPlO5fwl+oN+LXMn5d56Lcz9fb/N3G1OsD5TuX8JfqDfi1zJ+Xeei3M/X2/zdxtTrA+U7l/CX6g34tcyfl3notzP19v83cbU6wPlO5fwl+oN+LXMn5d56Lcz9fb/ADdyu1OsBf6p3L+Ev1Bvxa5k/LvPRbmfr7f5u5s1gvimmMtiyl1QaDUaBITqqspCqeokWPC7oqIxVyaq55Z71RM+Coq9bD3v5i3FzczETyqzznK958XVg6rtNdVO3c69UTycOrhjj5Nm1nZsuGAAAAAAAAAAAAAAAAAAAAAAUzAZgVAAAAACONJP9HXFL/CtU/dIoHEHRi9n7fukPKQLin3w7HsFyoq3DVoa5zLe9JWDudGX/qzazj9ZVTI52PzHCZXYnE425FFEcc/SOOZ6I4WezYuYiuLdqnXLo3hDo64U6NUGDFsi2mVW5YafWuy4mtmZxHc4LMtSD35aqIuXHMoLOv4p1XJmzk1vVHPqjh6qfvVr9yd5fozTOqvGVa+iPvPd8V9uOqzlZmnTM9NRZuOv9JFdrKn3JyT7kKpu47FZhem/i7k11TxzOv4ckdELMweHtYajydmmKY6FgkbdqVz1FsjSpKLPTTv6OE3PVTm5eDU+9SRZZgsRj7kWcNRNVXR9+KI6ZdW7jMPgbXlsTXFNPT9uOepieJWNdpaOPbS9JjyV54nNRWsWEva06iv4azl4RYyfqpwXjl33TlmUWcn1Xbsxcv8A5aO+WvhsFj9KYiK4mxg+PXwV3I5P9tM/Pp4tHrjuOp3dXJ6s1mejVKqTsVY0xNTDtZ8R68VVf/nBERETch06qpqmaqp1zK3MNhrODs02LFMU0UxqiI2RC2n5bIAAAANl9CjRZjY83n+WK1LubZFHitWbcuaJOxtytlmry4K9U4NyTcrkOngcJOKr11f0xt6ejvVpprpRTkWF/l8PP+Pcjg/2xzp+3LPudb5aWhScvCgQITIMGE1GMhw2o1rGomSIiJwRE3ZE0iIjgh5Mqqqrqmqqdcy9T6/IAAAAAAAAAAAAAAAAAAAADnp7VfSkxO0cqlhtCw8uZ1vw6tCqDp1Ek5eP2qw3QEZ/tWOyy13cMuIGhG090lvEl/pEj0AK7TzSWcip/pJem5d6UiQ6AHd7DiuRLmw+tmrxZhs3EqFLlZt0w1ERIqxILHq5Mt2S557uYGRgAAACwXzM0yHbU9LVWVhVGTnYL5aJIxmo5kwx7VRzHIu5Wqiqi59xEdJtI8NozgZxd/hqngpp46quToiNszxR06ob2DwteMuxbp2cc8iDa5U41Riw+01WQYTUhwZeE1GQoLE3IxjU3NREREPFudZ9j8/xM4nHV654o/tpjkpji+s8crUwOFtYS3uLUavrPvW6TtypXDF7OnykSYVPtPRMmM/vOXchnyXJMxzi5uMDZmvlnij31TwR8W9dxuHwdO6v1xH16o2o4xBxcwqwnWLDuC5PzprUP/kVsOSLqu5RZj7DN+5URdZOSl35ZoLhsJqrzS9u6uZRs66p+2r3utgsPnWbR/krHkqJ/vucHZp2z0a+BrBizpn3hftPj0K3YECw7ViZtdTqM5UjR2/20xue/duVE1UXvRSxbc28Na/l8JRFujkp4/fO2U9yzQ/B4S5GKxtU370f3V7I/wCNOyPnq4mF6N+D8DHbFql2dM1OJSIM5CmIizUGCkVzOzhOfkjVVE36uXEzYaxGIuxa16tet1tJM4qyLLa8dRRu5pmODXq2zEbW5WynoviFUPS4fUO5vNHrJ+EKc9KmI9kjtT3GynoviFUPS4fUG80esn4QelTEeyR2p7jZT0XxCqHpcPqDeaPWT8IPSpiPZI7U9xsp6L4hVD0uH1BvNHrJ+EHpUxHskdqe42U9F8Qqh6XD6g3mj1k/CD0qYj2SO1Pcqnsp6Kip/rCqHpkPqDeaPWT8IfPSpiPZI7U9zcvDjDyiYV2ZS7Yt+USUplPhJDY3i568XPeve5y5uVe9VO7atU2aIt0bIU5mOYYjNMVXjMVVrrqnX3RHRGyGTGZzQAAAAAAAAAAAAAAAAAAAAADlj7cK3Z6LJ4TV1kJXU6BEqMlFipwZFekB7Gr+1sN6p/dUDlKAA2kwI9pHjRo/2jKWvR6nTa5QJJNSTkq9KLMfRmfqMiNcx6N5NVyonciIBKe2exw+A2R6dM/xIDbPY4fArI9Omf4kBtnscPgVkenTP8SBdbS9rzj3ed00egSFBshZ+qzkGRl0WnTO+JFiNY3/AInm5AOo19TcebnGwYsTtnwGpCzY3VRz8vrKjc1yzXu/YeMP4i5rczXP7mHp1zRZ/BTHT/dwcs1cHVCcZRbi1ZiqePhQljTjVZmj5LNS40dXbqjQ0iy1sycRGqxq/ZfMxN/ZtXlvVe5F35THR7QCxhaKcXnsbqueGLUTs/5zH/WOvXsTbKsux+kFUxgfwWYnVNyY+VEcc9Ozpho5i/pZYhYxNiSU9VPyNby5oyhUZFl5VG8noi60T/3VU5IhbflJptxZtRFFuNlNMaojqhcOUaKZZlExdoo3d3n1/iq6uKOrUhrMxJiAZrg7izWMEr9kbtoMGTmKlKQ4sOGyehufCVIjFY7NGuavBVy3mazdqsXIuUbYcXOMpsZ3g6sFiZmKatWzVE8E6+OJbE7T7Ff4Tavko/XOnvtiOSP31q89GOTesudqnwm0+xX+E2r5KP1xvtiOSP31noxyb1lztU+E2n2K/wAJtXyUfrjfbEckfvrPRjk3rLnap8JtPsV/hNq+Sj9cb7Yjkj99Z6Mcm9Zc7VPhNp9iv8JtXyUfrjfbEckfvrPRjk3rLnap8JtPsV/hNq+Sj9cb7Yjkj99Z6Mcm9Zc7VPhVb7TzFh7kRKRayqu5ESSj9Yb7Yjkj595P8Msljh8pc7VPhdBcBKrf9wYeyVXxGlqdTq7P5R2U6nS74X0WCqJqNiaz3KsReKpuyzROKKSTDVXq7cVXo1TPE8/Z9ay3D42qxlU1VW6eDdVTE6545jVEcHJy7Ujm2joAAAAAAAAAAAAAAAAAAAACMtI3AO3tJXCar2NcevCl5tEiy07BRFiycyzNYcZiLxVqqqKn85qub3gcFdI/Q4xM0ZK7MwLooUaPQ0iK2WuKQhuiyEw3PcvaIn8m5f1H6rk+9N6hB+qvL8AKZLyUBkvJQGS8lAZLyUCddBemQ6ppe4SwYzUcxtwS0bJU3Zw1WIn+bUA7T6QuLMHA/Dqt3m5kOPV1jfQaPLxUza+cfmqPVO9rGo5689XLvPMWhuU04jMsZpDiqde5u1xbiefNUzNX/rE8HTr44hZmRZZVnWLtZdE6qNW6rmObHF1zwOSFfr1RuitTtXq85Gn6lOxXR5iamHaz4r1XNXKpa1VUzM1VTwy9WYfD2sJapsWKYpppjVERsiErYD6KN949VOXWmU6LTLfVydvXp6G5kuxvfqZ5LFdya3vyzVqbzbw+Eu4mfwRqjl4v1RTPtK8uyG3Pla91c4qInh6+bHTPVrYbjPZsnh9ivdls058WLJUipRpKDEjrm97WO1Uc5UREzXLMwXqIt3arcbInU7OS4y5mGXWMXd1RVXTFU6tnDGthmS8lMTtGS8lAZLyUBkvJQGS8lAZLyUBkvJQGqvJQN5fZ9aJ/5zz8tiddslnSJSJrUWTjt3TUZq/7w5F4sYqfV5uTPg3f3ctwflJ8vcjgjZ09Kjf4gaV/y1E5Rgqvx1f1zHFE/wBvvnj5I4OPg6SImSErecVQAAAAAAAAAAAAAAAAAAAAAAHlMysGcgRIEeEyNBiNVr4cRqOa5F4oqLuVAIRvLQdwGv2afM1jCy3XTD11nxZKWWSe9earAVma/tAxjZraNnhdJeozvWAbNbRs8LpL1Gd6wDZraNnhdJeozvWAbNbRs8LpL1Gd6wF7snQLwGw5uylXNbmHsrS65S46TMnOQ56bcsKImeTtV0VWrxXcqKgGf3/gXZeLNNp8neNDZWoMjFixpeG+PFhox7/tL9Rzc1yRE355EXyjJbOBwVOGuU69VVdXXXXVV90gwOe4/KrlVzA3NxNURE8ETwR74la7V0WsJrLjsj0mwaJCjs3sjTEv9JiNXmjoquVFO3RgsPbnXTRDYxWlGdY2NzexVcxyRO5j4U6kow4TITGsY1GsamSNRMkROSG6jEzMzrlDty6HuD933BUa3V7Kl52qVCO+Zmph03MNWJEcubnZNiIiZryRENCvAYa5VNdVHDPvTDDaX55g7NGHsYmYopiIiNVPBEdS2+41gb8gSvnZrqn43twnM+rZ8+NIfap7NPhPcawN+QJXzs11RvbhOZ9Tz40h9qns0+E9xrA35AlfOzXVG9uE5n1PPjSH2qezT4T3GsDfkCV87NdUb24TmfU8+NIfap7NPhPcawN+QJXzs11RvbhOZ9Tz40h9qns0+E9xrA35AlfOzXVG9uE5n1PPjSH2qezT4T3GsDfkCV87NdUb24TmfU8+NIfap7NPhPcawN+QJXzs11RvbhOZ9Xzz40h9qns0+FNtMpkpRqdKyEjLw5SSlYTYMCBBajWQ2NTJrWonBERETI6MRFMao2IVcuV3q6rlyddUzrmZ2zMv6j6xgAAAAAAAAAAAAAAAAAAAAAAAAAAAAAAAAAAAAAAAAAAAAAAAAAAAAAAAAAAAAAAAAAAAAAAAAAAAAAAAAAAAAAAAAAAAAAAAAAAAAAAAAAAAAAAAAAAAAAAAAAAAAAAAAAAAAAAAAAAAAAAAAAAAAAAAAAAAAAAAAAAAAAAAAAAAAAAAAAAAAAAAAAAAAAAAAAAAAAAAAAAAAAAAAAAAAAAAAAAAAAAAAAAAAAAAAAAAAAAAAAAAAAAAAAAAAAAAAAAAAAAAAAAAAAAAAAAAAAAAAAAAAAAAAAAAAAAAAAAAAAAAAAAAAAAAAAAAAAAAAAAAAAAAAAAAAAAAAAAAAAAAAAAAAAAAAAAAAAAAAAAAAAAAAAAAAAAAAAAAAAAAAAAAAAAAAAAAAAAAAAAAAAAAAAAAAAAAAAAAAAAAAAAAAAAAAAAAAAAAAAAAAAAAAAAAAAAAAAAAAAAAAAAAAAAAAAAAAAAAAAAAAAAAAf/Z&quot;&gt; could not be scrolled into view
Build info: version: &#039;3.141.59&#039;, revision: &#039;e82be7d358&#039;, time: &#039;2018-11-14T08:17:03&#039;
System info: host: &#039;Lisandro-Silva.local&#039;, ip: &#039;127.0.0.1&#039;, os.name: &#039;Mac OS X&#039;, os.arch: &#039;x86_64&#039;, os.version: &#039;10.15.2&#039;, java.version: &#039;1.8.0_112&#039;
Driver info: org.openqa.selenium.firefox.FirefoxDriver
Capabilities {acceptInsecureCerts: true, browserName: firefox, browserVersion: 72.0.2, javascriptEnabled: true, moz:accessibilityChecks: false, moz:buildID: 20200117190643, moz:geckodriverVersion: 0.26.0, moz:headless: false, moz:processID: 3494, moz:profile: /var/folders/zd/xs0gg_pd749..., moz:shutdownTimeout: 60000, moz:useNonSpecCompliantPointerOrigin: false, moz:webdriverClick: true, pageLoadStrategy: normal, platform: MAC, platformName: MAC, platformVersion: 19.2.0, rotatable: false, setWindowRect: true, strictFileInteractability: false, timeouts: {implicit: 0, pageLoad: 300000, script: 30000}, unhandledPromptBehavior: dismiss and notify}
Session ID: b8bfbbee-8a90-f643-9df4-cf85c6882243">
      <![CDATA[org.openqa.selenium.ElementNotInteractableException: Element <img class="mCS_img_loaded" src="data:image/png;base64,/9j/4AAQSkZJRgABAQEASABIAAD/2wBDAAMCAgMCAgMDAwMEAwMEBQgFBQQEBQoHBwYIDAoMDAsKCwsNDhIQDQ4RDgsLEBYQERMUFRUVDA8XGBYUGBIUFRT/2wBDAQMEBAUEBQkFBQkUDQsNFBQUFBQUFBQUFBQUFBQUFBQUFBQUFBQUFBQUFBQUFBQUFBQUFBQUFBQUFBQUFBQUFBT/wAARCADwAUgDAREAAhEBAxEB/8QAHgABAAEFAQEBAQAAAAAAAAAAAAcBBQYICQMKAgT/xABLEAABAgQCBwUEBQcICwAAAAAAAQIDBAUGBxEIEhkhMVHTE0FXlJUJGFVWFCIyYZEVFjhScbTUI0JDRmNydqEXJzM0REVic4GCwf/EABwBAQACAwEBAQAAAAAAAAAAAAAGBwMEBQgBAv/EAEIRAQABAgIDCwoEBAYDAAAAAAABAgMEBQYRMRIVIUFRUmGBktHSExYXU1RxkaGxwSKi4fAHFDJCIyQ0YnKyNoLC/9oADAMBAAIRAxEAPwDqmAAAAAAAAAAAAAAAAAAAAAAAAAAAAAAAAAAAAAAAAAAAAAAAAAAAAAAAAAAAAAAAAAAAAAAAAAAAAAAAAAAAAAAAAAAAAAAAAAAAAAAAAAAAAAAAAAAAAAAAAAAAAAAAAAAAAAAAAAAAAAAAAAAAAAAAAAAAAAAAAAAAAAAAAAAAAAAAAAAAAAAAAAAAAAAAAAAAAAAAAAAAAAAAAAAAAAAAAAAAAAAAAAAAAAAAAAAAAAAAAAAAAAAAAAAAAAAAAAAAAAAAAAAAAAAAAAAAAAAAAAAAAAAAAAAAAAAAAAAAAAAAAAAAAAAAAAAAAAAAAAAAAAAAAAAAAAAAAAAAAAAAAAAAAAAAAAAAAAAAAAAAAAAAAAAAAAAAAAAAAAAAAAAAAAAAAAAAAAAAAAAAAAAAAAAAAAAAAAAAAAAAAAAAAAAAAAAAAAAAAAAAAAAAAAAAAAAAAAAAAAAAAAAAAAAAAAAAAAAAAAAAAAAAAAAAAAAAAAAAAAAAAAAAUVyIqIqoiruT7wKgAAAAAAAAAAAAAAAAAAAAAAAAAAAAAAAAAAwHGDHWx8A6HKVm/K0tApU1H+iwpx8pHjQ+11VcjHLCY7VVURctbLPJcgIj2lOjZ4oyXp870AG0p0bPFGS9PnegA2lOjZ4oyXp870AG0p0bPFGS9PnegA2lOjZ4oyXp870AG0p0bPFGS9PnegA2lOjZ4oyXp870AG0p0bPFGS9PnegBdrU0/sA75uWmW/QMQINWrVSmGSspJS9NnVfGiOXJrU/kck/auSImaqqIgHtVMdaK7GO4Y8/U2yNmWFSnPqM9k50NZ2PFZDRMmoqrqNR7EyT7T3cjgRjqLuMrjX+C1HDPTM/bZ79az6dHMRYyGxNNGvEYyv8ADTwa/J0RM8fOmYn3RD3XTlwNT+v8r5Oa6Ru75YXnx83K8x9IfZZ7VPiPfmwN+f5Xyc10hvlhefHzPMfSH2We1T4j35sDfn+V8nNdIb5YXnx8zzH0h9lntU+I9+bA35/lfJzXSG+WF58fM8x9IfZZ7VPiPfmwN+f5Xyc10hvlhefHzPMfSH2We1T4kr2Jf1AxNtmVuG2aiyq0aaV7YM1DY9iPVjla7c9EXc5qpvTuN21dovU7uidcIpjsBicsxFWFxdG5rjVrjgnbGuNmuNjIDK0AAAAAAAAAAAAAAAAAAAAAAAAAAAMWxPw0t7GCw6zZ90yDajQ6tAWBMQF3KicWvav817VRHNcm9FRFA+efSv0Z7h0V8Wp+06v2k1Tn5zFJq2pqsnpVVya9O5Hp9l7e5yclRVCGdZeagNZeagNZeagNZeagNZeagNZeagVYj4jka3NXKuSIgHTHRcwJXRHsFL9uWB2eMFxybmUanRk+vb8jETJ0xEav2ZiIm5G8WpuXi9CK55m9OAt+RtT/AIlWzojl7v0WXoVovVnmKjEYmP8AL0Tw/wC6ebH/ANckcG2V9xPqDrE0UPo73uSp4gV7tVR7vrPkZPfrL3rnGci59+ZH8DRNnL91O25V8o/VfNcxmOlEU0/0YS3q91dzi6qIam6y81P0nhrLzUBrLzUBrLzUAjlz4qB199n1+iraf/enf3qKTTLP9LT1/V5D0/8A/Ib/ALqP+kNjTqK7AAAAAAAAAAAAAAAAAAAAAAAAAAAAQZpgaLND0r8JZu2Z9YclXJXWmaLVlZm6Tmcu/LesN+SNe3vTJU3taqBy82M2OfxeyvUpj+HAs16eyQxnsSzq7ctRqtoPp9GkI9RmGy9QjuiLDhQ3RHo1FgIiuyauSKqb+8DSYAAAuVuW3VbvrklRqJTpqrVadiJBlpKShOixoz14Na1qKqqB0q0cdD2iaLUGTvPEiXk7ixURqR6XbOskaUobuLY0y5N0SOnFrE3NXeiquTmw/O9IbOWRNm1+K7PFxR01d22fcnmjei1/OrkXb2uizG2eOrop+87I6Z4GbNpldxdv+Xku3iT1arEyjXzETeqZ/aevJrGoq5cERuRV2Gpv5nioiZ3Vdc7fv7oh6Xm9g9Hsuqu7mKbVqnZHyj31TwdMzrSBpI6EmJOLV405LfmrfkrSoVOg0qky01ORGxUhsTN8R7WwlRHPerlXeu5Gls3ssu1TTTb1bmmIiP3qVPo/pzleW2LleLprqv3aqq65iI1a5ngiNdWyIRLsxMWfiVr+ejdE196sRyx8f0Sr0m5LzLnZp8RsxMWfiVr+ejdEb1Yjlj4/oek3JeZc7NPiNmJiz8Stfz0bojerEcsfH9D0m5LzLnZp8RsxMWfiVr+ejdEb1Yjlj4/oek3JeZc7NPiNmJiz8Stfz0bojerEcsfH9D0m5LzLnZp8TfXRXwqrGC2CNDtGvRZSNU5KJMOivkYjnwlR8d725K5rV4OTPdxJHg7NWHsxbr2wobSnNbGdZtdxuGiYoq3OrXwTwUxHFM8iWzdRMAAAAAAAAAAAAAAAAAAAAAAAAAAAAAARvpKfo64pf4Vqv7pFA+Z9eIH6hw3xXtYxquc5ckREzVV5AbbYD+zbxGxPlZavXi6HhhZr8n/lCuw1SbmG/wBhKbnuVU4K/URc80VTnY7MMJltry2LuRRT0/aNsz0Q28NhL+MueSw9E1T0ffk629eG1hWBo00WLTcLKK+WqkaH2U5d9WRsWqTSd6MXLKCxf1WInBM0z3lOZtp1cxWuzlkTRTzp/qn3Rxe+eH3LayXQ61amL2YTup5sbOueP3bPex+sviTMZznOfFixHZqqqrnPcv8Amqqv/lSE2pqrq1zwzPzXHh4popiI4IjqiI+0M1pmKtm6HMeUmrwkpyrXxWZftPyZTkhuiUuUXJW9rruRGviLvy45Ny/bcWS4WjJqIu4mnXdrjZzY6emeP4IHmmGx2nG6sZdXFOGtT/VVr1XK+PVqidcU8XFrnX7r1tTrA+U7l/CX6hKd+LXMn5d6N+i3M/X2/wA3cbU6wPlO5fwl+oN+LXMn5d56Lcz9fb/N3G1OsD5TuX8JfqDfi1zJ+Xeei3M/X2/zdxtTrA+U7l/CX6g34tcyfl3notzP19v83cbU6wPlO5fwl+oN+LXMn5d56Lcz9fb/ADdyu1OsBf6p3L+Ev1Bvxa5k/LvPRbmfr7f5u5s1gvimmMtiyl1QaDUaBITqqspCqeokWPC7oqIxVyaq55Z71RM+Coq9bD3v5i3FzczETyqzznK958XVg6rtNdVO3c69UTycOrhjj5Nm1nZsuGAAAAAAAAAAAAAAAAAAAAAAUzAZgVAAAAACONJP9HXFL/CtU/dIoHEHRi9n7fukPKQLin3w7HsFyoq3DVoa5zLe9JWDudGX/qzazj9ZVTI52PzHCZXYnE425FFEcc/SOOZ6I4WezYuYiuLdqnXLo3hDo64U6NUGDFsi2mVW5YafWuy4mtmZxHc4LMtSD35aqIuXHMoLOv4p1XJmzk1vVHPqjh6qfvVr9yd5fozTOqvGVa+iPvPd8V9uOqzlZmnTM9NRZuOv9JFdrKn3JyT7kKpu47FZhem/i7k11TxzOv4ckdELMweHtYajydmmKY6FgkbdqVz1FsjSpKLPTTv6OE3PVTm5eDU+9SRZZgsRj7kWcNRNVXR9+KI6ZdW7jMPgbXlsTXFNPT9uOepieJWNdpaOPbS9JjyV54nNRWsWEva06iv4azl4RYyfqpwXjl33TlmUWcn1Xbsxcv8A5aO+WvhsFj9KYiK4mxg+PXwV3I5P9tM/Pp4tHrjuOp3dXJ6s1mejVKqTsVY0xNTDtZ8R68VVf/nBERETch06qpqmaqp1zK3MNhrODs02LFMU0UxqiI2RC2n5bIAAAANl9CjRZjY83n+WK1LubZFHitWbcuaJOxtytlmry4K9U4NyTcrkOngcJOKr11f0xt6ejvVpprpRTkWF/l8PP+Pcjg/2xzp+3LPudb5aWhScvCgQITIMGE1GMhw2o1rGomSIiJwRE3ZE0iIjgh5Mqqqrqmqqdcy9T6/IAAAAAAAAAAAAAAAAAAAADnp7VfSkxO0cqlhtCw8uZ1vw6tCqDp1Ek5eP2qw3QEZ/tWOyy13cMuIGhG090lvEl/pEj0AK7TzSWcip/pJem5d6UiQ6AHd7DiuRLmw+tmrxZhs3EqFLlZt0w1ERIqxILHq5Mt2S557uYGRgAAACwXzM0yHbU9LVWVhVGTnYL5aJIxmo5kwx7VRzHIu5Wqiqi59xEdJtI8NozgZxd/hqngpp46quToiNszxR06ob2DwteMuxbp2cc8iDa5U41Riw+01WQYTUhwZeE1GQoLE3IxjU3NREREPFudZ9j8/xM4nHV654o/tpjkpji+s8crUwOFtYS3uLUavrPvW6TtypXDF7OnykSYVPtPRMmM/vOXchnyXJMxzi5uMDZmvlnij31TwR8W9dxuHwdO6v1xH16o2o4xBxcwqwnWLDuC5PzprUP/kVsOSLqu5RZj7DN+5URdZOSl35ZoLhsJqrzS9u6uZRs66p+2r3utgsPnWbR/krHkqJ/vucHZp2z0a+BrBizpn3hftPj0K3YECw7ViZtdTqM5UjR2/20xue/duVE1UXvRSxbc28Na/l8JRFujkp4/fO2U9yzQ/B4S5GKxtU370f3V7I/wCNOyPnq4mF6N+D8DHbFql2dM1OJSIM5CmIizUGCkVzOzhOfkjVVE36uXEzYaxGIuxa16tet1tJM4qyLLa8dRRu5pmODXq2zEbW5WynoviFUPS4fUO5vNHrJ+EKc9KmI9kjtT3GynoviFUPS4fUG80esn4QelTEeyR2p7jZT0XxCqHpcPqDeaPWT8IPSpiPZI7U9xsp6L4hVD0uH1BvNHrJ+EHpUxHskdqe42U9F8Qqh6XD6g3mj1k/CD0qYj2SO1Pcqnsp6Kip/rCqHpkPqDeaPWT8IfPSpiPZI7U9zcvDjDyiYV2ZS7Yt+USUplPhJDY3i568XPeve5y5uVe9VO7atU2aIt0bIU5mOYYjNMVXjMVVrrqnX3RHRGyGTGZzQAAAAAAAAAAAAAAAAAAAAADlj7cK3Z6LJ4TV1kJXU6BEqMlFipwZFekB7Gr+1sN6p/dUDlKAA2kwI9pHjRo/2jKWvR6nTa5QJJNSTkq9KLMfRmfqMiNcx6N5NVyonciIBKe2exw+A2R6dM/xIDbPY4fArI9Omf4kBtnscPgVkenTP8SBdbS9rzj3ed00egSFBshZ+qzkGRl0WnTO+JFiNY3/AInm5AOo19TcebnGwYsTtnwGpCzY3VRz8vrKjc1yzXu/YeMP4i5rczXP7mHp1zRZ/BTHT/dwcs1cHVCcZRbi1ZiqePhQljTjVZmj5LNS40dXbqjQ0iy1sycRGqxq/ZfMxN/ZtXlvVe5F35THR7QCxhaKcXnsbqueGLUTs/5zH/WOvXsTbKsux+kFUxgfwWYnVNyY+VEcc9Ozpho5i/pZYhYxNiSU9VPyNby5oyhUZFl5VG8noi60T/3VU5IhbflJptxZtRFFuNlNMaojqhcOUaKZZlExdoo3d3n1/iq6uKOrUhrMxJiAZrg7izWMEr9kbtoMGTmKlKQ4sOGyehufCVIjFY7NGuavBVy3mazdqsXIuUbYcXOMpsZ3g6sFiZmKatWzVE8E6+OJbE7T7Ff4Tavko/XOnvtiOSP31q89GOTesudqnwm0+xX+E2r5KP1xvtiOSP31noxyb1lztU+E2n2K/wAJtXyUfrjfbEckfvrPRjk3rLnap8JtPsV/hNq+Sj9cb7Yjkj99Z6Mcm9Zc7VPhNp9iv8JtXyUfrjfbEckfvrPRjk3rLnap8JtPsV/hNq+Sj9cb7Yjkj99Z6Mcm9Zc7VPhVb7TzFh7kRKRayqu5ESSj9Yb7Yjkj595P8Msljh8pc7VPhdBcBKrf9wYeyVXxGlqdTq7P5R2U6nS74X0WCqJqNiaz3KsReKpuyzROKKSTDVXq7cVXo1TPE8/Z9ay3D42qxlU1VW6eDdVTE6545jVEcHJy7Ujm2joAAAAAAAAAAAAAAAAAAAACMtI3AO3tJXCar2NcevCl5tEiy07BRFiycyzNYcZiLxVqqqKn85qub3gcFdI/Q4xM0ZK7MwLooUaPQ0iK2WuKQhuiyEw3PcvaIn8m5f1H6rk+9N6hB+qvL8AKZLyUBkvJQGS8lAZLyUCddBemQ6ppe4SwYzUcxtwS0bJU3Zw1WIn+bUA7T6QuLMHA/Dqt3m5kOPV1jfQaPLxUza+cfmqPVO9rGo5689XLvPMWhuU04jMsZpDiqde5u1xbiefNUzNX/rE8HTr44hZmRZZVnWLtZdE6qNW6rmObHF1zwOSFfr1RuitTtXq85Gn6lOxXR5iamHaz4r1XNXKpa1VUzM1VTwy9WYfD2sJapsWKYpppjVERsiErYD6KN949VOXWmU6LTLfVydvXp6G5kuxvfqZ5LFdya3vyzVqbzbw+Eu4mfwRqjl4v1RTPtK8uyG3Pla91c4qInh6+bHTPVrYbjPZsnh9ivdls058WLJUipRpKDEjrm97WO1Uc5UREzXLMwXqIt3arcbInU7OS4y5mGXWMXd1RVXTFU6tnDGthmS8lMTtGS8lAZLyUBkvJQGS8lAZLyUBkvJQGqvJQN5fZ9aJ/5zz8tiddslnSJSJrUWTjt3TUZq/7w5F4sYqfV5uTPg3f3ctwflJ8vcjgjZ09Kjf4gaV/y1E5Rgqvx1f1zHFE/wBvvnj5I4OPg6SImSErecVQAAAAAAAAAAAAAAAAAAAAAAHlMysGcgRIEeEyNBiNVr4cRqOa5F4oqLuVAIRvLQdwGv2afM1jCy3XTD11nxZKWWSe9earAVma/tAxjZraNnhdJeozvWAbNbRs8LpL1Gd6wDZraNnhdJeozvWAbNbRs8LpL1Gd6wF7snQLwGw5uylXNbmHsrS65S46TMnOQ56bcsKImeTtV0VWrxXcqKgGf3/gXZeLNNp8neNDZWoMjFixpeG+PFhox7/tL9Rzc1yRE355EXyjJbOBwVOGuU69VVdXXXXVV90gwOe4/KrlVzA3NxNURE8ETwR74la7V0WsJrLjsj0mwaJCjs3sjTEv9JiNXmjoquVFO3RgsPbnXTRDYxWlGdY2NzexVcxyRO5j4U6kow4TITGsY1GsamSNRMkROSG6jEzMzrlDty6HuD933BUa3V7Kl52qVCO+Zmph03MNWJEcubnZNiIiZryRENCvAYa5VNdVHDPvTDDaX55g7NGHsYmYopiIiNVPBEdS2+41gb8gSvnZrqn43twnM+rZ8+NIfap7NPhPcawN+QJXzs11RvbhOZ9Tz40h9qns0+E9xrA35AlfOzXVG9uE5n1PPjSH2qezT4T3GsDfkCV87NdUb24TmfU8+NIfap7NPhPcawN+QJXzs11RvbhOZ9Tz40h9qns0+E9xrA35AlfOzXVG9uE5n1PPjSH2qezT4T3GsDfkCV87NdUb24TmfU8+NIfap7NPhPcawN+QJXzs11RvbhOZ9Xzz40h9qns0+FNtMpkpRqdKyEjLw5SSlYTYMCBBajWQ2NTJrWonBERETI6MRFMao2IVcuV3q6rlyddUzrmZ2zMv6j6xgAAAAAAAAAAAAAAAAAAAAAAAAAAAAAAAAAAAAAAAAAAAAAAAAAAAAAAAAAAAAAAAAAAAAAAAAAAAAAAAAAAAAAAAAAAAAAAAAAAAAAAAAAAAAAAAAAAAAAAAAAAAAAAAAAAAAAAAAAAAAAAAAAAAAAAAAAAAAAAAAAAAAAAAAAAAAAAAAAAAAAAAAAAAAAAAAAAAAAAAAAAAAAAAAAAAAAAAAAAAAAAAAAAAAAAAAAAAAAAAAAAAAAAAAAAAAAAAAAAAAAAAAAAAAAAAAAAAAAAAAAAAAAAAAAAAAAAAAAAAAAAAAAAAAAAAAAAAAAAAAAAAAAAAAAAAAAAAAAAAAAAAAAAAAAAAAAAAAAAAAAAAAAAAAAAAAAAAAAAAAAAAAAAAAAAAAAAAAAAAAAAAAAAAAAAAAAAAAAAAAAAAAAAAAAAAAAAAAAAAAAAAAAAAAAAAAAAAAAAAAAAAAAAAAAAAAAAAAAAAAAAAAAAAAf/Z"> could not be scrolled into view
Build info: version: '3.141.59', revision: 'e82be7d358', time: '2018-11-14T08:17:03'
System info: host: 'Lisandro-Silva.local', ip: '127.0.0.1', os.name: 'Mac OS X', os.arch: 'x86_64', os.version: '10.15.2', java.version: '1.8.0_112'
Driver info: org.openqa.selenium.firefox.FirefoxDriver
Capabilities {acceptInsecureCerts: true, browserName: firefox, browserVersion: 72.0.2, javascriptEnabled: true, moz:accessibilityChecks: false, moz:buildID: 20200117190643, moz:geckodriverVersion: 0.26.0, moz:headless: false, moz:processID: 3494, moz:profile: /var/folders/zd/xs0gg_pd749..., moz:shutdownTimeout: 60000, moz:useNonSpecCompliantPointerOrigin: false, moz:webdriverClick: true, pageLoadStrategy: normal, platform: MAC, platformName: MAC, platformVersion: 19.2.0, rotatable: false, setWindowRect: true, strictFileInteractability: false, timeouts: {implicit: 0, pageLoad: 300000, script: 30000}, unhandledPromptBehavior: dismiss and notify}
Session ID: b8bfbbee-8a90-f643-9df4-cf85c6882243
at sun.reflect.NativeConstructorAccessorImpl.newInstance0(Native Method)
at sun.reflect.NativeConstructorAccessorImpl.newInstance(NativeConstructorAccessorImpl.java:62)
at sun.reflect.DelegatingConstructorAccessorImpl.newInstance(DelegatingConstructorAccessorImpl.java:45)
at java.lang.reflect.Constructor.newInstance(Constructor.java:423)
at org.openqa.selenium.remote.http.W3CHttpResponseCodec.createException(W3CHttpResponseCodec.java:187)
at org.openqa.selenium.remote.http.W3CHttpResponseCodec.decode(W3CHttpResponseCodec.java:122)
at org.openqa.selenium.remote.http.W3CHttpResponseCodec.decode(W3CHttpResponseCodec.java:49)
at org.openqa.selenium.remote.HttpCommandExecutor.execute(HttpCommandExecutor.java:158)
at org.openqa.selenium.remote.service.DriverCommandExecutor.execute(DriverCommandExecutor.java:83)
at org.openqa.selenium.remote.RemoteWebDriver.execute(RemoteWebDriver.java:552)
at org.openqa.selenium.remote.RemoteWebElement.execute(RemoteWebElement.java:285)
at org.openqa.selenium.remote.RemoteWebElement.click(RemoteWebElement.java:84)
at com.mkyong.busongratuito.TestComercioExteriorGratuito.basePageNavigation(TestComercioExteriorGratuito.java:45)
at sun.reflect.NativeMethodAccessorImpl.invoke0(Native Method)
at sun.reflect.NativeMethodAccessorImpl.invoke(NativeMethodAccessorImpl.java:62)
at sun.reflect.DelegatingMethodAccessorImpl.invoke(DelegatingMethodAccessorImpl.java:43)
at java.lang.reflect.Method.invoke(Method.java:498)
at org.testng.internal.MethodInvocationHelper.invokeMethod(MethodInvocationHelper.java:124)
at org.testng.internal.Invoker.invokeMethod(Invoker.java:583)
at org.testng.internal.Invoker.invokeTestMethod(Invoker.java:719)
at org.testng.internal.Invoker.invokeTestMethods(Invoker.java:989)
at org.testng.internal.TestMethodWorker.invokeTestMethods(TestMethodWorker.java:125)
at org.testng.internal.TestMethodWorker.run(TestMethodWorker.java:109)
at org.testng.TestRunner.privateRun(TestRunner.java:648)
at org.testng.TestRunner.run(TestRunner.java:505)
at org.testng.SuiteRunner.runTest(SuiteRunner.java:455)
at org.testng.SuiteRunner.runSequentially(SuiteRunner.java:450)
at org.testng.SuiteRunner.privateRun(SuiteRunner.java:415)
at org.testng.SuiteRunner.run(SuiteRunner.java:364)
at org.testng.SuiteRunnerWorker.runSuite(SuiteRunnerWorker.java:52)
at org.testng.SuiteRunnerWorker.run(SuiteRunnerWorker.java:84)
at org.testng.TestNG.runSuitesSequentially(TestNG.java:1208)
at org.testng.TestNG.runSuitesLocally(TestNG.java:1137)
at org.testng.TestNG.runSuites(TestNG.java:1049)
at org.testng.TestNG.run(TestNG.java:1017)
at org.testng.remote.AbstractRemoteTestNG.run(AbstractRemoteTestNG.java:115)
at org.testng.remote.RemoteTestNG.initAndRun(RemoteTestNG.java:251)
at org.testng.remote.RemoteTestNG.main(RemoteTestNG.java:77)
]]>
    </error>
  </testcase> <!-- basePageNavigation -->
</testsuite> <!-- com.mkyong.busongratuito.TestComercioExteriorGratuito -->
