<?xml version="1.0" encoding="UTF-8"?>
<!-- Generated by org.testng.reporters.JUnitReportReporter -->
<testsuite skipped="0" hostname="Lisandro-Silva.local" name="com.mkyong.busongratis.TestNotaDeCreditoGratis" tests="1" failures="0" timestamp="04 Mar 2020 16:50:41 GMT" time="35.947" errors="0">
  <testcase name="basePageNavigation" time="35.947" classname="com.mkyong.busongratis.TestNotaDeCreditoGratis"/>
</testsuite> <!-- com.mkyong.busongratis.TestNotaDeCreditoGratis -->
