<?xml version="1.0" encoding="UTF-8"?>
<!-- Generated by org.testng.reporters.JUnitReportReporter -->
<testsuite skipped="0" hostname="Lisandro-Silva.local" name="com.mkyong.busonfiscal.EmailTest" tests="1" failures="0" timestamp="19 May 2020 15:25:14 GMT" time="1.116" errors="0">
  <testcase name="correoSimples" time="1.116" classname="com.mkyong.busonfiscal.EmailTest"/>
</testsuite> <!-- com.mkyong.busonfiscal.EmailTest -->
