<?xml version="1.0" encoding="UTF-8"?>
<!-- Generated by org.testng.reporters.JUnitReportReporter -->
<testsuite skipped="0" hostname="Lisandro-Silva.local" name="com.mkyong.busonfiscal.TestBusquedaReportes13" tests="1" failures="0" timestamp="07 Apr 2020 14:27:23 GMT" time="15.064" errors="0">
  <testcase name="basePageNavigation" time="15.064" classname="com.mkyong.busonfiscal.TestBusquedaReportes13"/>
</testsuite> <!-- com.mkyong.busonfiscal.TestBusquedaReportes13 -->
