<?xml version="1.0" encoding="UTF-8"?>
<!-- Generated by org.testng.reporters.JUnitReportReporter -->
<testsuite skipped="0" hostname="Lisandro-Silva.local" name="com.mkyong.conector.jes.detail.TestFacturaBasicaJesDetail" tests="1" failures="0" timestamp="09 Apr 2020 14:47:12 GMT" time="78.350" errors="0">
  <testcase name="basePageNavigation" time="78.350" classname="com.mkyong.conector.jes.detail.TestFacturaBasicaJesDetail"/>
</testsuite> <!-- com.mkyong.conector.jes.detail.TestFacturaBasicaJesDetail -->
