<?xml version="1.0" encoding="UTF-8"?>
<!-- Generated by org.testng.reporters.JUnitReportReporter -->
<testsuite skipped="0" hostname="Lisandro-Silva.local" name="com.mkyong.buson.jes.TestPersonasFisicasIntegranteDeCoordinacionJes" tests="1" failures="0" timestamp="04 Mar 2020 17:46:59 GMT" time="32.594" errors="0">
  <testcase name="basePageNavigation" time="32.594" classname="com.mkyong.buson.jes.TestPersonasFisicasIntegranteDeCoordinacionJes"/>
</testsuite> <!-- com.mkyong.buson.jes.TestPersonasFisicasIntegranteDeCoordinacionJes -->
