<?xml version="1.0" encoding="UTF-8"?>
<!-- Generated by org.testng.reporters.JUnitReportReporter -->
<testsuite skipped="0" hostname="Lisandro-Silva.local" name="com.mkyong.busongratuito.detail.TestPersonasFisicasIntegranteDeCoordinacionGratuitoDetail" tests="1" failures="0" timestamp="17 Feb 2020 21:54:45 GMT" time="83.972" errors="0">
  <testcase name="basePageNavigation" time="83.972" classname="com.mkyong.busongratuito.detail.TestPersonasFisicasIntegranteDeCoordinacionGratuitoDetail"/>
</testsuite> <!-- com.mkyong.busongratuito.detail.TestPersonasFisicasIntegranteDeCoordinacionGratuitoDetail -->
