<?xml version="1.0" encoding="UTF-8"?>
<!-- Generated by org.testng.reporters.JUnitReportReporter -->
<testsuite skipped="0" hostname="Lisandro-Silva.local" name="com.mkyong.busonfiscal.detail.TestFacturaBasicaDetail2" tests="1" failures="0" timestamp="30 Mar 2020 20:35:04 GMT" time="149.311" errors="0">
  <testcase name="basePageNavigation" time="149.311" classname="com.mkyong.busonfiscal.detail.TestFacturaBasicaDetail2"/>
</testsuite> <!-- com.mkyong.busonfiscal.detail.TestFacturaBasicaDetail2 -->
