<?xml version="1.0" encoding="UTF-8"?>
<!-- Generated by org.testng.reporters.JUnitReportReporter -->
<testsuite skipped="0" hostname="Lisandro-Silva.local" name="com.mkyong.busonfiscal.TestReportesEmitidosDuplicarComprobanteCartaPorte" tests="1" failures="0" timestamp="07 Apr 2020 21:46:01 GMT" time="31.082" errors="0">
  <testcase name="basePageNavigation" time="31.082" classname="com.mkyong.busonfiscal.TestReportesEmitidosDuplicarComprobanteCartaPorte"/>
</testsuite> <!-- com.mkyong.busonfiscal.TestReportesEmitidosDuplicarComprobanteCartaPorte -->
