<?xml version="1.0" encoding="UTF-8"?>
<!-- Generated by org.testng.reporters.JUnitReportReporter -->
<testsuite hostname="Lisandro-Silva.local" name="com.mkyong.busonfiscal.BusquedaReportesTest11" tests="1" failures="0" timestamp="18 May 2020 20:39:39 GMT" time="33.363" errors="0">
  <testcase name="busquedaDereportes11" time="33.363" classname="com.mkyong.busonfiscal.BusquedaReportesTest11"/>
</testsuite> <!-- com.mkyong.busonfiscal.BusquedaReportesTest11 -->
