<?xml version="1.0" encoding="UTF-8"?>
<!-- Generated by org.testng.reporters.JUnitReportReporter -->
<testsuite hostname="Lisandro-Silva.local" name="com.mkyong.buson.jes.detail.PagoEnEspeciesJesDetailTest" tests="1" failures="0" timestamp="18 May 2020 19:59:07 GMT" time="56.351" errors="0">
  <testcase name="pagosEnEspeciesDetailJes" time="56.351" classname="com.mkyong.buson.jes.detail.PagoEnEspeciesJesDetailTest"/>
</testsuite> <!-- com.mkyong.buson.jes.detail.PagoEnEspeciesJesDetailTest -->
