<?xml version="1.0" encoding="UTF-8"?>
<!-- Generated by org.testng.reporters.JUnitReportReporter -->
<testsuite skipped="0" hostname="Lisandro-Silva.local" name="com.mkyong.conector.jes.detail.TestCartaPorteComercioExteriorJesDetail" tests="1" failures="0" timestamp="02 Apr 2020 23:38:47 GMT" time="79.951" errors="0">
  <testcase name="basePageNavigation" time="79.951" classname="com.mkyong.conector.jes.detail.TestCartaPorteComercioExteriorJesDetail"/>
</testsuite> <!-- com.mkyong.conector.jes.detail.TestCartaPorteComercioExteriorJesDetail -->
