<?xml version="1.0" encoding="UTF-8"?>
<!-- Generated by org.testng.reporters.JUnitReportReporter -->
<testsuite skipped="0" hostname="Lisandro-Silva.local" name="com.mkyong.busonfiscal.TestFacturaAdendaMultiAssistenciaBorrador" tests="1" failures="0" timestamp="07 Apr 2020 19:10:22 GMT" time="51.208" errors="0">
  <testcase name="basePageNavigation" time="51.208" classname="com.mkyong.busonfiscal.TestFacturaAdendaMultiAssistenciaBorrador"/>
</testsuite> <!-- com.mkyong.busonfiscal.TestFacturaAdendaMultiAssistenciaBorrador -->
