<?xml version="1.0" encoding="UTF-8"?>
<!-- Generated by org.testng.reporters.JUnitReportReporter -->
<testsuite skipped="0" hostname="Lisandro-Silva.local" name="com.mkyong.busonfiscal.ReportesEmitidosDuplicarComplComercioExteriorTransladoTest" tests="1" failures="0" timestamp="19 May 2020 17:16:38 GMT" time="30.867" errors="0">
  <testcase name="duplicadoComercioExteriorTranslado" time="30.867" classname="com.mkyong.busonfiscal.ReportesEmitidosDuplicarComplComercioExteriorTransladoTest"/>
</testsuite> <!-- com.mkyong.busonfiscal.ReportesEmitidosDuplicarComplComercioExteriorTransladoTest -->
