<?xml version="1.0" encoding="UTF-8"?>
<!-- Generated by org.testng.reporters.JUnitReportReporter -->
<testsuite skipped="0" hostname="Lisandro-Silva.local" name="com.mkyong.busonfiscal.PersonasFisicasIntegranteDeCoordinacionTest2" tests="1" failures="0" timestamp="19 May 2020 16:56:47 GMT" time="33.733" errors="0">
  <testcase name="personasFisicas2" time="33.733" classname="com.mkyong.busonfiscal.PersonasFisicasIntegranteDeCoordinacionTest2"/>
</testsuite> <!-- com.mkyong.busonfiscal.PersonasFisicasIntegranteDeCoordinacionTest2 -->
