<?xml version="1.0" encoding="UTF-8"?>
<!-- Generated by org.testng.reporters.JUnitReportReporter -->
<testsuite skipped="0" hostname="Lisandro-Silva.local" name="com.mkyong.buson.jes.detail.TestINEJesDetail" tests="1" failures="0" timestamp="06 Apr 2020 23:41:42 GMT" time="85.632" errors="0">
  <testcase name="basePageNavigation" time="85.632" classname="com.mkyong.buson.jes.detail.TestINEJesDetail"/>
</testsuite> <!-- com.mkyong.buson.jes.detail.TestINEJesDetail -->
