<?xml version="1.0" encoding="UTF-8"?>
<!-- Generated by org.testng.reporters.JUnitReportReporter -->
<testsuite skipped="0" hostname="Lisandro-Silva.local" name="com.mkyong.busongratuito.detail.TestVehiculosUsadosGartuitoDetail" tests="1" failures="0" timestamp="17 Feb 2020 22:26:07 GMT" time="87.423" errors="0">
  <testcase name="basePageNavigation" time="87.423" classname="com.mkyong.busongratuito.detail.TestVehiculosUsadosGartuitoDetail"/>
</testsuite> <!-- com.mkyong.busongratuito.detail.TestVehiculosUsadosGartuitoDetail -->
