<?xml version="1.0" encoding="UTF-8"?>
<!-- Generated by org.testng.reporters.JUnitReportReporter -->
<testsuite skipped="0" hostname="Lisandro-Silva.local" name="com.mkyong.busongratuito.TestNotariosPublicosGratuito" tests="1" failures="0" timestamp="18 Feb 2020 19:15:32 GMT" time="39.372" errors="0">
  <testcase name="basePageNavigation" time="39.372" classname="com.mkyong.busongratuito.TestNotariosPublicosGratuito"/>
</testsuite> <!-- com.mkyong.busongratuito.TestNotariosPublicosGratuito -->
