<?xml version="1.0" encoding="UTF-8"?>
<!-- Generated by org.testng.reporters.JUnitReportReporter -->
<testsuite skipped="0" hostname="Lisandro-Silva.local" name="com.mkyong.busonfiscal.TestDonativos2" tests="1" failures="0" timestamp="07 Apr 2020 18:58:14 GMT" time="29.452" errors="0">
  <testcase name="basePageNavigation" time="29.452" classname="com.mkyong.busonfiscal.TestDonativos2"/>
</testsuite> <!-- com.mkyong.busonfiscal.TestDonativos2 -->
