<?xml version="1.0" encoding="UTF-8"?>
<!-- Generated by org.testng.reporters.JUnitReportReporter -->
<testsuite skipped="0" hostname="Lisandro-Silva.local" name="com.mkyong.buson.jes.TestNotaDeCreditoJes" tests="1" failures="0" timestamp="04 Mar 2020 16:40:09 GMT" time="29.758" errors="0">
  <testcase name="basePageNavigation" time="29.758" classname="com.mkyong.buson.jes.TestNotaDeCreditoJes"/>
</testsuite> <!-- com.mkyong.buson.jes.TestNotaDeCreditoJes -->
