<?xml version="1.0" encoding="UTF-8"?>
<!-- Generated by org.testng.reporters.JUnitReportReporter -->
<testsuite skipped="0" hostname="Lisandro-Silva.local" name="com.mkyong.busongratuito.detail.TestNotaDeCreditoGratuitoDetail" tests="1" failures="0" timestamp="17 Feb 2020 19:45:22 GMT" time="70.353" errors="0">
  <testcase name="basePageNavigation" time="70.353" classname="com.mkyong.busongratuito.detail.TestNotaDeCreditoGratuitoDetail"/>
</testsuite> <!-- com.mkyong.busongratuito.detail.TestNotaDeCreditoGratuitoDetail -->
