<?xml version="1.0" encoding="UTF-8"?>
<!-- Generated by org.testng.reporters.JUnitReportReporter -->
<testsuite skipped="0" hostname="Lisandro-Silva.local" name="com.mkyong.busonfiscal.NotaDeCreditoTest" tests="1" failures="0" timestamp="19 May 2020 16:35:14 GMT" time="26.256" errors="0">
  <testcase name="notaDeCredito" time="26.256" classname="com.mkyong.busonfiscal.NotaDeCreditoTest"/>
</testsuite> <!-- com.mkyong.busonfiscal.NotaDeCreditoTest -->
