<?xml version="1.0" encoding="UTF-8"?>
<!-- Generated by org.testng.reporters.JUnitReportReporter -->
<testsuite skipped="0" hostname="Lisandro-Silva.local" name="com.mkyong.busonfiscal.InstituicionesEducativasTest" tests="1" failures="0" timestamp="19 May 2020 16:17:12 GMT" time="33.282" errors="0">
  <testcase name="instituiciones1" time="33.282" classname="com.mkyong.busonfiscal.InstituicionesEducativasTest"/>
</testsuite> <!-- com.mkyong.busonfiscal.InstituicionesEducativasTest -->
