<?xml version="1.0" encoding="UTF-8"?>
<!-- Generated by org.testng.reporters.JUnitReportReporter -->
<testsuite skipped="0" hostname="Lisandro-Silva.local" name="com.mkyong.busongratis.BusquedaReportesgratisTest2" tests="1" failures="0" timestamp="20 May 2020 17:01:34 GMT" time="12.379" errors="0">
  <testcase name="busquedaDeReportesGratis2" time="12.379" classname="com.mkyong.busongratis.BusquedaReportesgratisTest2"/>
</testsuite> <!-- com.mkyong.busongratis.BusquedaReportesgratisTest2 -->
