<?xml version="1.0" encoding="UTF-8"?>
<!-- Generated by org.testng.reporters.JUnitReportReporter -->
<testsuite skipped="0" hostname="Lisandro-Silva.local" name="com.mkyong.busonfiscal.TestTuristaPasajeroExtranjero2" tests="1" failures="0" timestamp="07 Apr 2020 22:17:56 GMT" time="34.229" errors="0">
  <testcase name="basePageNavigation" time="34.229" classname="com.mkyong.busonfiscal.TestTuristaPasajeroExtranjero2"/>
</testsuite> <!-- com.mkyong.busonfiscal.TestTuristaPasajeroExtranjero2 -->
