<?xml version="1.0" encoding="UTF-8"?>
<!-- Generated by org.testng.reporters.JUnitReportReporter -->
<testsuite skipped="0" hostname="Lisandro-Silva.local" name="com.mkyong.busonfiscal.FacturaBasicaTest" tests="1" failures="0" timestamp="12 May 2020 17:28:28 GMT" time="40.109" errors="0">
  <testcase name="basePageNavigation" time="40.109" classname="com.mkyong.busonfiscal.FacturaBasicaTest"/>
</testsuite> <!-- com.mkyong.busonfiscal.FacturaBasicaTest -->
