<?xml version="1.0" encoding="UTF-8"?>
<!-- Generated by org.testng.reporters.JUnitReportReporter -->
<testsuite skipped="0" hostname="Lisandro-Silva.local" name="com.mkyong.busonfiscal.TestFacturaDetallista" tests="1" failures="0" timestamp="07 Apr 2020 23:03:09 GMT" time="29.259" errors="0">
  <testcase name="basePageNavigation" time="29.259" classname="com.mkyong.busonfiscal.TestFacturaDetallista"/>
</testsuite> <!-- com.mkyong.busonfiscal.TestFacturaDetallista -->
