<?xml version="1.0" encoding="UTF-8"?>
<!-- Generated by org.testng.reporters.JUnitReportReporter -->
<testsuite skipped="0" hostname="Lisandro-Silva.local" name="com.mkyong.busonfiscal.TestEmailAndPassword" tests="1" failures="0" timestamp="07 Apr 2020 23:03:07 GMT" time="1.074" errors="0">
  <testcase name="basePageNavigation" time="1.074" classname="com.mkyong.busonfiscal.TestEmailAndPassword"/>
</testsuite> <!-- com.mkyong.busonfiscal.TestEmailAndPassword -->
