<?xml version="1.0" encoding="UTF-8"?>
<!-- Generated by org.testng.reporters.JUnitReportReporter -->
<testsuite skipped="0" hostname="Lisandro-Silva.local" name="com.mkyong.busonfiscal.TestVentaDeVehiculos" tests="1" failures="0" timestamp="07 Apr 2020 23:03:09 GMT" time="32.345" errors="0">
  <testcase name="basePageNavigation" time="32.345" classname="com.mkyong.busonfiscal.TestVentaDeVehiculos"/>
</testsuite> <!-- com.mkyong.busonfiscal.TestVentaDeVehiculos -->
