<?xml version="1.0" encoding="UTF-8"?>
<!-- Generated by org.testng.reporters.JUnitReportReporter -->
<testsuite skipped="0" hostname="Lisandro-Silva.local" name="com.mkyong.busonfiscal.PagoEnEspeciesTest2" tests="1" failures="0" timestamp="19 May 2020 16:53:23 GMT" time="33.760" errors="0">
  <testcase name="pagoEnEspecies2" time="33.760" classname="com.mkyong.busonfiscal.PagoEnEspeciesTest2"/>
</testsuite> <!-- com.mkyong.busonfiscal.PagoEnEspeciesTest2 -->
