<?xml version="1.0" encoding="UTF-8"?>
<!-- Generated by org.testng.reporters.JUnitReportReporter -->
<testsuite hostname="Lisandro-Silva.local" name="com.mkyong.busonfiscal.BusquedaReportesTest12" tests="1" failures="0" timestamp="18 May 2020 20:40:19 GMT" time="12.605" errors="0">
  <testcase name="busquedaDereportes12" time="12.605" classname="com.mkyong.busonfiscal.BusquedaReportesTest12"/>
</testsuite> <!-- com.mkyong.busonfiscal.BusquedaReportesTest12 -->
