<?xml version="1.0" encoding="UTF-8"?>
<!-- Generated by org.testng.reporters.JUnitReportReporter -->
<testsuite skipped="0" hostname="Lisandro-Silva.local" name="com.mkyong.busonfiscal.TestFacturaBasica" tests="1" failures="0" timestamp="30 Mar 2020 15:08:14 GMT" time="37.562" errors="0">
  <testcase name="basePageNavigation" time="37.562" classname="com.mkyong.busonfiscal.TestFacturaBasica"/>
</testsuite> <!-- com.mkyong.busonfiscal.TestFacturaBasica -->
