<?xml version="1.0" encoding="UTF-8"?>
<!-- Generated by org.testng.reporters.JUnitReportReporter -->
<testsuite skipped="0" hostname="Lisandro-Silva.local" name="CucumberOptions.TestRunner" tests="1" failures="0" timestamp="27 Mar 2020 21:23:16 GMT" time="40.554" errors="0">
  <testcase name="feature" time="40.554" classname="CucumberOptions.TestRunner"/>
</testsuite> <!-- CucumberOptions.TestRunner -->
