<?xml version="1.0" encoding="UTF-8"?>
<!-- Generated by org.testng.reporters.JUnitReportReporter -->
<testsuite hostname="Lisandro-Silva.local" name="com.mkyong.buson.jes.NotariosPublicosJesTest" tests="1" failures="0" timestamp="18 May 2020 17:14:34 GMT" time="47.382" errors="0">
  <testcase name="notariosPublicosJes" time="47.382" classname="com.mkyong.buson.jes.NotariosPublicosJesTest"/>
</testsuite> <!-- com.mkyong.buson.jes.NotariosPublicosJesTest -->
