<?xml version="1.0" encoding="UTF-8"?>
<!-- Generated by org.testng.reporters.JUnitReportReporter -->
<testsuite skipped="0" hostname="Lisandro-Silva.local" name="com.mkyong.busonfiscal.ReportesEmitidosDuplicarComplServiciosParcealesDeConstruccionTest" tests="1" failures="0" timestamp="19 May 2020 17:31:57 GMT" time="32.506" errors="0">
  <testcase name="duplicadserviosParcealesDeConstrucion" time="32.506" classname="com.mkyong.busonfiscal.ReportesEmitidosDuplicarComplServiciosParcealesDeConstruccionTest"/>
</testsuite> <!-- com.mkyong.busonfiscal.ReportesEmitidosDuplicarComplServiciosParcealesDeConstruccionTest -->
