<?xml version="1.0" encoding="UTF-8"?>
<!-- Generated by org.testng.reporters.JUnitReportReporter -->
<testsuite skipped="0" hostname="Lisandro-Silva.local" name="com.mkyong.busonfiscal.BusquedaReportesTest3" tests="1" failures="0" timestamp="18 May 2020 23:24:05 GMT" time="41.393" errors="0">
  <testcase name="busquedaDeReportes3" time="41.393" classname="com.mkyong.busonfiscal.BusquedaReportesTest3"/>
</testsuite> <!-- com.mkyong.busonfiscal.BusquedaReportesTest3 -->
