<?xml version="1.0" encoding="UTF-8"?>
<!-- Generated by org.testng.reporters.JUnitReportReporter -->
<testsuite skipped="0" hostname="Lisandro-Silva.local" name="com.mkyong.buson.jes.detail.TestNotaDeCreditoJesDetail" tests="1" failures="0" timestamp="06 Apr 2020 23:58:57 GMT" time="66.959" errors="0">
  <testcase name="basePageNavigation" time="66.959" classname="com.mkyong.buson.jes.detail.TestNotaDeCreditoJesDetail"/>
</testsuite> <!-- com.mkyong.buson.jes.detail.TestNotaDeCreditoJesDetail -->
