<?xml version="1.0" encoding="UTF-8"?>
<!-- Generated by org.testng.reporters.JUnitReportReporter -->
<testsuite skipped="0" hostname="Lisandro-Silva.local" name="com.mkyong.busonfiscal.TestReportesEmitidos6" tests="1" failures="0" timestamp="07 Apr 2020 21:02:15 GMT" time="44.872" errors="0">
  <testcase name="basePageNavigation" time="44.872" classname="com.mkyong.busonfiscal.TestReportesEmitidos6"/>
</testsuite> <!-- com.mkyong.busonfiscal.TestReportesEmitidos6 -->
