<?xml version="1.0" encoding="UTF-8"?>
<!-- Generated by org.testng.reporters.JUnitReportReporter -->
<testsuite skipped="0" hostname="Lisandro-Silva.local" name="com.mkyong.buson.jes.detail.TestPersonasFisicasIntegranteDeCoordinacionJesDetail" tests="1" failures="0" timestamp="04 Mar 2020 18:16:28 GMT" time="78.826" errors="0">
  <testcase name="basePageNavigation" time="78.826" classname="com.mkyong.buson.jes.detail.TestPersonasFisicasIntegranteDeCoordinacionJesDetail"/>
</testsuite> <!-- com.mkyong.buson.jes.detail.TestPersonasFisicasIntegranteDeCoordinacionJesDetail -->
