<?xml version="1.0" encoding="UTF-8"?>
<!-- Generated by org.testng.reporters.JUnitReportReporter -->
<testsuite skipped="0" hostname="Lisandro-Silva.local" name="com.mkyong.busonfiscal.TestVentaDeVehiculos2" tests="1" failures="0" timestamp="09 Apr 2020 13:33:35 GMT" time="34.360" errors="0">
  <testcase name="basePageNavigation" time="34.360" classname="com.mkyong.busonfiscal.TestVentaDeVehiculos2"/>
</testsuite> <!-- com.mkyong.busonfiscal.TestVentaDeVehiculos2 -->
