<?xml version="1.0" encoding="UTF-8"?>
<!-- Generated by org.testng.reporters.JUnitReportReporter -->
<testsuite skipped="0" hostname="Lisandro-Silva.local" name="com.mkyong.busonfiscal.TestNotaDeCredito2" tests="1" failures="0" timestamp="30 Mar 2020 16:38:45 GMT" time="27.645" errors="0">
  <testcase name="basePageNavigation" time="27.645" classname="com.mkyong.busonfiscal.TestNotaDeCredito2"/>
</testsuite> <!-- com.mkyong.busonfiscal.TestNotaDeCredito2 -->
