<?xml version="1.0" encoding="UTF-8"?>
<!-- Generated by org.testng.reporters.JUnitReportReporter -->
<testsuite skipped="0" hostname="Lisandro-Silva.local" name="com.mkyong.busonfiscal.LeyendasFiscalesTest" tests="1" failures="0" timestamp="19 May 2020 16:24:22 GMT" time="28.601" errors="0">
  <testcase name="leyendas1" time="28.601" classname="com.mkyong.busonfiscal.LeyendasFiscalesTest"/>
</testsuite> <!-- com.mkyong.busonfiscal.LeyendasFiscalesTest -->
