<?xml version="1.0" encoding="UTF-8"?>
<!-- Generated by org.testng.reporters.JUnitReportReporter -->
<testsuite skipped="0" hostname="Lisandro-Silva.local" name="com.mkyong.busongratis.TestFacturaPagoGratis2" tests="1" failures="0" timestamp="02 Apr 2020 16:44:41 GMT" time="51.834" errors="0">
  <testcase name="basePageNavigation" time="51.834" classname="com.mkyong.busongratis.TestFacturaPagoGratis2"/>
</testsuite> <!-- com.mkyong.busongratis.TestFacturaPagoGratis2 -->
