<?xml version="1.0" encoding="UTF-8"?>
<!-- Generated by org.testng.reporters.JUnitReportReporter -->
<testsuite skipped="0" hostname="Lisandro-Silva.local" name="com.mkyong.busongratuito.detail.TestNotariosPublicosGratuitoDetail" tests="1" failures="0" timestamp="17 Feb 2020 21:03:52 GMT" time="86.804" errors="0">
  <testcase name="basePageNavigation" time="86.804" classname="com.mkyong.busongratuito.detail.TestNotariosPublicosGratuitoDetail"/>
</testsuite> <!-- com.mkyong.busongratuito.detail.TestNotariosPublicosGratuitoDetail -->
