<?xml version="1.0" encoding="UTF-8"?>
<!-- Generated by org.testng.reporters.JUnitReportReporter -->
<testsuite skipped="0" hostname="Lisandro-Silva.local" name="com.mkyong.busongratuito.detail.TestVentaDeVehiculosGratuitoDetail" tests="1" failures="0" timestamp="17 Feb 2020 22:41:39 GMT" time="62.872" errors="0">
  <testcase name="basePageNavigation" time="62.872" classname="com.mkyong.busongratuito.detail.TestVentaDeVehiculosGratuitoDetail"/>
</testsuite> <!-- com.mkyong.busongratuito.detail.TestVentaDeVehiculosGratuitoDetail -->
