<?xml version="1.0" encoding="UTF-8"?>
<!-- Generated by org.testng.reporters.JUnitReportReporter -->
<testsuite hostname="Lisandro-Silva.local" name="com.mkyong.busonfiscal.BusquedaReportesTest10" tests="1" failures="0" timestamp="18 May 2020 20:38:23 GMT" time="12.576" errors="0">
  <testcase name="busquedaDeReportes10" time="12.576" classname="com.mkyong.busonfiscal.BusquedaReportesTest10"/>
</testsuite> <!-- com.mkyong.busonfiscal.BusquedaReportesTest10 -->
