<?xml version="1.0" encoding="UTF-8"?>
<!-- Generated by org.testng.reporters.JUnitReportReporter -->
<testsuite skipped="0" hostname="Lisandro-Silva.local" name="com.mkyong.buson.jes.TestInstituicionesEducativasJes" tests="1" failures="0" timestamp="06 Apr 2020 21:24:53 GMT" time="37.522" errors="0">
  <testcase name="basePageNavigation" time="37.522" classname="com.mkyong.buson.jes.TestInstituicionesEducativasJes"/>
</testsuite> <!-- com.mkyong.buson.jes.TestInstituicionesEducativasJes -->
