<?xml version="1.0" encoding="UTF-8"?>
<!-- Generated by org.testng.reporters.JUnitReportReporter -->
<testsuite skipped="0" hostname="Lisandro-Silva.local" name="com.mkyong.buson.jes.detail.TestCartaPorteComercioExteriorDetail" tests="1" failures="0" timestamp="21 Feb 2020 14:53:54 GMT" time="85.518" errors="0">
  <testcase name="basePageNavigation" time="85.518" classname="com.mkyong.buson.jes.detail.TestCartaPorteComercioExteriorDetail"/>
</testsuite> <!-- com.mkyong.buson.jes.detail.TestCartaPorteComercioExteriorDetail -->
