<?xml version="1.0" encoding="UTF-8"?>
<!-- Generated by org.testng.reporters.JUnitReportReporter -->
<testsuite skipped="0" hostname="Lisandro-Silva.local" name="com.mkyong.busonfiscal.TestReportesEmitidosDuplicarComplComercioExteriorTranslado" tests="1" failures="0" timestamp="07 Apr 2020 21:17:40 GMT" time="26.233" errors="0">
  <testcase name="basePageNavigation" time="26.233" classname="com.mkyong.busonfiscal.TestReportesEmitidosDuplicarComplComercioExteriorTranslado"/>
</testsuite> <!-- com.mkyong.busonfiscal.TestReportesEmitidosDuplicarComplComercioExteriorTranslado -->
