<?xml version="1.0" encoding="UTF-8"?>
<!-- Generated by org.testng.reporters.JUnitReportReporter -->
<testsuite skipped="0" hostname="Lisandro-Silva.local" name="com.mkyong.conector.jes.detail.TestFacturaAdendaMultiAssistenciaJesDetail" tests="1" failures="0" timestamp="03 Apr 2020 14:42:16 GMT" time="70.114" errors="0">
  <testcase name="basePageNavigation" time="70.114" classname="com.mkyong.conector.jes.detail.TestFacturaAdendaMultiAssistenciaJesDetail"/>
</testsuite> <!-- com.mkyong.conector.jes.detail.TestFacturaAdendaMultiAssistenciaJesDetail -->
