<?xml version="1.0" encoding="UTF-8"?>
<!-- Generated by org.testng.reporters.JUnitReportReporter -->
<testsuite hostname="Lisandro-Silva.local" name="com.mkyong.buson.jes.PagoEnEspeciesJesTest" tests="1" failures="0" timestamp="18 May 2020 17:24:32 GMT" time="36.956" errors="0">
  <testcase name="pagoEnEspeciesJes" time="36.956" classname="com.mkyong.buson.jes.PagoEnEspeciesJesTest"/>
</testsuite> <!-- com.mkyong.buson.jes.PagoEnEspeciesJesTest -->
