<?xml version="1.0" encoding="UTF-8"?>
<!-- Generated by org.testng.reporters.JUnitReportReporter -->
<testsuite skipped="0" hostname="Lisandro-Silva.local" name="com.mkyong.buson.jes.detail.TestFacturaBasicaJesDetail" tests="1" failures="0" timestamp="04 Mar 2020 17:19:06 GMT" time="84.960" errors="0">
  <testcase name="basePageNavigation" time="84.960" classname="com.mkyong.buson.jes.detail.TestFacturaBasicaJesDetail"/>
</testsuite> <!-- com.mkyong.buson.jes.detail.TestFacturaBasicaJesDetail -->
