<?xml version="1.0" encoding="UTF-8"?>
<!-- Generated by org.testng.reporters.JUnitReportReporter -->
<testsuite skipped="0" hostname="Lisandro-Silva.local" name="com.mkyong.busonfiscal.FacturaAdendaMultiAssistenciaBorradorTest" tests="1" failures="0" timestamp="19 May 2020 15:30:41 GMT" time="62.628" errors="0">
  <testcase name="adendaMultiassitenciaBorrador" time="62.628" classname="com.mkyong.busonfiscal.FacturaAdendaMultiAssistenciaBorradorTest"/>
</testsuite> <!-- com.mkyong.busonfiscal.FacturaAdendaMultiAssistenciaBorradorTest -->
