<?xml version="1.0" encoding="UTF-8"?>
<!-- Generated by org.testng.reporters.JUnitReportReporter -->
<testsuite hostname="Lisandro-Silva.local" name="com.mkyong.buson.jes.detail.INEJesDetailTest" tests="1" failures="0" timestamp="18 May 2020 19:28:55 GMT" time="96.262" errors="0">
  <testcase name="ineDetailJes" time="96.262" classname="com.mkyong.buson.jes.detail.INEJesDetailTest"/>
</testsuite> <!-- com.mkyong.buson.jes.detail.INEJesDetailTest -->
