<?xml version="1.0" encoding="UTF-8"?>
<!-- Generated by org.testng.reporters.JUnitReportReporter -->
<testsuite skipped="0" hostname="Lisandro-Silva.local" name="com.mkyong.busonfiscal.InstituicionesEducativasTest2" tests="1" failures="0" timestamp="19 May 2020 16:18:47 GMT" time="41.397" errors="0">
  <testcase name="instituiciones2" time="41.397" classname="com.mkyong.busonfiscal.InstituicionesEducativasTest2"/>
</testsuite> <!-- com.mkyong.busonfiscal.InstituicionesEducativasTest2 -->
