<?xml version="1.0" encoding="UTF-8"?>
<!-- Generated by org.testng.reporters.JUnitReportReporter -->
<testsuite skipped="0" hostname="Lisandro-Silva.local" name="com.mkyong.busongratis.FacturaPagoGratisTest2" tests="1" failures="0" timestamp="20 May 2020 17:33:22 GMT" time="35.091" errors="0">
  <testcase name="pagoGratis2" time="35.091" classname="com.mkyong.busongratis.FacturaPagoGratisTest2"/>
</testsuite> <!-- com.mkyong.busongratis.FacturaPagoGratisTest2 -->
