<?xml version="1.0" encoding="UTF-8"?>
<!-- Generated by org.testng.reporters.JUnitReportReporter -->
<testsuite skipped="0" hostname="Lisandro-Silva.local" name="com.mkyong.busonfiscal.HomePageBuson" tests="1" failures="0" timestamp="04 Mar 2020 15:51:23 GMT" time="36.551" errors="0">
  <testcase name="basePageNavigation" time="36.551" classname="com.mkyong.busonfiscal.HomePageBuson"/>
</testsuite> <!-- com.mkyong.busonfiscal.HomePageBuson -->
