<?xml version="1.0" encoding="UTF-8"?>
<!-- Generated by org.testng.reporters.JUnitReportReporter -->
<testsuite skipped="0" hostname="Lisandro-Silva.local" name="com.mkyong.buson.jes.detail.TestDonativosJesDetail" tests="1" failures="0" timestamp="06 Apr 2020 23:00:05 GMT" time="66.433" errors="0">
  <testcase name="basePageNavigation" time="66.433" classname="com.mkyong.buson.jes.detail.TestDonativosJesDetail"/>
</testsuite> <!-- com.mkyong.buson.jes.detail.TestDonativosJesDetail -->
