<?xml version="1.0" encoding="UTF-8"?>
<!-- Generated by org.testng.reporters.JUnitReportReporter -->
<testsuite hostname="Lisandro-Silva.local" name="com.mkyong.busonfiscal.BusquedaReportesTest13" tests="1" failures="0" timestamp="18 May 2020 20:40:57 GMT" time="14.257" errors="0">
  <testcase name="busquedaDeReportes13" time="14.257" classname="com.mkyong.busonfiscal.BusquedaReportesTest13"/>
</testsuite> <!-- com.mkyong.busonfiscal.BusquedaReportesTest13 -->
