<?xml version="1.0" encoding="UTF-8"?>
<!-- Generated by org.testng.reporters.JUnitReportReporter -->
<testsuite hostname="Lisandro-Silva.local" name="com.mkyong.buson.jes.LeyendasFiscalesJesTest" tests="1" failures="0" timestamp="18 May 2020 17:02:44 GMT" time="35.572" errors="0">
  <testcase name="leyendasFiscalesJes" time="35.572" classname="com.mkyong.buson.jes.LeyendasFiscalesJesTest"/>
</testsuite> <!-- com.mkyong.buson.jes.LeyendasFiscalesJesTest -->
