<?xml version="1.0" encoding="UTF-8"?>
<!-- Generated by org.testng.reporters.JUnitReportReporter -->
<testsuite skipped="0" hostname="Lisandro-Silva.local" name="com.mkyong.busonfiscal.TestBusquedaReportes6" tests="1" failures="0" timestamp="05 Mar 2020 15:22:33 GMT" time="26.626" errors="0">
  <testcase name="basePageNavigation" time="26.626" classname="com.mkyong.busonfiscal.TestBusquedaReportes6"/>
</testsuite> <!-- com.mkyong.busonfiscal.TestBusquedaReportes6 -->
