<?xml version="1.0" encoding="UTF-8"?>
<!-- Generated by org.testng.reporters.JUnitReportReporter -->
<testsuite skipped="0" hostname="Lisandro-Silva.local" name="com.mkyong.busonfiscal.detail.TestFacturaDetallistaDetallista2" tests="1" failures="0" timestamp="30 Mar 2020 20:58:00 GMT" time="169.482" errors="0">
  <testcase name="basePageNavigation" time="169.482" classname="com.mkyong.busonfiscal.detail.TestFacturaDetallistaDetallista2"/>
</testsuite> <!-- com.mkyong.busonfiscal.detail.TestFacturaDetallistaDetallista2 -->
