<?xml version="1.0" encoding="UTF-8"?>
<!-- Generated by org.testng.reporters.JUnitReportReporter -->
<testsuite skipped="0" hostname="Lisandro-Silva.local" name="com.mkyong.busongratis.TestFacturaPagoGratis" tests="1" failures="0" timestamp="04 Mar 2020 16:50:41 GMT" time="28.829" errors="0">
  <testcase name="basePageNavigation" time="28.829" classname="com.mkyong.busongratis.TestFacturaPagoGratis"/>
</testsuite> <!-- com.mkyong.busongratis.TestFacturaPagoGratis -->
