<?xml version="1.0" encoding="UTF-8"?>
<!-- Generated by org.testng.reporters.JUnitReportReporter -->
<testsuite skipped="0" hostname="Lisandro-Silva.local" name="com.mkyong.busonfiscal.ReportesEmitidosTest3" tests="1" failures="0" timestamp="19 May 2020 18:00:10 GMT" time="35.543" errors="0">
  <testcase name="reportesEmitidos3" time="35.543" classname="com.mkyong.busonfiscal.ReportesEmitidosTest3"/>
</testsuite> <!-- com.mkyong.busonfiscal.ReportesEmitidosTest3 -->
