<?xml version="1.0" encoding="UTF-8"?>
<!-- Generated by org.testng.reporters.JUnitReportReporter -->
<testsuite skipped="0" hostname="Lisandro-Silva.local" name="com.mkyong.busongratuito.detail.TestServiciosParcealesDeContruccionGratuitoDetail" tests="1" failures="0" timestamp="17 Feb 2020 22:11:04 GMT" time="84.256" errors="0">
  <testcase name="basePageNavigation" time="84.256" classname="com.mkyong.busongratuito.detail.TestServiciosParcealesDeContruccionGratuitoDetail"/>
</testsuite> <!-- com.mkyong.busongratuito.detail.TestServiciosParcealesDeContruccionGratuitoDetail -->
