<?xml version="1.0" encoding="UTF-8"?>
<!-- Generated by org.testng.reporters.JUnitReportReporter -->
<testsuite skipped="0" hostname="Lisandro-Silva.local" name="com.mkyong.impression.fiscal.ImpresionIETFiscal" tests="1" failures="0" timestamp="09 Apr 2020 15:25:52 GMT" time="41.451" errors="0">
  <testcase name="basePageNavigation" time="41.451" classname="com.mkyong.impression.fiscal.ImpresionIETFiscal"/>
</testsuite> <!-- com.mkyong.impression.fiscal.ImpresionIETFiscal -->
