<?xml version="1.0" encoding="UTF-8"?>
<!-- Generated by org.testng.reporters.JUnitReportReporter -->
<testsuite skipped="0" hostname="Lisandro-Silva.local" name="com.mkyong.busonfiscal.TuristaPasajeroExtranjeroTest" tests="1" failures="0" timestamp="19 May 2020 18:14:13 GMT" time="35.141" errors="0">
  <testcase name="turistaPassajeroExtranjero" time="35.141" classname="com.mkyong.busonfiscal.TuristaPasajeroExtranjeroTest"/>
</testsuite> <!-- com.mkyong.busonfiscal.TuristaPasajeroExtranjeroTest -->
