<?xml version="1.0" encoding="UTF-8"?>
<!-- Generated by org.testng.reporters.JUnitReportReporter -->
<testsuite skipped="0" hostname="Lisandro-Silva.local" name="com.mkyong.busongratis.TestFacturaBasicaGratis" tests="1" failures="0" timestamp="02 Apr 2020 15:23:19 GMT" time="43.699" errors="0">
  <testcase name="basePageNavigation" time="43.699" classname="com.mkyong.busongratis.TestFacturaBasicaGratis"/>
</testsuite> <!-- com.mkyong.busongratis.TestFacturaBasicaGratis -->
