<?xml version="1.0" encoding="UTF-8"?>
<!-- Generated by org.testng.reporters.JUnitReportReporter -->
<testsuite skipped="0" hostname="Lisandro-Silva.local" name="com.mkyong.busonfiscal.TestVentaDeVehiculos2" tests="1" failures="0" timestamp="19 May 2020 18:12:40 GMT" time="33.019" errors="0">
  <testcase name="ventaDeVehiculos2" time="33.019" classname="com.mkyong.busonfiscal.TestVentaDeVehiculos2"/>
</testsuite> <!-- com.mkyong.busonfiscal.TestVentaDeVehiculos2 -->
