<?xml version="1.0" encoding="UTF-8"?>
<!-- Generated by org.testng.reporters.JUnitReportReporter -->
<testsuite skipped="0" hostname="Lisandro-Silva.local" name="com.mkyong.busonfiscal.ComercioExteriorTest2" tests="1" failures="0" timestamp="19 May 2020 14:51:52 GMT" time="53.803" errors="0">
  <testcase name="comercioExterior2" time="53.803" classname="com.mkyong.busonfiscal.ComercioExteriorTest2"/>
</testsuite> <!-- com.mkyong.busonfiscal.ComercioExteriorTest2 -->
