<?xml version="1.0" encoding="UTF-8"?>
<!-- Generated by org.testng.reporters.JUnitReportReporter -->
<testsuite skipped="0" hostname="Lisandro-Silva.local" name="com.mkyong.busonfiscal.ServiciosParcealesDeContruccionTest2" tests="1" failures="0" timestamp="19 May 2020 18:11:03 GMT" time="36.969" errors="0">
  <testcase name="serviciosParcealesDeConstruccion2" time="36.969" classname="com.mkyong.busonfiscal.ServiciosParcealesDeContruccionTest2"/>
</testsuite> <!-- com.mkyong.busonfiscal.ServiciosParcealesDeContruccionTest2 -->
