<?xml version="1.0" encoding="UTF-8"?>
<!-- Generated by org.testng.reporters.JUnitReportReporter -->
<testsuite hostname="Lisandro-Silva.local" name="com.mkyong.buson.jes.ComercioExteriorJesTest" tests="1" failures="0" timestamp="18 May 2020 16:49:43 GMT" time="47.101" errors="0">
  <testcase name="comercioExteriorJes" time="47.101" classname="com.mkyong.buson.jes.ComercioExteriorJesTest"/>
</testsuite> <!-- com.mkyong.buson.jes.ComercioExteriorJesTest -->
