<?xml version="1.0" encoding="UTF-8"?>
<!-- Generated by org.testng.reporters.JUnitReportReporter -->
<testsuite skipped="0" hostname="Lisandro-Silva.local" name="com.mkyong.busongratis.TestFacturaPagoGratisDetail2" tests="1" failures="0" timestamp="02 Apr 2020 16:54:08 GMT" time="48.988" errors="0">
  <testcase name="basePageNavigation" time="48.988" classname="com.mkyong.busongratis.TestFacturaPagoGratisDetail2"/>
</testsuite> <!-- com.mkyong.busongratis.TestFacturaPagoGratisDetail2 -->
