<?xml version="1.0" encoding="UTF-8"?>
<!-- Generated by org.testng.reporters.JUnitReportReporter -->
<testsuite skipped="0" hostname="Lisandro-Silva.local" name="com.mkyong.busongratuito.detail.TestFacturaPagoGratuitoDetail" tests="1" failures="0" timestamp="17 Feb 2020 18:58:50 GMT" time="45.713" errors="0">
  <testcase name="basePageNavigation" time="45.713" classname="com.mkyong.busongratuito.detail.TestFacturaPagoGratuitoDetail"/>
</testsuite> <!-- com.mkyong.busongratuito.detail.TestFacturaPagoGratuitoDetail -->
