<?xml version="1.0" encoding="UTF-8"?>
<!-- Generated by org.testng.reporters.JUnitReportReporter -->
<testsuite skipped="0" hostname="Lisandro-Silva.local" name="com.mkyong.busonfiscal.TestFacturaDetallista2" tests="1" failures="0" timestamp="07 Apr 2020 19:31:08 GMT" time="29.946" errors="0">
  <testcase name="basePageNavigation" time="29.946" classname="com.mkyong.busonfiscal.TestFacturaDetallista2"/>
</testsuite> <!-- com.mkyong.busonfiscal.TestFacturaDetallista2 -->
