<?xml version="1.0" encoding="UTF-8"?>
<!-- Generated by org.testng.reporters.JUnitReportReporter -->
<testsuite skipped="0" hostname="Lisandro-Silva.local" name="com.mkyong.busonfiscal.TestReportesEmitidos3" tests="1" failures="0" timestamp="07 Apr 2020 23:03:09 GMT" time="35.003" errors="0">
  <testcase name="basePageNavigation" time="35.003" classname="com.mkyong.busonfiscal.TestReportesEmitidos3"/>
</testsuite> <!-- com.mkyong.busonfiscal.TestReportesEmitidos3 -->
