<?xml version="1.0" encoding="UTF-8"?>
<!-- Generated by org.testng.reporters.JUnitReportReporter -->
<testsuite skipped="0" hostname="Lisandro-Silva.local" name="com.mkyong.busongratis.FacturaCartaPorteGratisTest" tests="1" failures="0" timestamp="20 May 2020 17:24:46 GMT" time="30.509" errors="0">
  <testcase name="cartaPorteGratisSimples" time="30.509" classname="com.mkyong.busongratis.FacturaCartaPorteGratisTest"/>
</testsuite> <!-- com.mkyong.busongratis.FacturaCartaPorteGratisTest -->
