<?xml version="1.0" encoding="UTF-8"?>
<!-- Generated by org.testng.reporters.JUnitReportReporter -->
<testsuite skipped="0" hostname="Lisandro-Silva.local" name="com.mkyong.conector.jes.TestPersonasFisicasIntegranteDeCoordinacionJes" tests="1" failures="0" timestamp="02 Apr 2020 23:29:43 GMT" time="27.489" errors="0">
  <testcase name="basePageNavigation" time="27.489" classname="com.mkyong.conector.jes.TestPersonasFisicasIntegranteDeCoordinacionJes"/>
</testsuite> <!-- com.mkyong.conector.jes.TestPersonasFisicasIntegranteDeCoordinacionJes -->
