<?xml version="1.0" encoding="UTF-8"?>
<!-- Generated by org.testng.reporters.JUnitReportReporter -->
<testsuite skipped="0" hostname="Lisandro-Silva.local" name="com.mkyong.busonfiscal.TestObrasDeArteYAtenguedad" tests="1" failures="0" timestamp="07 Apr 2020 23:03:08 GMT" time="37.175" errors="0">
  <testcase name="basePageNavigation" time="37.175" classname="com.mkyong.busonfiscal.TestObrasDeArteYAtenguedad"/>
</testsuite> <!-- com.mkyong.busonfiscal.TestObrasDeArteYAtenguedad -->
