<?xml version="1.0" encoding="UTF-8"?>
<!-- Generated by org.testng.reporters.JUnitReportReporter -->
<testsuite skipped="0" hostname="Lisandro-Silva.local" name="com.mkyong.busonfiscal.ReportesEmitidosDuplicarComplPaEnEspeciesTest" tests="1" failures="0" timestamp="19 May 2020 17:27:14 GMT" time="33.135" errors="0">
  <testcase name="duplicadoPagoEnEspecies" time="33.135" classname="com.mkyong.busonfiscal.ReportesEmitidosDuplicarComplPaEnEspeciesTest"/>
</testsuite> <!-- com.mkyong.busonfiscal.ReportesEmitidosDuplicarComplPaEnEspeciesTest -->
