<?xml version="1.0" encoding="UTF-8"?>
<!-- Generated by org.testng.reporters.JUnitReportReporter -->
<testsuite skipped="0" hostname="Lisandro-Silva.local" name="com.mkyong.busonfiscal.TestReportesEmitidosDuplicarComplInstituicionesEducativas" tests="1" failures="0" timestamp="07 Apr 2020 21:20:45 GMT" time="30.894" errors="0">
  <testcase name="basePageNavigation" time="30.894" classname="com.mkyong.busonfiscal.TestReportesEmitidosDuplicarComplInstituicionesEducativas"/>
</testsuite> <!-- com.mkyong.busonfiscal.TestReportesEmitidosDuplicarComplInstituicionesEducativas -->
