<?xml version="1.0" encoding="UTF-8"?>
<!-- Generated by org.testng.reporters.JUnitReportReporter -->
<testsuite skipped="0" hostname="Lisandro-Silva.local" name="com.mkyong.conector.jes.TestFacturaBasicaJes" tests="1" failures="0" timestamp="09 Apr 2020 14:24:17 GMT" time="37.445" errors="0">
  <testcase name="basePageNavigation" time="37.445" classname="com.mkyong.conector.jes.TestFacturaBasicaJes"/>
</testsuite> <!-- com.mkyong.conector.jes.TestFacturaBasicaJes -->
