<?xml version="1.0" encoding="UTF-8"?>
<!-- Generated by org.testng.reporters.JUnitReportReporter -->
<testsuite skipped="0" hostname="Lisandro-Silva.local" name="com.mkyong.buson.jes.detail.TestDonativosJesDetail" tests="1" failures="0" timestamp="04 Mar 2020 17:16:39 GMT" time="70.212" errors="0">
  <testcase name="basePageNavigation" time="70.212" classname="com.mkyong.buson.jes.detail.TestDonativosJesDetail"/>
</testsuite> <!-- com.mkyong.buson.jes.detail.TestDonativosJesDetail -->
