<?xml version="1.0" encoding="UTF-8"?>
<!-- Generated by org.testng.reporters.JUnitReportReporter -->
<testsuite skipped="0" hostname="Lisandro-Silva.local" name="com.mkyong.conector.jes.TestServiciosParcealesDeContruccionJes" tests="1" failures="0" timestamp="02 Apr 2020 23:31:03 GMT" time="33.893" errors="0">
  <testcase name="basePageNavigation" time="33.893" classname="com.mkyong.conector.jes.TestServiciosParcealesDeContruccionJes"/>
</testsuite> <!-- com.mkyong.conector.jes.TestServiciosParcealesDeContruccionJes -->
