<?xml version="1.0" encoding="UTF-8"?>
<!-- Generated by org.testng.reporters.JUnitReportReporter -->
<testsuite skipped="0" hostname="Lisandro-Silva.local" name="com.mkyong.busonfiscal.TestBusquedaReportes8" tests="1" failures="0" timestamp="07 Apr 2020 23:03:07 GMT" time="10.199" errors="1">
  <testcase name="basePageNavigation" time="10.199" classname="com.mkyong.busonfiscal.TestBusquedaReportes8">
    <error type="org.openqa.selenium.ElementClickInterceptedException" message="Element &lt;img src=&quot;data:image/png;base64,iVBORw0KGgoAAAANSUhEUgAAAOEAAADhCAMAAAAJbSJIAAAAkFBMVEX///8AAAD8/PwEBAQLCwsUFBQPDw8aGhoYGBgSEhIKCgobGxv4+Pjx8fHR0dHq6uq2trbk5OTZ2dm8vLw+Pj7Pz8/g4OC/v78kJCRdXV2xsbHFxcWIiIimpqYoKCipqalVVVVHR0eVlZVOTk6AgIA3Nzd3d3eenp4zMzNsbGxFRUWQkJBubm41NTViYmJ6enq4k4z+AAARNElEQVR4nO1ciXKjPLOVBBgwiEUsZt9t8BL8/m93WziZcRJv+e4f4kzpVE1mJgasQ7d6U0sICQgICAgICAgICAgICAgICAgI/Bsg5L9++Bvwh4Bph1aQrjyHw1ulgRXa5seLfh1eR25bXtlkm7Gq/aGIDMOIisGvq3GTNaVn2a+X/j6WpyG7qz7bVmsDX4a6brdZv3L/3vBbcBqtlXexf43cOc24y62/t/0CTAMN++0uusvuDZG/7Rn6JRz5IE3n8IDw3sNYbxP6CzjyAdrNTvsiPYwl+KP5jf3sHDm/7nHlvCDJzp6e8qSAkdHjm0D+C6b7Nk/LEbSL7vkw/ys//Hbznj6lqgI/J/p/yO9cjpFDn06MBJnh+J6fJC/eIN+gDZfJy6UkLU+XS6dnjKH5XBwJsnPjPb+FrKiaMkHVl9cZyoqm6EByoWiqommcIn+OkdtPRZGww/sJCBLBL20VT6iGq0KUZXW9Lgz4eFn4bRz7+nQlf9SBPQ1DPgN37yfgcoHbzgtYyMFY+XJlesoaHh0vyZuua5JVwFjaFae3AT92zzIbQUOb4uPcwlvL/HsJrfBFPZX0xW51eoj5yiWMZfnt46J5Ck0lyD0qH0Sk4JadDL5pJYwQ57KaLhXjaLmrBPJFi/E0ygySfvfnWRLWju7PUySIbT8NXcU9oRuuY+E4JPBDWVySoKpsXLMfoqh48Y/Utek+PlSLd/50y36aIhCsPo9dwQlxczcxkb3RE2TVygUllSZJpz6uvGCVbLuE5Xpnl4Uun19V/TBFILi7IB0Nl4RQ3wO9a5SrDJdDilAS4Ti1yqZJvE1UW7SbXOIZ6h+lCFq4vkAQtDQ3UZoiFrqxcY1hZOTwBvJC1Qpl9KymkJd7lK4XHxV6/YNzEdxEcdENGJwhsgqf9ThKULDT5E/XRNIGXtAG/J9/XLFSVXBUMzPDH22ShIcfcxrwtZcJYh3mIXLwmDrwnxzmmvqJoYYXNmIt/Oto26XBRarvYVIvlI9XSnj9Q8kGfKl/maC8xCtEcYpKXGzAbV9iaGALUhGjazb5XsIGvCqtDkmPF5/1WcLtT/DjDLsrkYqyLCwUdCgvUpu7uQsMC9zDE9LMS2Lc5kGDpUJuuLu/XB3IfkKIBCXXUiVVakNk2zkO7L6n5AJDA1fwBDuHWKgqmZ0vMJhUSjO8vPRE+J03P0WwEtG1XNDAMYjOw2q7PtpB8JmhgosQTZ5UWtbHboeX/BbaYP1SZMApFj9gUGl8Ndk18AgMM1DFijlD/4nhQjO4q/SAmW5sgrIwQIK22WBFv/JESBjN+0P6n4Kg5pPRO2O4tRFdS4Yfbw3jk7eQDdzwhPJYG23h9/1uoXKh91i7UaLT+nmFSFBwxY6eGG5sZOtLP99pa+4P63OGYEwO8AI28M9dtosKLKt4dJED+e91ghLezRzbTAO8wZAiGxce2ztJnb+PaWSFx5rmEW8O4ON1rBpAMETBi367yCod59RTcOfFjcGo+AgMu5QEZWof+ncMITeuAvCEcZ60wHDb5RXehsjd4XtV5BdvToL24dZYVNxRhGy2j9vEPjTnDCE3jgPIGj3WtJ2TVamd1oeQm637ZXJQjPmQ3KxrqzijKDjU4KnN4KWjZwxl3AYEmfDxovCcam+VFUR45IiN+1XIwpmL3j0Rnhh64PUy2x3BrPxlKC+GhNsLO9jiYd16wQa03UH5Ivocml8Q4nxFDe/20oQ2yRDjFbEGfTjarH1jqOsxmESaVoMc4ZFZsY71xkzXDxHEw2omfoh2t0fyytBBnhwHoeOy9q1gqms7yBpjyJQi0GAbgprdioSt/hBBjPdzmVPwhfcZOi1quONzy/APQ2nJzUUZFYUKkbeZdAmjyByx8uBSQG3Nwo+Q/M5AFL62wqidBEMd9CNo6WtOtNBqHqVyPgk8iU4lxNwwHhOhdLprBri37cwrQ3gV4aZKapAja+WJ4RJsD2GxXlQbmFHETS3KK1mP6ijm2fIsDIMrmf0ZwwaUL93gaN/h5dEOqxPDhRaHiJUpCzybhH3jupBh5KryKEPI9udQU0KSeyOZZJjgXVPgIm4sElYSJ7HUigRRlznZtlklu8T0Yoc7nlsrUx8xR55I7ONDDPvWDXabhC+vuDHmDDW8MYkTV12SJnHL7IwnWd7LlZzwMjI6g0cM6/sMQUuZi1xmeaHtkhNDTasg88/ahHnbdg8+EUcln9OPz0JA5X47P4Ksj6sUlxlyS5MfHLvvTTvGC6yq6xTEmVWbuO0YzXVdPdgkKb4iQglH7PsZEufuQE6WhvUxTmivd5SOeKEqBoSVYbZ+2TYBYh02ogPjhYzraf1FpN8+EYnZPMAQ5qFXSeC+2P7YueYWG3LkQMRdbnuHmcSLlwtV4+VEfKkafgu5+e0Mb+a+J6g8cunxtHhB0w0jGyzVPKY0U89zXFS+RMaAD4h4xaca/j3MYGrs6xWoNyjSwFCJ93wspIeMfq+AdiHQzarKLEgX4ZoFtlDY4uvFnivYfr/Pd28UaF4h6RB19zVBLkGrFwgmSyM2QYBrPCQ294BDkxclMrNHssL3T8btdxtTgsJ7EQ2eVmbQvjE3JfIG7KfIWo8m2kaGDyEJOxQNMLeBvPSFeO2N4XoGhnedxYlhbuhbGyYjLlZ8HZ8hq8Jj2rSRVBLkZWBX8dd1dIbSMETK8n0tXYCWNjix1viQ5COEZi1QPvW86QsjZS32KYLs8KsdmvDNRvj9DO83dkGuBJpJzbg0KTWznDOMuIVgW91Q9sk+cacOh5cvU5Sw9hQMlWXEcwCTmCuPHcEruq0BGS93pXqVhntGWMMzvZSb1C8yVGdguLzLUJN8xkP0MnZc0EyIPnmSb6PUGB0IWA/1DlckDZDZy9rXjCmEbd/PMFTvMlQlbtM9HLvhFvtjOmkpzpBJCWF9BarZIQtXlDuOr1GcxdK4972FKvEUoNqgtK0znsfTlq+bgebSco2B7IaCgoJsEbjIL+mphP3vTy4e8PgTQ5oQp+4seCUpNUe8NKQtRbQxjEI/uBC9F0fGWzGML/lECVffH9NA1HYPk5aaZpCVZc7YtrPRXjcgWm1MrpdRx3LsHxyXzyh3i/Uv6en3R22E3k3xYW7tQsQ3zGzGbRfzRYx00CR5qefg64fO8rK9Y6VZyjyCnGHxpcDm+yNvYvYPMARbSsKmbdMGkiOQoe1DKq8r8Gvbc73eRs6myFkMISvN9C8JcYbsiXiPMQxiHLfZDrd8owj1waJI6iIj8IrybZP7xSrkURxCQS0/nCJKc2TAiFcx7kCV6hDcuccrx53lgl5NMsSy3IJ1cWrDwIeQ1d0qpLzzzdAepQjO4vurGIhndXfUarKltpUUddLECe/ZsrkM8VKR9rz3hO83sBOLhmCMGGLt8vE8P/5+ZwGhyp11mddOBYR6z6SHloUwqElLIUbTIR22R5hMlLHkEAY+r3eAB3l4Ju7nqCberwif1oAJ+IKqZUkBIai9ntqglwucmcjxCHG2hmox3yjqAIW7yz3SlzBP51Aw3K/q82UwAm4vaPgKKCLdckojdKXlMXnCF6/Y6U3BpfvFY1ulIKKZZ/HJvlOLAttY8ubLNaT3HR4ybhz2cvQ6SBCv2WLcmjyzqHIGV57s0CPoZlmZmRrabgFcuEN401efxtifOihgHp7qorrOF3IzXBMXD33AGCW2iTzjVmvHG6RJHWZBcKnz+S90OUoR1bEVVlkab0LTRGYMk/P0IT64KPQ7MFj7IBv8IK0gsjk+lgtXc/gKDprdZrh8CZCrHlCa2o0eO82K/NFSMKdyCbGaWjpb3g7Vs5iv7IIleqRmM9sqN1rdVCplCSGNtWhMVlZ4UddKb6JcfzMm2tR+P4XvWtFZB7xYwMBT/MBCMF/4mAXkjq1RpB1Dq8W2qbG/lpUqdwnq/5hLaTGtgb9EhqLWSadU+9wx+dRU7zrFbsaWoZtNX4pUMxCaBkNy4irnaQZq5D8OQdcLvgsBotco9455aNuImrwMoN4T4WzNJuhO494kw/0yAlnRJKDTnqa/WjrpqYvIFmwpdRlzGuZmPUFBod2xNscZRQi+4OUGQz4P9zI+mIimTUAcCE3PGS75piHk7oamyY7xkIedoUDK0GP1ZteJP0da8RfmjTxYX64tcHHYI95mm7O8yN4zBHtaBLxSNal6Y+8jFdfg9/drLF83N3I2cwct210N3SZ/GEZ4Ow4vVd4V+CND0NMaIps9NnivbQ8x+SYlMBvTEV+r2kxLMjNT7K+2S0JM43EfL63TXB5k7DvmB4aSgfenik8cltjfpxRlFe9t3+JrG2qNZOZWdsjVx2tC5HEpmVZIUwhADd5u+YEh782HGDqI6iDMEtdErNYxX0Nl4zWKh1npnSjaV3cj6DxhSNtR1Yd8leX84g8MQU8j0NM+gydBxlcOkHIpRT/t9btQtvmZvU88tr5CcerzpnaFxyzI1lnOPsmQl4U70NOEuf2RNQt88HFUyBDcrIbPeQZ8S/Azm2au9SwoS8Pii/aUX7CYWrU+McSR5HA9hUC8w1vHq3iPO9+mYdUX8uH8R7Z2wXeOVyhqfHeeudpi2TB0vlMU9Z8YylLBeJLcWHG/GrFcxCOuGu5Fhk9rGZsfoPdK8UpRalLTEv6ODDXSgSGNpU+5g4FH0OWsclbN0B4clwfhPLWi1Uc9HX/sKJBpyeUyw5EzVAcfMLQWJCOf6xSSYTQn08L3GdCk5jfynQrVh9Wa+AcPkOC1pksMp10+brv3AssKVolND/qF9G+pD0DN2/Q8Nu+rcdx2fWCiZHhvTeMf3ZQPMri0UKPhHQzrb2nT2l3ycpBHtafKEiHIBHAi1PPxu73O4w9vyb+4HR/y9XX49jkH3WuXUqOlstgmr5iOqnOSMhveO8TDj585AIq6+egX5QXuIdOhtg2mxOLVtPTCPMTTDhpZkXUNsJT4AS4Kl+yfh0lY7p7g3AgIbjLtPcVpHzAyN4c+CJJ8ZUNwcJnh2Rk2+usP/Zxg9CwHY9D+Q8pvTGEbzpmVWnaamqg3rmS30uIDzl/VOnmSw01AXKv6naae/KFHkJUiq4KsYPPZHd4BPK0K5t43egOE71D4SxG8BcxAZDaxS7shveDE7/GDZ2X2Mx2HxZtjz/RQw63ND8Z6CcNRwTkJ64t7tG8JsFg93UFRqP4rRIU3hexxb08d0w0J/Ef3/bzyw5snUtATwC+eWcuJoU3D/d6FzKFH6frxxiB+IS/jPJUA0VTVOGtJV06NPdSljIVxjpzhfrn3jF/5nIcnnoc2J4a21+EqDGoHJcWjDLG8hnD86QQ4uf3z2pvOOwqoj4sxZJVvofJRhkbLd2o8Hz8+pneLNdISe4gae8trChyzBxku12P5xCeY7s93hkxNwshZ5a2k8ti5N+5bmiLOIPh5Wn4faosSr5gitiuyptlkNmq0yzL888shznjf8BPz+3AgFsgQGIbH0mYkbSjJZGAovcPfi6N203vh6TFPjLL4xNBMGKU2sjyTXOvAMfyx651gaj94WvG94v269zQPzdf8HaIvluTZZmz9l9OJ5cPa5weW9/ykxDnPSfjvILzP6ZzgVMJ9fwm1Q2ZZwQmWxUKbmqd7n1s5Tzj1qp3zG9NH4spfQO0PzhaieF5QzrPlejZA6tSdE9w8z9Gq/yOcnQ4p8cVo8qvU7zE4wx8H3phPb/f/C/4sQo3u77Ifj+LtuBrepfcvCpA3o3MFHbLf4dv+CxLwFcXW+mf58bYRJea77f5VgojFfvOPWphXWHvuAv9hgog+aWnlf4l/nZ+AgICAgICAgICAgICAgICAgICAgICAgICAgICAgICAgICAgICAgICAgICAgICAgICAgICAgICAgICAgICAgICAgICAgIDAL8T/AbiyTxrYz9S/AAAAAElFTkSuQmCC&quot;&gt; is not clickable at point (1146,43) because another element &lt;div class=&quot;page-loader&quot;&gt; obscures it
Build info: version: &#039;3.141.59&#039;, revision: &#039;e82be7d358&#039;, time: &#039;2018-11-14T08:17:03&#039;
System info: host: &#039;Lisandro-Silva.local&#039;, ip: &#039;127.0.0.1&#039;, os.name: &#039;Mac OS X&#039;, os.arch: &#039;x86_64&#039;, os.version: &#039;10.15.2&#039;, java.version: &#039;1.8.0_112&#039;
Driver info: org.openqa.selenium.firefox.FirefoxDriver
Capabilities {acceptInsecureCerts: true, browserName: firefox, browserVersion: 73.0.1, javascriptEnabled: true, moz:accessibilityChecks: false, moz:buildID: 20200217142647, moz:geckodriverVersion: 0.26.0, moz:headless: false, moz:processID: 3042, moz:profile: /var/folders/zd/xs0gg_pd749..., moz:shutdownTimeout: 60000, moz:useNonSpecCompliantPointerOrigin: false, moz:webdriverClick: true, pageLoadStrategy: normal, platform: MAC, platformName: MAC, platformVersion: 19.2.0, rotatable: false, setWindowRect: true, strictFileInteractability: false, timeouts: {implicit: 0, pageLoad: 300000, script: 30000}, unhandledPromptBehavior: dismiss and notify}
Session ID: 73d67dee-c22b-3044-80f4-be86e7a79e11">
      <![CDATA[org.openqa.selenium.ElementClickInterceptedException: Element <img src="data:image/png;base64,iVBORw0KGgoAAAANSUhEUgAAAOEAAADhCAMAAAAJbSJIAAAAkFBMVEX///8AAAD8/PwEBAQLCwsUFBQPDw8aGhoYGBgSEhIKCgobGxv4+Pjx8fHR0dHq6uq2trbk5OTZ2dm8vLw+Pj7Pz8/g4OC/v78kJCRdXV2xsbHFxcWIiIimpqYoKCipqalVVVVHR0eVlZVOTk6AgIA3Nzd3d3eenp4zMzNsbGxFRUWQkJBubm41NTViYmJ6enq4k4z+AAARNElEQVR4nO1ciXKjPLOVBBgwiEUsZt9t8BL8/m93WziZcRJv+e4f4kzpVE1mJgasQ7d6U0sICQgICAgICAgICAgICAgICAgI/Bsg5L9++Bvwh4Bph1aQrjyHw1ulgRXa5seLfh1eR25bXtlkm7Gq/aGIDMOIisGvq3GTNaVn2a+X/j6WpyG7qz7bVmsDX4a6brdZv3L/3vBbcBqtlXexf43cOc24y62/t/0CTAMN++0uusvuDZG/7Rn6JRz5IE3n8IDw3sNYbxP6CzjyAdrNTvsiPYwl+KP5jf3sHDm/7nHlvCDJzp6e8qSAkdHjm0D+C6b7Nk/LEbSL7vkw/ys//Hbznj6lqgI/J/p/yO9cjpFDn06MBJnh+J6fJC/eIN+gDZfJy6UkLU+XS6dnjKH5XBwJsnPjPb+FrKiaMkHVl9cZyoqm6EByoWiqommcIn+OkdtPRZGww/sJCBLBL20VT6iGq0KUZXW9Lgz4eFn4bRz7+nQlf9SBPQ1DPgN37yfgcoHbzgtYyMFY+XJlesoaHh0vyZuua5JVwFjaFae3AT92zzIbQUOb4uPcwlvL/HsJrfBFPZX0xW51eoj5yiWMZfnt46J5Ck0lyD0qH0Sk4JadDL5pJYwQ57KaLhXjaLmrBPJFi/E0ygySfvfnWRLWju7PUySIbT8NXcU9oRuuY+E4JPBDWVySoKpsXLMfoqh48Y/Utek+PlSLd/50y36aIhCsPo9dwQlxczcxkb3RE2TVygUllSZJpz6uvGCVbLuE5Xpnl4Uun19V/TBFILi7IB0Nl4RQ3wO9a5SrDJdDilAS4Ti1yqZJvE1UW7SbXOIZ6h+lCFq4vkAQtDQ3UZoiFrqxcY1hZOTwBvJC1Qpl9KymkJd7lK4XHxV6/YNzEdxEcdENGJwhsgqf9ThKULDT5E/XRNIGXtAG/J9/XLFSVXBUMzPDH22ShIcfcxrwtZcJYh3mIXLwmDrwnxzmmvqJoYYXNmIt/Oto26XBRarvYVIvlI9XSnj9Q8kGfKl/maC8xCtEcYpKXGzAbV9iaGALUhGjazb5XsIGvCqtDkmPF5/1WcLtT/DjDLsrkYqyLCwUdCgvUpu7uQsMC9zDE9LMS2Lc5kGDpUJuuLu/XB3IfkKIBCXXUiVVakNk2zkO7L6n5AJDA1fwBDuHWKgqmZ0vMJhUSjO8vPRE+J03P0WwEtG1XNDAMYjOw2q7PtpB8JmhgosQTZ5UWtbHboeX/BbaYP1SZMApFj9gUGl8Ndk18AgMM1DFijlD/4nhQjO4q/SAmW5sgrIwQIK22WBFv/JESBjN+0P6n4Kg5pPRO2O4tRFdS4Yfbw3jk7eQDdzwhPJYG23h9/1uoXKh91i7UaLT+nmFSFBwxY6eGG5sZOtLP99pa+4P63OGYEwO8AI28M9dtosKLKt4dJED+e91ghLezRzbTAO8wZAiGxce2ztJnb+PaWSFx5rmEW8O4ON1rBpAMETBi367yCod59RTcOfFjcGo+AgMu5QEZWof+ncMITeuAvCEcZ60wHDb5RXehsjd4XtV5BdvToL24dZYVNxRhGy2j9vEPjTnDCE3jgPIGj3WtJ2TVamd1oeQm637ZXJQjPmQ3KxrqzijKDjU4KnN4KWjZwxl3AYEmfDxovCcam+VFUR45IiN+1XIwpmL3j0Rnhh64PUy2x3BrPxlKC+GhNsLO9jiYd16wQa03UH5Ivocml8Q4nxFDe/20oQ2yRDjFbEGfTjarH1jqOsxmESaVoMc4ZFZsY71xkzXDxHEw2omfoh2t0fyytBBnhwHoeOy9q1gqms7yBpjyJQi0GAbgprdioSt/hBBjPdzmVPwhfcZOi1quONzy/APQ2nJzUUZFYUKkbeZdAmjyByx8uBSQG3Nwo+Q/M5AFL62wqidBEMd9CNo6WtOtNBqHqVyPgk8iU4lxNwwHhOhdLprBri37cwrQ3gV4aZKapAja+WJ4RJsD2GxXlQbmFHETS3KK1mP6ijm2fIsDIMrmf0ZwwaUL93gaN/h5dEOqxPDhRaHiJUpCzybhH3jupBh5KryKEPI9udQU0KSeyOZZJjgXVPgIm4sElYSJ7HUigRRlznZtlklu8T0Yoc7nlsrUx8xR55I7ONDDPvWDXabhC+vuDHmDDW8MYkTV12SJnHL7IwnWd7LlZzwMjI6g0cM6/sMQUuZi1xmeaHtkhNDTasg88/ahHnbdg8+EUcln9OPz0JA5X47P4Ksj6sUlxlyS5MfHLvvTTvGC6yq6xTEmVWbuO0YzXVdPdgkKb4iQglH7PsZEufuQE6WhvUxTmivd5SOeKEqBoSVYbZ+2TYBYh02ogPjhYzraf1FpN8+EYnZPMAQ5qFXSeC+2P7YueYWG3LkQMRdbnuHmcSLlwtV4+VEfKkafgu5+e0Mb+a+J6g8cunxtHhB0w0jGyzVPKY0U89zXFS+RMaAD4h4xaca/j3MYGrs6xWoNyjSwFCJ93wspIeMfq+AdiHQzarKLEgX4ZoFtlDY4uvFnivYfr/Pd28UaF4h6RB19zVBLkGrFwgmSyM2QYBrPCQ294BDkxclMrNHssL3T8btdxtTgsJ7EQ2eVmbQvjE3JfIG7KfIWo8m2kaGDyEJOxQNMLeBvPSFeO2N4XoGhnedxYlhbuhbGyYjLlZ8HZ8hq8Jj2rSRVBLkZWBX8dd1dIbSMETK8n0tXYCWNjix1viQ5COEZi1QPvW86QsjZS32KYLs8KsdmvDNRvj9DO83dkGuBJpJzbg0KTWznDOMuIVgW91Q9sk+cacOh5cvU5Sw9hQMlWXEcwCTmCuPHcEruq0BGS93pXqVhntGWMMzvZSb1C8yVGdguLzLUJN8xkP0MnZc0EyIPnmSb6PUGB0IWA/1DlckDZDZy9rXjCmEbd/PMFTvMlQlbtM9HLvhFvtjOmkpzpBJCWF9BarZIQtXlDuOr1GcxdK4972FKvEUoNqgtK0znsfTlq+bgebSco2B7IaCgoJsEbjIL+mphP3vTy4e8PgTQ5oQp+4seCUpNUe8NKQtRbQxjEI/uBC9F0fGWzGML/lECVffH9NA1HYPk5aaZpCVZc7YtrPRXjcgWm1MrpdRx3LsHxyXzyh3i/Uv6en3R22E3k3xYW7tQsQ3zGzGbRfzRYx00CR5qefg64fO8rK9Y6VZyjyCnGHxpcDm+yNvYvYPMARbSsKmbdMGkiOQoe1DKq8r8Gvbc73eRs6myFkMISvN9C8JcYbsiXiPMQxiHLfZDrd8owj1waJI6iIj8IrybZP7xSrkURxCQS0/nCJKc2TAiFcx7kCV6hDcuccrx53lgl5NMsSy3IJ1cWrDwIeQ1d0qpLzzzdAepQjO4vurGIhndXfUarKltpUUddLECe/ZsrkM8VKR9rz3hO83sBOLhmCMGGLt8vE8P/5+ZwGhyp11mddOBYR6z6SHloUwqElLIUbTIR22R5hMlLHkEAY+r3eAB3l4Ju7nqCberwif1oAJ+IKqZUkBIai9ntqglwucmcjxCHG2hmox3yjqAIW7yz3SlzBP51Aw3K/q82UwAm4vaPgKKCLdckojdKXlMXnCF6/Y6U3BpfvFY1ulIKKZZ/HJvlOLAttY8ubLNaT3HR4ybhz2cvQ6SBCv2WLcmjyzqHIGV57s0CPoZlmZmRrabgFcuEN401efxtifOihgHp7qorrOF3IzXBMXD33AGCW2iTzjVmvHG6RJHWZBcKnz+S90OUoR1bEVVlkab0LTRGYMk/P0IT64KPQ7MFj7IBv8IK0gsjk+lgtXc/gKDprdZrh8CZCrHlCa2o0eO82K/NFSMKdyCbGaWjpb3g7Vs5iv7IIleqRmM9sqN1rdVCplCSGNtWhMVlZ4UddKb6JcfzMm2tR+P4XvWtFZB7xYwMBT/MBCMF/4mAXkjq1RpB1Dq8W2qbG/lpUqdwnq/5hLaTGtgb9EhqLWSadU+9wx+dRU7zrFbsaWoZtNX4pUMxCaBkNy4irnaQZq5D8OQdcLvgsBotco9455aNuImrwMoN4T4WzNJuhO494kw/0yAlnRJKDTnqa/WjrpqYvIFmwpdRlzGuZmPUFBod2xNscZRQi+4OUGQz4P9zI+mIimTUAcCE3PGS75piHk7oamyY7xkIedoUDK0GP1ZteJP0da8RfmjTxYX64tcHHYI95mm7O8yN4zBHtaBLxSNal6Y+8jFdfg9/drLF83N3I2cwct210N3SZ/GEZ4Ow4vVd4V+CND0NMaIps9NnivbQ8x+SYlMBvTEV+r2kxLMjNT7K+2S0JM43EfL63TXB5k7DvmB4aSgfenik8cltjfpxRlFe9t3+JrG2qNZOZWdsjVx2tC5HEpmVZIUwhADd5u+YEh782HGDqI6iDMEtdErNYxX0Nl4zWKh1npnSjaV3cj6DxhSNtR1Yd8leX84g8MQU8j0NM+gydBxlcOkHIpRT/t9btQtvmZvU88tr5CcerzpnaFxyzI1lnOPsmQl4U70NOEuf2RNQt88HFUyBDcrIbPeQZ8S/Azm2au9SwoS8Pii/aUX7CYWrU+McSR5HA9hUC8w1vHq3iPO9+mYdUX8uH8R7Z2wXeOVyhqfHeeudpi2TB0vlMU9Z8YylLBeJLcWHG/GrFcxCOuGu5Fhk9rGZsfoPdK8UpRalLTEv6ODDXSgSGNpU+5g4FH0OWsclbN0B4clwfhPLWi1Uc9HX/sKJBpyeUyw5EzVAcfMLQWJCOf6xSSYTQn08L3GdCk5jfynQrVh9Wa+AcPkOC1pksMp10+brv3AssKVolND/qF9G+pD0DN2/Q8Nu+rcdx2fWCiZHhvTeMf3ZQPMri0UKPhHQzrb2nT2l3ycpBHtafKEiHIBHAi1PPxu73O4w9vyb+4HR/y9XX49jkH3WuXUqOlstgmr5iOqnOSMhveO8TDj585AIq6+egX5QXuIdOhtg2mxOLVtPTCPMTTDhpZkXUNsJT4AS4Kl+yfh0lY7p7g3AgIbjLtPcVpHzAyN4c+CJJ8ZUNwcJnh2Rk2+usP/Zxg9CwHY9D+Q8pvTGEbzpmVWnaamqg3rmS30uIDzl/VOnmSw01AXKv6naae/KFHkJUiq4KsYPPZHd4BPK0K5t43egOE71D4SxG8BcxAZDaxS7shveDE7/GDZ2X2Mx2HxZtjz/RQw63ND8Z6CcNRwTkJ64t7tG8JsFg93UFRqP4rRIU3hexxb08d0w0J/Ef3/bzyw5snUtATwC+eWcuJoU3D/d6FzKFH6frxxiB+IS/jPJUA0VTVOGtJV06NPdSljIVxjpzhfrn3jF/5nIcnnoc2J4a21+EqDGoHJcWjDLG8hnD86QQ4uf3z2pvOOwqoj4sxZJVvofJRhkbLd2o8Hz8+pneLNdISe4gae8trChyzBxku12P5xCeY7s93hkxNwshZ5a2k8ti5N+5bmiLOIPh5Wn4faosSr5gitiuyptlkNmq0yzL888shznjf8BPz+3AgFsgQGIbH0mYkbSjJZGAovcPfi6N203vh6TFPjLL4xNBMGKU2sjyTXOvAMfyx651gaj94WvG94v269zQPzdf8HaIvluTZZmz9l9OJ5cPa5weW9/ykxDnPSfjvILzP6ZzgVMJ9fwm1Q2ZZwQmWxUKbmqd7n1s5Tzj1qp3zG9NH4spfQO0PzhaieF5QzrPlejZA6tSdE9w8z9Gq/yOcnQ4p8cVo8qvU7zE4wx8H3phPb/f/C/4sQo3u77Ifj+LtuBrepfcvCpA3o3MFHbLf4dv+CxLwFcXW+mf58bYRJea77f5VgojFfvOPWphXWHvuAv9hgog+aWnlf4l/nZ+AgICAgICAgICAgICAgICAgICAgICAgICAgICAgICAgICAgICAgICAgICAgICAgICAgICAgICAgICAgICAgICAgICAgIDAL8T/AbiyTxrYz9S/AAAAAElFTkSuQmCC"> is not clickable at point (1146,43) because another element <div class="page-loader"> obscures it
Build info: version: '3.141.59', revision: 'e82be7d358', time: '2018-11-14T08:17:03'
System info: host: 'Lisandro-Silva.local', ip: '127.0.0.1', os.name: 'Mac OS X', os.arch: 'x86_64', os.version: '10.15.2', java.version: '1.8.0_112'
Driver info: org.openqa.selenium.firefox.FirefoxDriver
Capabilities {acceptInsecureCerts: true, browserName: firefox, browserVersion: 73.0.1, javascriptEnabled: true, moz:accessibilityChecks: false, moz:buildID: 20200217142647, moz:geckodriverVersion: 0.26.0, moz:headless: false, moz:processID: 3042, moz:profile: /var/folders/zd/xs0gg_pd749..., moz:shutdownTimeout: 60000, moz:useNonSpecCompliantPointerOrigin: false, moz:webdriverClick: true, pageLoadStrategy: normal, platform: MAC, platformName: MAC, platformVersion: 19.2.0, rotatable: false, setWindowRect: true, strictFileInteractability: false, timeouts: {implicit: 0, pageLoad: 300000, script: 30000}, unhandledPromptBehavior: dismiss and notify}
Session ID: 73d67dee-c22b-3044-80f4-be86e7a79e11
at sun.reflect.NativeConstructorAccessorImpl.newInstance0(Native Method)
at sun.reflect.NativeConstructorAccessorImpl.newInstance(NativeConstructorAccessorImpl.java:62)
at sun.reflect.DelegatingConstructorAccessorImpl.newInstance(DelegatingConstructorAccessorImpl.java:45)
at java.lang.reflect.Constructor.newInstance(Constructor.java:423)
at org.openqa.selenium.remote.http.W3CHttpResponseCodec.createException(W3CHttpResponseCodec.java:187)
at org.openqa.selenium.remote.http.W3CHttpResponseCodec.decode(W3CHttpResponseCodec.java:122)
at org.openqa.selenium.remote.http.W3CHttpResponseCodec.decode(W3CHttpResponseCodec.java:49)
at org.openqa.selenium.remote.HttpCommandExecutor.execute(HttpCommandExecutor.java:158)
at org.openqa.selenium.remote.service.DriverCommandExecutor.execute(DriverCommandExecutor.java:83)
at org.openqa.selenium.remote.RemoteWebDriver.execute(RemoteWebDriver.java:552)
at org.openqa.selenium.remote.RemoteWebElement.execute(RemoteWebElement.java:285)
at org.openqa.selenium.remote.RemoteWebElement.click(RemoteWebElement.java:84)
at com.mkyong.busonfiscal.TestBusquedaReportes8.basePageNavigation(TestBusquedaReportes8.java:46)
at sun.reflect.NativeMethodAccessorImpl.invoke0(Native Method)
at sun.reflect.NativeMethodAccessorImpl.invoke(NativeMethodAccessorImpl.java:62)
at sun.reflect.DelegatingMethodAccessorImpl.invoke(DelegatingMethodAccessorImpl.java:43)
at java.lang.reflect.Method.invoke(Method.java:498)
at org.testng.internal.MethodInvocationHelper.invokeMethod(MethodInvocationHelper.java:124)
at org.testng.internal.Invoker.invokeMethod(Invoker.java:583)
at org.testng.internal.Invoker.invokeTestMethod(Invoker.java:719)
at org.testng.internal.Invoker.invokeTestMethods(Invoker.java:989)
at org.testng.internal.TestMethodWorker.invokeTestMethods(TestMethodWorker.java:125)
at org.testng.internal.TestMethodWorker.run(TestMethodWorker.java:109)
at org.testng.TestRunner.privateRun(TestRunner.java:648)
at org.testng.TestRunner.run(TestRunner.java:505)
at org.testng.SuiteRunner.runTest(SuiteRunner.java:455)
at org.testng.SuiteRunner.runSequentially(SuiteRunner.java:450)
at org.testng.SuiteRunner.privateRun(SuiteRunner.java:415)
at org.testng.SuiteRunner.run(SuiteRunner.java:364)
at org.testng.SuiteRunnerWorker.runSuite(SuiteRunnerWorker.java:52)
at org.testng.SuiteRunnerWorker.run(SuiteRunnerWorker.java:84)
at org.testng.TestNG.runSuitesSequentially(TestNG.java:1208)
at org.testng.TestNG.runSuitesLocally(TestNG.java:1137)
at org.testng.TestNG.runSuites(TestNG.java:1049)
at org.testng.TestNG.run(TestNG.java:1017)
at org.testng.remote.AbstractRemoteTestNG.run(AbstractRemoteTestNG.java:115)
at org.testng.remote.RemoteTestNG.initAndRun(RemoteTestNG.java:251)
at org.testng.remote.RemoteTestNG.main(RemoteTestNG.java:77)
]]>
    </error>
  </testcase> <!-- basePageNavigation -->
</testsuite> <!-- com.mkyong.busonfiscal.TestBusquedaReportes8 -->
