<?xml version="1.0" encoding="UTF-8"?>
<!-- Generated by org.testng.reporters.JUnitReportReporter -->
<testsuite hostname="Lisandro-Silva.local" name="com.mkyong.buson.jes.ObrasDeArteYAtenguedadJesTest" tests="1" failures="0" timestamp="18 May 2020 17:19:13 GMT" time="39.473" errors="0">
  <testcase name="obrasArtesAnteguedadJes" time="39.473" classname="com.mkyong.buson.jes.ObrasDeArteYAtenguedadJesTest"/>
</testsuite> <!-- com.mkyong.buson.jes.ObrasDeArteYAtenguedadJesTest -->
