<?xml version="1.0" encoding="UTF-8"?>
<!-- Generated by org.testng.reporters.JUnitReportReporter -->
<testsuite skipped="0" hostname="Lisandro-Silva.local" name="com.mkyong.busonfiscal.ReportesEmitidosTest7" tests="1" failures="0" timestamp="19 May 2020 18:07:02 GMT" time="58.254" errors="0">
  <testcase name="reportesEmitidos7" time="58.254" classname="com.mkyong.busonfiscal.ReportesEmitidosTest7"/>
</testsuite> <!-- com.mkyong.busonfiscal.ReportesEmitidosTest7 -->
