<?xml version="1.0" encoding="UTF-8"?>
<!-- Generated by org.testng.reporters.JUnitReportReporter -->
<testsuite skipped="0" hostname="Lisandro-Silva.local" name="com.mkyong.busonfiscal.ReportesEmitidosTest1" tests="1" failures="0" timestamp="19 May 2020 17:56:52 GMT" time="52.868" errors="0">
  <testcase name="reportesEmitidos1" time="52.868" classname="com.mkyong.busonfiscal.ReportesEmitidosTest1"/>
</testsuite> <!-- com.mkyong.busonfiscal.ReportesEmitidosTest1 -->
