<?xml version="1.0" encoding="UTF-8"?>
<!-- Generated by org.testng.reporters.JUnitReportReporter -->
<testsuite skipped="0" hostname="Lisandro-Silva.local" name="com.mkyong.busonfiscal.ReportesEmitidosDuplicarComprobanteNotaDeCreditoTest" tests="1" failures="0" timestamp="19 May 2020 17:46:41 GMT" time="35.165" errors="0">
  <testcase name="duplicadoComprNotaDeCredito" time="35.165" classname="com.mkyong.busonfiscal.ReportesEmitidosDuplicarComprobanteNotaDeCreditoTest"/>
</testsuite> <!-- com.mkyong.busonfiscal.ReportesEmitidosDuplicarComprobanteNotaDeCreditoTest -->
