<?xml version="1.0" encoding="UTF-8"?>
<!-- Generated by org.testng.reporters.JUnitReportReporter -->
<testsuite hostname="Lisandro-Silva.local" name="com.mkyong.buson.jes.VentaDeVehiculosJesTest" tests="1" failures="0" timestamp="18 May 2020 17:35:07 GMT" time="34.293" errors="0">
  <testcase name="ventaDeVehiculosJes" time="34.293" classname="com.mkyong.buson.jes.VentaDeVehiculosJesTest"/>
</testsuite> <!-- com.mkyong.buson.jes.VentaDeVehiculosJesTest -->
