<?xml version="1.0" encoding="UTF-8"?>
<!-- Generated by org.testng.reporters.JUnitReportReporter -->
<testsuite skipped="0" hostname="Lisandro-Silva.local" name="com.mkyong.busonfiscal.TestFacturaCartaPorte2" tests="1" failures="0" timestamp="07 Apr 2020 19:26:01 GMT" time="20.983" errors="0">
  <testcase name="basePageNavigation" time="20.983" classname="com.mkyong.busonfiscal.TestFacturaCartaPorte2"/>
</testsuite> <!-- com.mkyong.busonfiscal.TestFacturaCartaPorte2 -->
