<?xml version="1.0" encoding="UTF-8"?>
<!-- Generated by org.testng.reporters.JUnitReportReporter -->
<testsuite hostname="Lisandro-Silva.local" name="com.mkyong.buson.jes.FacturaDetallistaJesTest" tests="1" failures="0" timestamp="18 May 2020 16:27:01 GMT" time="37.584" errors="0">
  <testcase name="facturaDetallista" time="37.584" classname="com.mkyong.buson.jes.FacturaDetallistaJesTest"/>
</testsuite> <!-- com.mkyong.buson.jes.FacturaDetallistaJesTest -->
