<?xml version="1.0" encoding="UTF-8"?>
<!-- Generated by org.testng.reporters.JUnitReportReporter -->
<testsuite skipped="0" hostname="Lisandro-Silva.local" name="com.mkyong.busonfiscal.EmailPasswordCorrectTest2" tests="1" failures="0" timestamp="19 May 2020 15:24:31 GMT" time="19.497" errors="0">
  <testcase name="correoContrasena2" time="19.497" classname="com.mkyong.busonfiscal.EmailPasswordCorrectTest2"/>
</testsuite> <!-- com.mkyong.busonfiscal.EmailPasswordCorrectTest2 -->
