<?xml version="1.0" encoding="UTF-8"?>
<!-- Generated by org.testng.reporters.JUnitReportReporter -->
<testsuite hostname="Lisandro-Silva.local" name="com.mkyong.conector.jes.detail.ServiciosParcealesDeContruccionJesDetailTest" tests="1" failures="0" timestamp="18 May 2020 14:27:54 GMT" time="70.929" errors="0">
  <testcase name="basePageNavigation" time="70.929" classname="com.mkyong.conector.jes.detail.ServiciosParcealesDeContruccionJesDetailTest"/>
</testsuite> <!-- com.mkyong.conector.jes.detail.ServiciosParcealesDeContruccionJesDetailTest -->
