<?xml version="1.0" encoding="UTF-8"?>
<!-- Generated by org.testng.reporters.JUnitReportReporter -->
<testsuite skipped="0" hostname="Lisandro-Silva.local" name="com.mkyong.busongratis.NotaDeCreditoGratisTest2" tests="1" failures="0" timestamp="20 May 2020 17:42:37 GMT" time="37.406" errors="0">
  <testcase name="notadeCreditoGratisSimpl2" time="37.406" classname="com.mkyong.busongratis.NotaDeCreditoGratisTest2"/>
</testsuite> <!-- com.mkyong.busongratis.NotaDeCreditoGratisTest2 -->
