<?xml version="1.0" encoding="UTF-8"?>
<!-- Generated by org.testng.reporters.JUnitReportReporter -->
<testsuite skipped="0" hostname="Lisandro-Silva.local" name="com.mkyong.conector.jes.TestObrasDeArteYAtenguedadJes" tests="1" failures="0" timestamp="02 Apr 2020 23:27:03 GMT" time="35.913" errors="0">
  <testcase name="basePageNavigation" time="35.913" classname="com.mkyong.conector.jes.TestObrasDeArteYAtenguedadJes"/>
</testsuite> <!-- com.mkyong.conector.jes.TestObrasDeArteYAtenguedadJes -->
