<?xml version="1.0" encoding="UTF-8"?>
<!-- Generated by org.testng.reporters.JUnitReportReporter -->
<testsuite skipped="0" hostname="Lisandro-Silva.local" name="com.mkyong.buson.jes.TestComercioExteriorJes" tests="1" failures="0" timestamp="06 Apr 2020 17:58:35 GMT" time="58.999" errors="0">
  <testcase name="basePageNavigation" time="58.999" classname="com.mkyong.buson.jes.TestComercioExteriorJes"/>
</testsuite> <!-- com.mkyong.buson.jes.TestComercioExteriorJes -->
