<?xml version="1.0" encoding="UTF-8"?>
<!-- Generated by org.testng.reporters.JUnitReportReporter -->
<testsuite skipped="0" hostname="Lisandro-Silva.local" name="com.mkyong.busonfiscal.LeyendasFiscalesTest2" tests="1" failures="0" timestamp="19 May 2020 16:29:37 GMT" time="28.987" errors="0">
  <testcase name="leyendas2" time="28.987" classname="com.mkyong.busonfiscal.LeyendasFiscalesTest2"/>
</testsuite> <!-- com.mkyong.busonfiscal.LeyendasFiscalesTest2 -->
