<?xml version="1.0" encoding="UTF-8"?>
<!-- Generated by org.testng.reporters.JUnitReportReporter -->
<testsuite skipped="0" hostname="Lisandro-Silva.local" name="com.mkyong.busonfiscal.TestReportesEmitidosDuplicarComplPersonasFisicas" tests="1" failures="0" timestamp="02 Mar 2020 17:20:38 GMT" time="27.813" errors="0">
  <testcase name="basePageNavigation" time="27.813" classname="com.mkyong.busonfiscal.TestReportesEmitidosDuplicarComplPersonasFisicas"/>
</testsuite> <!-- com.mkyong.busonfiscal.TestReportesEmitidosDuplicarComplPersonasFisicas -->
