<?xml version="1.0" encoding="UTF-8"?>
<!-- Generated by org.testng.reporters.JUnitReportReporter -->
<testsuite skipped="0" hostname="Lisandro-Silva.local" name="com.mkyong.buson.jes.detail.TestCartaPorteComercioExteriorJesDetail" tests="1" failures="0" timestamp="03 Apr 2020 22:57:39 GMT" time="87.938" errors="0">
  <testcase name="basePageNavigation" time="87.938" classname="com.mkyong.buson.jes.detail.TestCartaPorteComercioExteriorJesDetail"/>
</testsuite> <!-- com.mkyong.buson.jes.detail.TestCartaPorteComercioExteriorJesDetail -->
