<?xml version="1.0" encoding="UTF-8"?>
<!-- Generated by org.testng.reporters.JUnitReportReporter -->
<testsuite skipped="0" hostname="Lisandro-Silva.local" name="com.mkyong.busongratis.TestFacturaPagoGratuito" tests="1" failures="0" timestamp="18 Feb 2020 16:48:59 GMT" time="31.811" errors="0">
  <testcase name="basePageNavigation" time="31.811" classname="com.mkyong.busongratis.TestFacturaPagoGratuito"/>
</testsuite> <!-- com.mkyong.busongratis.TestFacturaPagoGratuito -->
