<?xml version="1.0" encoding="UTF-8"?>
<!-- Generated by org.testng.reporters.JUnitReportReporter -->
<testsuite skipped="0" hostname="Lisandro-Silva.local" name="com.mkyong.busonfiscal.ReportesEmitidosDuplicarComprobanteINETest" tests="1" failures="0" timestamp="19 May 2020 17:43:00 GMT" time="34.262" errors="0">
  <testcase name="duplicadoComprINE" time="34.262" classname="com.mkyong.busonfiscal.ReportesEmitidosDuplicarComprobanteINETest"/>
</testsuite> <!-- com.mkyong.busonfiscal.ReportesEmitidosDuplicarComprobanteINETest -->
