<?xml version="1.0" encoding="UTF-8"?>
<!-- Generated by org.testng.reporters.JUnitReportReporter -->
<testsuite skipped="0" hostname="Lisandro-Silva.local" name="com.mkyong.busonfiscal.FacturaCartaPorteTest2" tests="1" failures="0" timestamp="19 May 2020 15:45:46 GMT" time="25.182" errors="0">
  <testcase name="facturaCartaPorte2" time="25.182" classname="com.mkyong.busonfiscal.FacturaCartaPorteTest2"/>
</testsuite> <!-- com.mkyong.busonfiscal.FacturaCartaPorteTest2 -->
