<?xml version="1.0" encoding="UTF-8"?>
<!-- Generated by org.testng.reporters.JUnitReportReporter -->
<testsuite skipped="0" hostname="Lisandro-Silva.local" name="com.mkyong.busongratis.FacturaBasicaGratisDetailTest2" tests="1" failures="0" timestamp="20 May 2020 17:15:33 GMT" time="82.922" errors="0">
  <testcase name="facturaBasicaGratisdetail2" time="82.922" classname="com.mkyong.busongratis.FacturaBasicaGratisDetailTest2"/>
</testsuite> <!-- com.mkyong.busongratis.FacturaBasicaGratisDetailTest2 -->
