<?xml version="1.0" encoding="UTF-8"?>
<!-- Generated by org.testng.reporters.JUnitReportReporter -->
<testsuite skipped="0" hostname="Lisandro-Silva.local" name="com.mkyong.busonfiscal.TestBusquedaReportes8" tests="1" failures="0" timestamp="04 Mar 2020 21:56:00 GMT" time="12.418" errors="0">
  <testcase name="basePageNavigation" time="12.418" classname="com.mkyong.busonfiscal.TestBusquedaReportes8"/>
</testsuite> <!-- com.mkyong.busonfiscal.TestBusquedaReportes8 -->
