<?xml version="1.0" encoding="UTF-8"?>
<!-- Generated by org.testng.reporters.JUnitReportReporter -->
<testsuite skipped="0" hostname="Lisandro-Silva.local" name="com.mkyong.busonfiscal.TestBusquedaReportes2" tests="1" failures="0" timestamp="07 Apr 2020 23:03:07 GMT" time="23.346" errors="0">
  <testcase name="basePageNavigation" time="23.346" classname="com.mkyong.busonfiscal.TestBusquedaReportes2"/>
</testsuite> <!-- com.mkyong.busonfiscal.TestBusquedaReportes2 -->
