<?xml version="1.0" encoding="UTF-8"?>
<!-- Generated by org.testng.reporters.JUnitReportReporter -->
<testsuite skipped="0" hostname="Lisandro-Silva.local" name="com.mkyong.busonfiscal.ReportesEmitidosDuplicarComplTuristaPasajeroExtrTest" tests="1" failures="0" timestamp="19 May 2020 17:34:38 GMT" time="36.177" errors="0">
  <testcase name="duplicadoTuristaPasageroExtranjero" time="36.177" classname="com.mkyong.busonfiscal.ReportesEmitidosDuplicarComplTuristaPasajeroExtrTest"/>
</testsuite> <!-- com.mkyong.busonfiscal.ReportesEmitidosDuplicarComplTuristaPasajeroExtrTest -->
