<?xml version="1.0" encoding="UTF-8"?>
<!-- Generated by org.testng.reporters.JUnitReportReporter -->
<testsuite hostname="Lisandro-Silva.local" name="com.mkyong.buson.jes.ImpuestosLocalesJesTest" tests="1" failures="0" timestamp="18 May 2020 16:53:01 GMT" time="42.288" errors="0">
  <testcase name="basePageNavigation" time="42.288" classname="com.mkyong.buson.jes.ImpuestosLocalesJesTest"/>
</testsuite> <!-- com.mkyong.buson.jes.ImpuestosLocalesJesTest -->
