<?xml version="1.0" encoding="UTF-8"?>
<!-- Generated by org.testng.reporters.JUnitReportReporter -->
<testsuite skipped="0" hostname="Lisandro-Silva.local" name="com.mkyong.buson.jes.detail.TestInstituicionesEducativasJesDetail" tests="1" failures="0" timestamp="04 Mar 2020 17:55:31 GMT" time="67.240" errors="0">
  <testcase name="basePageNavigation" time="67.240" classname="com.mkyong.buson.jes.detail.TestInstituicionesEducativasJesDetail"/>
</testsuite> <!-- com.mkyong.buson.jes.detail.TestInstituicionesEducativasJesDetail -->
