<?xml version="1.0" encoding="UTF-8"?>
<!-- Generated by org.testng.reporters.JUnitReportReporter -->
<testsuite hostname="Lisandro-Silva.local" name="com.mkyong.busonfiscal.detail.VentaDeVehiculosDetailTest2" tests="1" failures="0" timestamp="16 May 2020 01:59:22 GMT" time="114.770" errors="0">
  <testcase name="ventaDeVehiculosDetail2" time="114.770" classname="com.mkyong.busonfiscal.detail.VentaDeVehiculosDetailTest2"/>
</testsuite> <!-- com.mkyong.busonfiscal.detail.VentaDeVehiculosDetailTest2 -->
