<?xml version="1.0" encoding="UTF-8"?>
<!-- Generated by org.testng.reporters.JUnitReportReporter -->
<testsuite skipped="0" hostname="Lisandro-Silva.local" name="com.mkyong.conector.jes.detail.TestFacturaPagoJesDetail" tests="1" failures="0" timestamp="03 Apr 2020 14:49:39 GMT" time="39.396" errors="0">
  <testcase name="basePageNavigation" time="39.396" classname="com.mkyong.conector.jes.detail.TestFacturaPagoJesDetail"/>
</testsuite> <!-- com.mkyong.conector.jes.detail.TestFacturaPagoJesDetail -->
