<?xml version="1.0" encoding="UTF-8"?>
<!-- Generated by org.testng.reporters.JUnitReportReporter -->
<testsuite skipped="0" hostname="Lisandro-Silva.local" name="com.mkyong.busonfiscal.TestReportesEmitidosDuplicarComplInstituicionesEducativas" tests="1" failures="0" timestamp="02 Mar 2020 16:41:25 GMT" time="30.522" errors="0">
  <testcase name="basePageNavigation" time="30.522" classname="com.mkyong.busonfiscal.TestReportesEmitidosDuplicarComplInstituicionesEducativas"/>
</testsuite> <!-- com.mkyong.busonfiscal.TestReportesEmitidosDuplicarComplInstituicionesEducativas -->
