<?xml version="1.0" encoding="UTF-8"?>
<!-- Generated by org.testng.reporters.JUnitReportReporter -->
<testsuite skipped="0" hostname="Lisandro-Silva.local" name="com.mkyong.busonfiscal.TestBusquedaReportes14" tests="1" failures="0" timestamp="05 Mar 2020 15:20:36 GMT" time="27.688" errors="0">
  <testcase name="basePageNavigation" time="27.688" classname="com.mkyong.busonfiscal.TestBusquedaReportes14"/>
</testsuite> <!-- com.mkyong.busonfiscal.TestBusquedaReportes14 -->
