<?xml version="1.0" encoding="UTF-8"?>
<!-- Generated by org.testng.reporters.JUnitReportReporter -->
<testsuite skipped="0" hostname="Lisandro-Silva.local" name="com.mkyong.busonfiscal.PagoEnEspeciesTest" tests="1" failures="0" timestamp="19 May 2020 16:51:35 GMT" time="31.599" errors="0">
  <testcase name="pagoEnEspecies1" time="31.599" classname="com.mkyong.busonfiscal.PagoEnEspeciesTest"/>
</testsuite> <!-- com.mkyong.busonfiscal.PagoEnEspeciesTest -->
