<?xml version="1.0" encoding="UTF-8"?>
<!-- Generated by org.testng.reporters.JUnitReportReporter -->
<testsuite skipped="0" hostname="Lisandro-Silva.local" name="com.mkyong.conector.jes.TestNotaDeCreditoJes" tests="1" failures="0" timestamp="02 Apr 2020 23:24:25 GMT" time="26.659" errors="0">
  <testcase name="basePageNavigation" time="26.659" classname="com.mkyong.conector.jes.TestNotaDeCreditoJes"/>
</testsuite> <!-- com.mkyong.conector.jes.TestNotaDeCreditoJes -->
