<?xml version="1.0" encoding="UTF-8"?>
<!-- Generated by org.testng.reporters.JUnitReportReporter -->
<testsuite skipped="0" hostname="Lisandro-Silva.local" name="com.mkyong.buson.jes.detail.TestFacturaCartaPorteJesDetail" tests="1" failures="0" timestamp="04 Mar 2020 17:42:59 GMT" time="51.397" errors="0">
  <testcase name="basePageNavigation" time="51.397" classname="com.mkyong.buson.jes.detail.TestFacturaCartaPorteJesDetail"/>
</testsuite> <!-- com.mkyong.buson.jes.detail.TestFacturaCartaPorteJesDetail -->
