<?xml version="1.0" encoding="UTF-8"?>
<!-- Generated by org.testng.reporters.JUnitReportReporter -->
<testsuite skipped="0" hostname="Lisandro-Silva.local" name="com.mkyong.busonfiscal.ReportesEmitidosDuplicarComplPersonasFisicasTest" tests="1" failures="0" timestamp="19 May 2020 17:29:12 GMT" time="32.183" errors="0">
  <testcase name="duplicadoPersonasFisicas" time="32.183" classname="com.mkyong.busonfiscal.ReportesEmitidosDuplicarComplPersonasFisicasTest"/>
</testsuite> <!-- com.mkyong.busonfiscal.ReportesEmitidosDuplicarComplPersonasFisicasTest -->
