<?xml version="1.0" encoding="UTF-8"?>
<!-- Generated by org.testng.reporters.JUnitReportReporter -->
<testsuite skipped="0" hostname="Lisandro-Silva.local" name="com.mkyong.busonfiscal.TuristaPasajeroExtranjeroTest2" tests="1" failures="0" timestamp="19 May 2020 18:20:02 GMT" time="37.814" errors="0">
  <testcase name="turistaPasajeroExtranjero2" time="37.814" classname="com.mkyong.busonfiscal.TuristaPasajeroExtranjeroTest2"/>
</testsuite> <!-- com.mkyong.busonfiscal.TuristaPasajeroExtranjeroTest2 -->
