<?xml version="1.0" encoding="UTF-8"?>
<!-- Generated by org.testng.reporters.JUnitReportReporter -->
<testsuite hostname="Lisandro-Silva.local" name="com.mkyong.conector.jes.InstituicionesEducativasJesTest" tests="1" failures="0" timestamp="18 May 2020 14:05:32 GMT" time="49.259" errors="0">
  <testcase name="basePageNavigation" time="49.259" classname="com.mkyong.conector.jes.InstituicionesEducativasJesTest"/>
</testsuite> <!-- com.mkyong.conector.jes.InstituicionesEducativasJesTest -->
