<?xml version="1.0" encoding="UTF-8"?>
<!-- Generated by org.testng.reporters.JUnitReportReporter -->
<testsuite skipped="0" hostname="Lisandro-Silva.local" name="com.mkyong.buson.jes.detail.TestInstituicionesEducativasJesDetail" tests="1" failures="0" timestamp="06 Apr 2020 23:47:01 GMT" time="64.763" errors="0">
  <testcase name="basePageNavigation" time="64.763" classname="com.mkyong.buson.jes.detail.TestInstituicionesEducativasJesDetail"/>
</testsuite> <!-- com.mkyong.buson.jes.detail.TestInstituicionesEducativasJesDetail -->
