<?xml version="1.0" encoding="UTF-8"?>
<!-- Generated by org.testng.reporters.JUnitReportReporter -->
<testsuite skipped="0" hostname="Lisandro-Silva.local" name="com.mkyong.busonfiscal.VehiculosUsadosTest" tests="1" failures="0" timestamp="19 May 2020 18:23:22 GMT" time="34.317" errors="0">
  <testcase name="vehiculosUsados" time="34.317" classname="com.mkyong.busonfiscal.VehiculosUsadosTest"/>
</testsuite> <!-- com.mkyong.busonfiscal.VehiculosUsadosTest -->
