<?xml version="1.0" encoding="UTF-8"?>
<!-- Generated by org.testng.reporters.JUnitReportReporter -->
<testsuite skipped="0" hostname="Lisandro-Silva.local" name="com.mkyong.busonfiscal.TestVehiculosUsados2" tests="1" failures="0" timestamp="07 Apr 2020 22:23:45 GMT" time="47.209" errors="0">
  <testcase name="basePageNavigation" time="47.209" classname="com.mkyong.busonfiscal.TestVehiculosUsados2"/>
</testsuite> <!-- com.mkyong.busonfiscal.TestVehiculosUsados2 -->
