<?xml version="1.0" encoding="UTF-8"?>
<!-- Generated by org.testng.reporters.JUnitReportReporter -->
<testsuite skipped="0" hostname="Lisandro-Silva.local" name="com.mkyong.busonfiscal.ReportesEmitidosTest5" tests="1" failures="0" timestamp="19 May 2020 18:03:20 GMT" time="25.804" errors="0">
  <testcase name="reportesemitidos5" time="25.804" classname="com.mkyong.busonfiscal.ReportesEmitidosTest5"/>
</testsuite> <!-- com.mkyong.busonfiscal.ReportesEmitidosTest5 -->
