<?xml version="1.0" encoding="UTF-8"?>
<!-- Generated by org.testng.reporters.JUnitReportReporter -->
<testsuite skipped="0" hostname="Lisandro-Silva.local" name="com.mkyong.busonfiscal.TestNotaDeCreditoBorrador" tests="1" failures="0" timestamp="30 Mar 2020 16:40:17 GMT" time="35.155" errors="0">
  <testcase name="basePageNavigation" time="35.155" classname="com.mkyong.busonfiscal.TestNotaDeCreditoBorrador"/>
</testsuite> <!-- com.mkyong.busonfiscal.TestNotaDeCreditoBorrador -->
