<?xml version="1.0" encoding="UTF-8"?>
<!-- Generated by org.testng.reporters.JUnitReportReporter -->
<testsuite skipped="0" hostname="Lisandro-Silva.local" name="com.mkyong.buson.jes.detail.TestNotariosPublicosJesDetail" tests="1" failures="0" timestamp="07 Apr 2020 00:03:44 GMT" time="86.481" errors="0">
  <testcase name="basePageNavigation" time="86.481" classname="com.mkyong.buson.jes.detail.TestNotariosPublicosJesDetail"/>
</testsuite> <!-- com.mkyong.buson.jes.detail.TestNotariosPublicosJesDetail -->
