<?xml version="1.0" encoding="UTF-8"?>
<!-- Generated by org.testng.reporters.JUnitReportReporter -->
<testsuite skipped="0" hostname="Lisandro-Silva.local" name="com.mkyong.busonfiscal.TestObrasDeArteYAtenguedad2" tests="1" failures="0" timestamp="07 Apr 2020 20:29:16 GMT" time="45.438" errors="0">
  <testcase name="basePageNavigation" time="45.438" classname="com.mkyong.busonfiscal.TestObrasDeArteYAtenguedad2"/>
</testsuite> <!-- com.mkyong.busonfiscal.TestObrasDeArteYAtenguedad2 -->
