<?xml version="1.0" encoding="UTF-8"?>
<!-- Generated by org.testng.reporters.JUnitReportReporter -->
<testsuite skipped="0" hostname="Lisandro-Silva.local" name="com.mkyong.busonfiscal.TestFacturaSimpleComprobanteBorrador" tests="1" failures="0" timestamp="30 Mar 2020 15:31:39 GMT" time="41.880" errors="0">
  <testcase name="basePageNavigation" time="41.880" classname="com.mkyong.busonfiscal.TestFacturaSimpleComprobanteBorrador"/>
</testsuite> <!-- com.mkyong.busonfiscal.TestFacturaSimpleComprobanteBorrador -->
