<?xml version="1.0" encoding="UTF-8"?>
<!-- Generated by org.testng.reporters.JUnitReportReporter -->
<testsuite skipped="0" hostname="Lisandro-Silva.local" name="com.mkyong.busongratis.FacturaBasicaGratisTest" tests="1" failures="0" timestamp="20 May 2020 17:18:12 GMT" time="35.714" errors="0">
  <testcase name="facturaBasicaGratis" time="35.714" classname="com.mkyong.busongratis.FacturaBasicaGratisTest"/>
</testsuite> <!-- com.mkyong.busongratis.FacturaBasicaGratisTest -->
