<?xml version="1.0" encoding="UTF-8"?>
<!-- Generated by org.testng.reporters.JUnitReportReporter -->
<testsuite skipped="0" hostname="Lisandro-Silva.local" name="com.mkyong.busonfiscal.TestReportesEmitidosDuplicarComplObrasDeArteYante" tests="1" failures="0" timestamp="28 Feb 2020 21:36:03 GMT" time="24.398" errors="0">
  <testcase name="basePageNavigation" time="24.398" classname="com.mkyong.busonfiscal.TestReportesEmitidosDuplicarComplObrasDeArteYante"/>
</testsuite> <!-- com.mkyong.busonfiscal.TestReportesEmitidosDuplicarComplObrasDeArteYante -->
