<?xml version="1.0" encoding="UTF-8"?>
<!-- Generated by org.testng.reporters.JUnitReportReporter -->
<testsuite skipped="0" hostname="Lisandro-Silva.local" name="com.mkyong.buson.jes.detail.TestFacturaDetallistaJesDetail" tests="1" failures="0" timestamp="04 Mar 2020 17:45:48 GMT" time="130.249" errors="0">
  <testcase name="basePageNavigation" time="130.249" classname="com.mkyong.buson.jes.detail.TestFacturaDetallistaJesDetail"/>
</testsuite> <!-- com.mkyong.buson.jes.detail.TestFacturaDetallistaJesDetail -->
