<?xml version="1.0" encoding="UTF-8"?>
<!-- Generated by org.testng.reporters.JUnitReportReporter -->
<testsuite skipped="0" hostname="Lisandro-Silva.local" name="com.mkyong.busonfiscal.TestFacturaAdendaMultiAssistenciaBorrador" tests="1" failures="0" timestamp="24 Feb 2020 21:17:31 GMT" time="57.545" errors="0">
  <testcase name="basePageNavigation" time="57.545" classname="com.mkyong.busonfiscal.TestFacturaAdendaMultiAssistenciaBorrador"/>
</testsuite> <!-- com.mkyong.busonfiscal.TestFacturaAdendaMultiAssistenciaBorrador -->
