<?xml version="1.0" encoding="UTF-8"?>
<!-- Generated by org.testng.reporters.JUnitReportReporter -->
<testsuite skipped="0" hostname="Osvaldo-Sanchez.local" name="com.mkyong.hashing.TestFolio" tests="1" failures="0" timestamp="22 Jan 2020 23:28:22 GMT" time="22.695" errors="0">
  <testcase name="AltaSucursal" time="22.695" classname="com.mkyong.hashing.TestFolio"/>
</testsuite> <!-- com.mkyong.hashing.TestFolio -->
