<?xml version="1.0" encoding="UTF-8"?>
<!-- Generated by org.testng.reporters.JUnitReportReporter -->
<testsuite skipped="0" hostname="Lisandro-Silva.local" name="com.mkyong.buson.jes.TestVehiculosUsadosJes" tests="1" failures="0" timestamp="06 Apr 2020 22:32:45 GMT" time="37.345" errors="0">
  <testcase name="basePageNavigation" time="37.345" classname="com.mkyong.buson.jes.TestVehiculosUsadosJes"/>
</testsuite> <!-- com.mkyong.buson.jes.TestVehiculosUsadosJes -->
