<?xml version="1.0" encoding="UTF-8"?>
<!-- Generated by org.testng.reporters.JUnitReportReporter -->
<testsuite skipped="0" hostname="Lisandro-Silva.local" name="com.mkyong.timbrefiscal.TimbreFiscal" tests="1" failures="0" timestamp="09 Apr 2020 16:56:08 GMT" time="14.868" errors="0">
  <testcase name="basePageNavigation" time="14.868" classname="com.mkyong.timbrefiscal.TimbreFiscal"/>
</testsuite> <!-- com.mkyong.timbrefiscal.TimbreFiscal -->
