<?xml version="1.0" encoding="UTF-8"?>
<!-- Generated by org.testng.reporters.JUnitReportReporter -->
<testsuite skipped="0" hostname="Lisandro-Silva.local" name="com.mkyong.busonfiscal.TestImpuestosLocales" tests="1" failures="0" timestamp="04 Mar 2020 15:51:23 GMT" time="33.692" errors="0">
  <testcase name="basePageNavigation" time="33.692" classname="com.mkyong.busonfiscal.TestImpuestosLocales"/>
</testsuite> <!-- com.mkyong.busonfiscal.TestImpuestosLocales -->
