<?xml version="1.0" encoding="UTF-8"?>
<!-- Generated by org.testng.reporters.JUnitReportReporter -->
<testsuite skipped="0" hostname="Lisandro-Silva.local" name="com.mkyong.conector.jes.TestNotariosPublicosJes" tests="1" failures="0" timestamp="02 Apr 2020 23:25:43 GMT" time="33.653" errors="0">
  <testcase name="basePageNavigation" time="33.653" classname="com.mkyong.conector.jes.TestNotariosPublicosJes"/>
</testsuite> <!-- com.mkyong.conector.jes.TestNotariosPublicosJes -->
