<?xml version="1.0" encoding="UTF-8"?>
<!-- Generated by org.testng.reporters.JUnitReportReporter -->
<testsuite skipped="0" hostname="Lisandro-Silva.local" name="com.mkyong.busongratis.ReportesEmitidosgratuitoTest2" tests="1" failures="0" timestamp="20 May 2020 17:55:40 GMT" time="19.117" errors="0">
  <testcase name="reportesEmitidosGratuito2" time="19.117" classname="com.mkyong.busongratis.ReportesEmitidosgratuitoTest2"/>
</testsuite> <!-- com.mkyong.busongratis.ReportesEmitidosgratuitoTest2 -->
