<?xml version="1.0" encoding="UTF-8"?>
<!-- Generated by org.testng.reporters.JUnitReportReporter -->
<testsuite skipped="0" hostname="Lisandro-Silva.local" name="com.mkyong.busonfiscal.PasswordTest" tests="1" failures="0" timestamp="19 May 2020 16:53:52 GMT" time="0.822" errors="0">
  <testcase name="testPassword" time="0.822" classname="com.mkyong.busonfiscal.PasswordTest"/>
</testsuite> <!-- com.mkyong.busonfiscal.PasswordTest -->
