<?xml version="1.0" encoding="UTF-8"?>
<!-- Generated by org.testng.reporters.JUnitReportReporter -->
<testsuite skipped="0" hostname="Lisandro-Silva.local" name="com.mkyong.busonfiscal.ReportesEmitidosTest2" tests="1" failures="0" timestamp="19 May 2020 17:58:41 GMT" time="48.268" errors="0">
  <testcase name="reportesEmitidos2" time="48.268" classname="com.mkyong.busonfiscal.ReportesEmitidosTest2"/>
</testsuite> <!-- com.mkyong.busonfiscal.ReportesEmitidosTest2 -->
