<?xml version="1.0" encoding="UTF-8"?>
<!-- Generated by org.testng.reporters.JUnitReportReporter -->
<testsuite skipped="0" hostname="Lisandro-Silva.local" name="com.mkyong.busonfiscal.NotaDeCreditoBorradorTest" tests="1" failures="0" timestamp="19 May 2020 16:33:45 GMT" time="39.673" errors="0">
  <testcase name="notaDeCredito" time="39.673" classname="com.mkyong.busonfiscal.NotaDeCreditoBorradorTest"/>
</testsuite> <!-- com.mkyong.busonfiscal.NotaDeCreditoBorradorTest -->
