<?xml version="1.0" encoding="UTF-8"?>
<!-- Generated by org.testng.reporters.JUnitReportReporter -->
<testsuite hostname="Lisandro-Silva.local" name="com.mkyong.buson.jes.InstituicionesEducativasJesTest" tests="1" failures="0" timestamp="18 May 2020 17:00:05 GMT" time="38.059" errors="0">
  <testcase name="instituicionesEducativasJes" time="38.059" classname="com.mkyong.buson.jes.InstituicionesEducativasJesTest"/>
</testsuite> <!-- com.mkyong.buson.jes.InstituicionesEducativasJesTest -->
