<?xml version="1.0" encoding="UTF-8"?>
<!-- Generated by org.testng.reporters.JUnitReportReporter -->
<testsuite skipped="0" hostname="Lisandro-Silva.local" name="com.mkyong.busonfiscal.TestReportesEmitidosDuplicarComprobanteINE" tests="1" failures="0" timestamp="02 Mar 2020 15:41:29 GMT" time="29.822" errors="0">
  <testcase name="basePageNavigation" time="29.822" classname="com.mkyong.busonfiscal.TestReportesEmitidosDuplicarComprobanteINE"/>
</testsuite> <!-- com.mkyong.busonfiscal.TestReportesEmitidosDuplicarComprobanteINE -->
