<?xml version="1.0" encoding="UTF-8"?>
<!-- Generated by org.testng.reporters.JUnitReportReporter -->
<testsuite skipped="0" hostname="Lisandro-Silva.local" name="com.mkyong.busonfiscal.TestReportesEmitidosDuplicarComplComercioExterior" tests="1" failures="0" timestamp="02 Mar 2020 16:24:41 GMT" time="33.832" errors="0">
  <testcase name="basePageNavigation" time="33.832" classname="com.mkyong.busonfiscal.TestReportesEmitidosDuplicarComplComercioExterior"/>
</testsuite> <!-- com.mkyong.busonfiscal.TestReportesEmitidosDuplicarComplComercioExterior -->
