<?xml version="1.0" encoding="UTF-8"?>
<!-- Generated by org.testng.reporters.JUnitReportReporter -->
<testsuite skipped="0" hostname="Lisandro-Silva.local" name="com.mkyong.buson.jes.detail.TestImpuestosLocalesJesDetail" tests="1" failures="0" timestamp="06 Apr 2020 23:35:13 GMT" time="70.188" errors="0">
  <testcase name="basePageNavigation" time="70.188" classname="com.mkyong.buson.jes.detail.TestImpuestosLocalesJesDetail"/>
</testsuite> <!-- com.mkyong.buson.jes.detail.TestImpuestosLocalesJesDetail -->
