<?xml version="1.0" encoding="UTF-8"?>
<!-- Generated by org.testng.reporters.JUnitReportReporter -->
<testsuite skipped="0" hostname="Lisandro-Silva.local" name="com.mkyong.nomina.NominaFiscalDescarga" tests="1" failures="0" timestamp="09 Apr 2020 15:39:57 GMT" time="36.428" errors="0">
  <testcase name="basePageNavigation" time="36.428" classname="com.mkyong.nomina.NominaFiscalDescarga"/>
</testsuite> <!-- com.mkyong.nomina.NominaFiscalDescarga -->
