<?xml version="1.0" encoding="UTF-8"?>
<!-- Generated by org.testng.reporters.JUnitReportReporter -->
<testsuite skipped="0" hostname="Lisandro-Silva.local" name="com.mkyong.busonfiscal.FacturaAdendaMultiAssistenciaTest2" tests="1" failures="0" timestamp="19 May 2020 15:34:53 GMT" time="53.020" errors="0">
  <testcase name="facturaAdendaMultiAssitencia2" time="53.020" classname="com.mkyong.busonfiscal.FacturaAdendaMultiAssistenciaTest2"/>
</testsuite> <!-- com.mkyong.busonfiscal.FacturaAdendaMultiAssistenciaTest2 -->
