<?xml version="1.0" encoding="UTF-8"?>
<!-- Generated by org.testng.reporters.JUnitReportReporter -->
<testsuite hostname="Lisandro-Silva.local" name="com.mkyong.buson.jes.VehiculosUsadosJesTest" tests="1" failures="0" timestamp="18 May 2020 17:32:15 GMT" time="38.367" errors="0">
  <testcase name="vehiculosUsadosJes" time="38.367" classname="com.mkyong.buson.jes.VehiculosUsadosJesTest"/>
</testsuite> <!-- com.mkyong.buson.jes.VehiculosUsadosJesTest -->
