<?xml version="1.0" encoding="UTF-8"?>
<!-- Generated by org.testng.reporters.JUnitReportReporter -->
<testsuite hostname="Lisandro-Silva.local" name="com.mkyong.buson.jes.detail.PersonasFisicasIntegranteDeCoordinacionJesDetailTest" tests="1" failures="0" timestamp="18 May 2020 20:02:57 GMT" time="78.459" errors="0">
  <testcase name="basePageNavigation" time="78.459" classname="com.mkyong.buson.jes.detail.PersonasFisicasIntegranteDeCoordinacionJesDetailTest"/>
</testsuite> <!-- com.mkyong.buson.jes.detail.PersonasFisicasIntegranteDeCoordinacionJesDetailTest -->
