<?xml version="1.0" encoding="UTF-8"?>
<!-- Generated by org.testng.reporters.JUnitReportReporter -->
<testsuite skipped="0" hostname="Lisandro-Silva.local" name="com.mkyong.busongratis.ReportesEmitidosgratuitoTest1" tests="1" failures="0" timestamp="20 May 2020 17:54:26 GMT" time="19.602" errors="0">
  <testcase name="reportesEmitidosGratuito1" time="19.602" classname="com.mkyong.busongratis.ReportesEmitidosgratuitoTest1"/>
</testsuite> <!-- com.mkyong.busongratis.ReportesEmitidosgratuitoTest1 -->
