<?xml version="1.0" encoding="UTF-8"?>
<!-- Generated by org.testng.reporters.JUnitReportReporter -->
<testsuite skipped="0" hostname="Lisandro-Silva.local" name="com.mkyong.busonfiscal.FacturaPagoTest2" tests="1" failures="0" timestamp="19 May 2020 15:51:23 GMT" time="35.734" errors="0">
  <testcase name="facturaPago2" time="35.734" classname="com.mkyong.busonfiscal.FacturaPagoTest2"/>
</testsuite> <!-- com.mkyong.busonfiscal.FacturaPagoTest2 -->
