<?xml version="1.0" encoding="UTF-8"?>
<!-- Generated by org.testng.reporters.JUnitReportReporter -->
<testsuite skipped="0" hostname="Lisandro-Silva.local" name="com.mkyong.busonfiscal.PersonasFisicasIntegranteDeCoordinacionTest" tests="1" failures="0" timestamp="19 May 2020 16:55:16 GMT" time="28.724" errors="0">
  <testcase name="personasFisicas1" time="28.724" classname="com.mkyong.busonfiscal.PersonasFisicasIntegranteDeCoordinacionTest"/>
</testsuite> <!-- com.mkyong.busonfiscal.PersonasFisicasIntegranteDeCoordinacionTest -->
