<?xml version="1.0" encoding="UTF-8"?>
<!-- Generated by org.testng.reporters.JUnitReportReporter -->
<testsuite skipped="0" hostname="Lisandro-Silva.local" name="com.mkyong.busonfiscal.ReportesEmitidosDuplicarComplLeyendasFiscalesTest" tests="1" failures="0" timestamp="19 May 2020 17:22:41 GMT" time="31.687" errors="0">
  <testcase name="duplicadoLeyendasFiscales" time="31.687" classname="com.mkyong.busonfiscal.ReportesEmitidosDuplicarComplLeyendasFiscalesTest"/>
</testsuite> <!-- com.mkyong.busonfiscal.ReportesEmitidosDuplicarComplLeyendasFiscalesTest -->
