<?xml version="1.0" encoding="UTF-8"?>
<!-- Generated by org.testng.reporters.JUnitReportReporter -->
<testsuite skipped="0" hostname="Lisandro-Silva.local" name="com.mkyong.busongratuito.detail.TestInstituicionesEducativasGratuitoDetail" tests="1" failures="0" timestamp="17 Feb 2020 19:30:01 GMT" time="69.160" errors="0">
  <testcase name="basePageNavigation" time="69.160" classname="com.mkyong.busongratuito.detail.TestInstituicionesEducativasGratuitoDetail"/>
</testsuite> <!-- com.mkyong.busongratuito.detail.TestInstituicionesEducativasGratuitoDetail -->
