<?xml version="1.0" encoding="UTF-8"?>
<!-- Generated by org.testng.reporters.JUnitReportReporter -->
<testsuite skipped="0" hostname="Lisandro-Silva.local" name="com.mkyong.buson.jes.TestFacturaDetallistaJes" tests="1" failures="0" timestamp="06 Apr 2020 18:41:35 GMT" time="33.327" errors="0">
  <testcase name="basePageNavigation" time="33.327" classname="com.mkyong.buson.jes.TestFacturaDetallistaJes"/>
</testsuite> <!-- com.mkyong.buson.jes.TestFacturaDetallistaJes -->
