<?xml version="1.0" encoding="UTF-8"?>
<!-- Generated by org.testng.reporters.JUnitReportReporter -->
<testsuite skipped="0" hostname="Lisandro-Silva.local" name="com.mkyong.busonfiscal.TestInstituicionesEducativas2" tests="1" failures="0" timestamp="07 Apr 2020 20:01:16 GMT" time="43.155" errors="0">
  <testcase name="basePageNavigation" time="43.155" classname="com.mkyong.busonfiscal.TestInstituicionesEducativas2"/>
</testsuite> <!-- com.mkyong.busonfiscal.TestInstituicionesEducativas2 -->
