<?xml version="1.0" encoding="UTF-8"?>
<!-- Generated by org.testng.reporters.JUnitReportReporter -->
<testsuite skipped="0" hostname="Lisandro-Silva.local" name="com.mkyong.conector.jes.TestDonativosJes" tests="1" failures="0" timestamp="09 Apr 2020 14:21:06 GMT" time="32.870" errors="0">
  <testcase name="basePageNavigation" time="32.870" classname="com.mkyong.conector.jes.TestDonativosJes"/>
</testsuite> <!-- com.mkyong.conector.jes.TestDonativosJes -->
