<?xml version="1.0" encoding="UTF-8"?>
<!-- Generated by org.testng.reporters.JUnitReportReporter -->
<testsuite skipped="0" hostname="Lisandro-Silva.local" name="com.mkyong.busonfiscal.TestPagoEnEspecies2" tests="1" failures="0" timestamp="30 Mar 2020 17:03:48 GMT" time="32.228" errors="0">
  <testcase name="basePageNavigation" time="32.228" classname="com.mkyong.busonfiscal.TestPagoEnEspecies2"/>
</testsuite> <!-- com.mkyong.busonfiscal.TestPagoEnEspecies2 -->
