<?xml version="1.0" encoding="UTF-8"?>
<!-- Generated by org.testng.reporters.JUnitReportReporter -->
<testsuite skipped="0" hostname="Lisandro-Silva.local" name="com.mkyong.conector.jes.detail.TestNotariosPublicosJesDetail" tests="1" failures="0" timestamp="03 Apr 2020 15:04:07 GMT" time="85.664" errors="0">
  <testcase name="basePageNavigation" time="85.664" classname="com.mkyong.conector.jes.detail.TestNotariosPublicosJesDetail"/>
</testsuite> <!-- com.mkyong.conector.jes.detail.TestNotariosPublicosJesDetail -->
