<?xml version="1.0" encoding="UTF-8"?>
<!-- Generated by org.testng.reporters.JUnitReportReporter -->
<testsuite skipped="0" hostname="Lisandro-Silva.local" name="com.mkyong.busonfiscal.TestPersonasFisicasIntegranteDeCoordinacion2" tests="1" failures="0" timestamp="30 Mar 2020 17:13:01 GMT" time="34.927" errors="0">
  <testcase name="basePageNavigation" time="34.927" classname="com.mkyong.busonfiscal.TestPersonasFisicasIntegranteDeCoordinacion2"/>
</testsuite> <!-- com.mkyong.busonfiscal.TestPersonasFisicasIntegranteDeCoordinacion2 -->
