<?xml version="1.0" encoding="UTF-8"?>
<!-- Generated by org.testng.reporters.JUnitReportReporter -->
<testsuite hostname="Lisandro-Silva.local" name="com.mkyong.buson.jes.FacturaBasicaJesTest" tests="1" failures="0" timestamp="18 May 2020 16:45:56 GMT" time="43.443" errors="0">
  <testcase name="facturaBasicaJesTest" time="43.443" classname="com.mkyong.buson.jes.FacturaBasicaJesTest"/>
</testsuite> <!-- com.mkyong.buson.jes.FacturaBasicaJesTest -->
