<?xml version="1.0" encoding="UTF-8"?>
<!-- Generated by org.testng.reporters.JUnitReportReporter -->
<testsuite skipped="0" hostname="Lisandro-Silva.local" name="com.mkyong.busonfiscal.FacturaCartaPorteTest" tests="1" failures="0" timestamp="19 May 2020 15:43:57 GMT" time="21.908" errors="0">
  <testcase name="facturaCartaPorte" time="21.908" classname="com.mkyong.busonfiscal.FacturaCartaPorteTest"/>
</testsuite> <!-- com.mkyong.busonfiscal.FacturaCartaPorteTest -->
