<?xml version="1.0" encoding="UTF-8"?>
<!-- Generated by org.testng.reporters.JUnitReportReporter -->
<testsuite skipped="0" hostname="Lisandro-Silva.local" name="com.mkyong.busonfiscal.TestReportesEmitidosDuplicarComprobante" tests="1" failures="0" timestamp="07 Apr 2020 23:03:07 GMT" time="33.707" errors="0">
  <testcase name="basePageNavigation" time="33.707" classname="com.mkyong.busonfiscal.TestReportesEmitidosDuplicarComprobante"/>
</testsuite> <!-- com.mkyong.busonfiscal.TestReportesEmitidosDuplicarComprobante -->
