<?xml version="1.0" encoding="UTF-8"?>
<!-- Generated by org.testng.reporters.JUnitReportReporter -->
<testsuite hostname="Lisandro-Silva.local" name="com.mkyong.buson.jes.detail.FacturaPagoJesDetailTest" tests="1" failures="0" timestamp="18 May 2020 19:24:36 GMT" time="52.161" errors="0">
  <testcase name="facturaPagoDetailJes" time="52.161" classname="com.mkyong.buson.jes.detail.FacturaPagoJesDetailTest"/>
</testsuite> <!-- com.mkyong.buson.jes.detail.FacturaPagoJesDetailTest -->
