<?xml version="1.0" encoding="UTF-8"?>
<!-- Generated by org.testng.reporters.JUnitReportReporter -->
<testsuite skipped="0" hostname="Lisandro-Silva.local" name="com.mkyong.buson.jes.TestLeyendasFiscalesJes" tests="1" failures="0" timestamp="06 Apr 2020 21:28:33 GMT" time="31.639" errors="0">
  <testcase name="basePageNavigation" time="31.639" classname="com.mkyong.buson.jes.TestLeyendasFiscalesJes"/>
</testsuite> <!-- com.mkyong.buson.jes.TestLeyendasFiscalesJes -->
