<?xml version="1.0" encoding="UTF-8"?>
<!-- Generated by org.testng.reporters.JUnitReportReporter -->
<testsuite skipped="0" hostname="Lisandro-Silva.local" name="com.mkyong.busonfiscal.ClientProductoTest" tests="1" failures="0" timestamp="18 May 2020 23:51:37 GMT" time="44.252" errors="0">
  <testcase name="asignaturaClienteProducto" time="44.252" classname="com.mkyong.busonfiscal.ClientProductoTest"/>
</testsuite> <!-- com.mkyong.busonfiscal.ClientProductoTest -->
