<?xml version="1.0" encoding="UTF-8"?>
<!-- Generated by org.testng.reporters.JUnitReportReporter -->
<testsuite skipped="0" hostname="Lisandro-Silva.local" name="com.mkyong.conector.jes.TestVehiculosUsadosJes" tests="1" failures="0" timestamp="02 Apr 2020 23:33:55 GMT" time="34.215" errors="0">
  <testcase name="basePageNavigation" time="34.215" classname="com.mkyong.conector.jes.TestVehiculosUsadosJes"/>
</testsuite> <!-- com.mkyong.conector.jes.TestVehiculosUsadosJes -->
