<?xml version="1.0" encoding="UTF-8"?>
<!-- Generated by org.testng.reporters.JUnitReportReporter -->
<testsuite skipped="0" hostname="Lisandro-Silva.local" name="com.mkyong.conector.jes.detail.TestDonativosJesDetail" tests="1" failures="0" timestamp="03 Apr 2020 14:44:14 GMT" time="64.170" errors="0">
  <testcase name="basePageNavigation" time="64.170" classname="com.mkyong.conector.jes.detail.TestDonativosJesDetail"/>
</testsuite> <!-- com.mkyong.conector.jes.detail.TestDonativosJesDetail -->
