<?xml version="1.0" encoding="UTF-8"?>
<!-- Generated by org.testng.reporters.JUnitReportReporter -->
<testsuite skipped="0" hostname="Lisandro-Silva.local" name="com.mkyong.busonfiscal.detail.TestImpuestosLocalesDetailIEPS" tests="1" failures="0" timestamp="30 Mar 2020 21:16:26 GMT" time="67.617" errors="0">
  <testcase name="basePageNavigation" time="67.617" classname="com.mkyong.busonfiscal.detail.TestImpuestosLocalesDetailIEPS"/>
</testsuite> <!-- com.mkyong.busonfiscal.detail.TestImpuestosLocalesDetailIEPS -->
