<?xml version="1.0" encoding="UTF-8"?>
<!-- Generated by org.testng.reporters.JUnitReportReporter -->
<testsuite skipped="0" hostname="Lisandro-Silva.local" name="com.mkyong.busonfiscal.TestEmailPasswordCorrect2" tests="1" failures="0" timestamp="07 Apr 2020 19:01:20 GMT" time="22.807" errors="0">
  <testcase name="basePageNavigation" time="22.807" classname="com.mkyong.busonfiscal.TestEmailPasswordCorrect2"/>
</testsuite> <!-- com.mkyong.busonfiscal.TestEmailPasswordCorrect2 -->
