<?xml version="1.0" encoding="UTF-8"?>
<!-- Generated by org.testng.reporters.JUnitReportReporter -->
<testsuite skipped="0" hostname="Lisandro-Silva.local" name="com.mkyong.busonfiscal.TestLeyendasFiscales2" tests="1" failures="0" timestamp="30 Mar 2020 16:33:26 GMT" time="34.835" errors="0">
  <testcase name="basePageNavigation" time="34.835" classname="com.mkyong.busonfiscal.TestLeyendasFiscales2"/>
</testsuite> <!-- com.mkyong.busonfiscal.TestLeyendasFiscales2 -->
