<?xml version="1.0" encoding="UTF-8"?>
<!-- Generated by org.testng.reporters.JUnitReportReporter -->
<testsuite skipped="0" hostname="Lisandro-Silva.local" name="com.mkyong.buson.jes.detail.TestNotaDeCreditoJesDetail" tests="1" failures="0" timestamp="04 Mar 2020 18:00:54 GMT" time="71.010" errors="0">
  <testcase name="basePageNavigation" time="71.010" classname="com.mkyong.buson.jes.detail.TestNotaDeCreditoJesDetail"/>
</testsuite> <!-- com.mkyong.buson.jes.detail.TestNotaDeCreditoJesDetail -->
