<?xml version="1.0" encoding="UTF-8"?>
<!-- Generated by org.testng.reporters.JUnitReportReporter -->
<testsuite skipped="0" hostname="Lisandro-Silva.local" name="com.mkyong.busonfiscal.TestReportesEmitidosDuplicarComplPaEnEspecies" tests="1" failures="0" timestamp="07 Apr 2020 21:30:02 GMT" time="29.954" errors="0">
  <testcase name="basePageNavigation" time="29.954" classname="com.mkyong.busonfiscal.TestReportesEmitidosDuplicarComplPaEnEspecies"/>
</testsuite> <!-- com.mkyong.busonfiscal.TestReportesEmitidosDuplicarComplPaEnEspecies -->
