<?xml version="1.0" encoding="UTF-8"?>
<!-- Generated by org.testng.reporters.JUnitReportReporter -->
<testsuite skipped="0" hostname="Lisandro-Silva.local" name="com.mkyong.busonfiscal.TestReportesEmitidosDuplicarComplNotariosPublicos" tests="1" failures="0" timestamp="07 Apr 2020 21:27:09 GMT" time="33.935" errors="0">
  <testcase name="basePageNavigation" time="33.935" classname="com.mkyong.busonfiscal.TestReportesEmitidosDuplicarComplNotariosPublicos"/>
</testsuite> <!-- com.mkyong.busonfiscal.TestReportesEmitidosDuplicarComplNotariosPublicos -->
