<?xml version="1.0" encoding="UTF-8"?>
<!-- Generated by org.testng.reporters.JUnitReportReporter -->
<testsuite skipped="0" hostname="Lisandro-Silva.local" name="com.mkyong.busonfiscal.TestReportesEmitidosDuplicarDonatarios" tests="1" failures="0" timestamp="02 Mar 2020 17:02:07 GMT" time="27.666" errors="0">
  <testcase name="basePageNavigation" time="27.666" classname="com.mkyong.busonfiscal.TestReportesEmitidosDuplicarDonatarios"/>
</testsuite> <!-- com.mkyong.busonfiscal.TestReportesEmitidosDuplicarDonatarios -->
