<?xml version="1.0" encoding="UTF-8"?>
<!-- Generated by org.testng.reporters.JUnitReportReporter -->
<testsuite skipped="0" hostname="Lisandro-Silva.local" name="com.mkyong.busonfiscal.detail.TestVentaDeVehiculosDetail2" tests="1" failures="0" timestamp="09 Apr 2020 15:23:43 GMT" time="123.471" errors="0">
  <testcase name="basePageNavigation" time="123.471" classname="com.mkyong.busonfiscal.detail.TestVentaDeVehiculosDetail2"/>
</testsuite> <!-- com.mkyong.busonfiscal.detail.TestVentaDeVehiculosDetail2 -->
