<?xml version="1.0" encoding="UTF-8"?>
<!-- Generated by org.testng.reporters.JUnitReportReporter -->
<testsuite skipped="0" hostname="Lisandro-Silva.local" name="com.mkyong.busongratis.ReportesEmitidosgratuitoTest3" tests="1" failures="0" timestamp="20 May 2020 17:57:00 GMT" time="18.504" errors="0">
  <testcase name="reportesEmitidosGratuito3" time="18.504" classname="com.mkyong.busongratis.ReportesEmitidosgratuitoTest3"/>
</testsuite> <!-- com.mkyong.busongratis.ReportesEmitidosgratuitoTest3 -->
