<?xml version="1.0" encoding="UTF-8"?>
<!-- Generated by org.testng.reporters.JUnitReportReporter -->
<testsuite skipped="0" hostname="Lisandro-Silva.local" name="com.mkyong.busongratis.BusquedaReportesgratisTest1" tests="1" failures="0" timestamp="20 May 2020 17:00:52 GMT" time="14.326" errors="0">
  <testcase name="busquedaDeReportesGratis1" time="14.326" classname="com.mkyong.busongratis.BusquedaReportesgratisTest1"/>
</testsuite> <!-- com.mkyong.busongratis.BusquedaReportesgratisTest1 -->
