<?xml version="1.0" encoding="UTF-8"?>
<!-- Generated by org.testng.reporters.JUnitReportReporter -->
<testsuite skipped="0" hostname="Lisandro-Silva.local" name="com.mkyong.busonfiscal.TestReportesEmitidosDuplicarComprobanteVentaDeVehiculo" tests="1" failures="0" timestamp="02 Mar 2020 16:01:50 GMT" time="30.718" errors="0">
  <testcase name="basePageNavigation" time="30.718" classname="com.mkyong.busonfiscal.TestReportesEmitidosDuplicarComprobanteVentaDeVehiculo"/>
</testsuite> <!-- com.mkyong.busonfiscal.TestReportesEmitidosDuplicarComprobanteVentaDeVehiculo -->
