<?xml version="1.0" encoding="UTF-8"?>
<!-- Generated by org.testng.reporters.JUnitReportReporter -->
<testsuite skipped="0" hostname="Lisandro-Silva.local" name="com.mkyong.busonfiscal.TestBusquedaReportes18" tests="1" failures="0" timestamp="07 Apr 2020 14:49:39 GMT" time="41.678" errors="0">
  <testcase name="basePageNavigation" time="41.678" classname="com.mkyong.busonfiscal.TestBusquedaReportes18"/>
</testsuite> <!-- com.mkyong.busonfiscal.TestBusquedaReportes18 -->
