<?xml version="1.0" encoding="UTF-8"?>
<!-- Generated by org.testng.reporters.JUnitReportReporter -->
<testsuite hostname="Lisandro-Silva.local" name="com.mkyong.buson.jes.detail.ServiciosParcealesDeContruccionJesDetailTest" tests="1" failures="0" timestamp="18 May 2020 20:09:28 GMT" time="75.562" errors="0">
  <testcase name="serviciosParcealesDeContrDetailJes" time="75.562" classname="com.mkyong.buson.jes.detail.ServiciosParcealesDeContruccionJesDetailTest"/>
</testsuite> <!-- com.mkyong.buson.jes.detail.ServiciosParcealesDeContruccionJesDetailTest -->
