<?xml version="1.0" encoding="UTF-8"?>
<!-- Generated by org.testng.reporters.JUnitReportReporter -->
<testsuite skipped="0" hostname="Lisandro-Silva.local" name="com.mkyong.busonfiscal.BusquedaReportesTest8" tests="1" failures="0" timestamp="18 May 2020 23:44:33 GMT" time="12.527" errors="0">
  <testcase name="busquedaDeReportes8" time="12.527" classname="com.mkyong.busonfiscal.BusquedaReportesTest8"/>
</testsuite> <!-- com.mkyong.busonfiscal.BusquedaReportesTest8 -->
