<?xml version="1.0" encoding="UTF-8"?>
<!-- Generated by org.testng.reporters.JUnitReportReporter -->
<testsuite skipped="0" hostname="Lisandro-Silva.local" name="com.mkyong.busongratuito.detail.TestLeyendasFiscalesGratuitoDetail" tests="1" failures="0" timestamp="17 Feb 2020 19:38:14 GMT" time="71.237" errors="0">
  <testcase name="basePageNavigation" time="71.237" classname="com.mkyong.busongratuito.detail.TestLeyendasFiscalesGratuitoDetail"/>
</testsuite> <!-- com.mkyong.busongratuito.detail.TestLeyendasFiscalesGratuitoDetail -->
