<?xml version="1.0" encoding="UTF-8"?>
<!-- Generated by org.testng.reporters.JUnitReportReporter -->
<testsuite skipped="0" hostname="Lisandro-Silva.local" name="com.mkyong.conector.jes.detail.TestObrasDeArteYAtenguedadJesDetail" tests="1" failures="0" timestamp="03 Apr 2020 15:06:01 GMT" time="69.352" errors="0">
  <testcase name="basePageNavigation" time="69.352" classname="com.mkyong.conector.jes.detail.TestObrasDeArteYAtenguedadJesDetail"/>
</testsuite> <!-- com.mkyong.conector.jes.detail.TestObrasDeArteYAtenguedadJesDetail -->
