<?xml version="1.0" encoding="UTF-8"?>
<!-- Generated by org.testng.reporters.JUnitReportReporter -->
<testsuite skipped="0" hostname="Lisandro-Silva.local" name="com.mkyong.busonfiscal.detail.TestFacturaCartaPorteDetailIEPS" tests="1" failures="0" timestamp="21 Feb 2020 16:12:56 GMT" time="49.265" errors="0">
  <testcase name="basePageNavigation" time="49.265" classname="com.mkyong.busonfiscal.detail.TestFacturaCartaPorteDetailIEPS"/>
</testsuite> <!-- com.mkyong.busonfiscal.detail.TestFacturaCartaPorteDetailIEPS -->
