<?xml version="1.0" encoding="UTF-8"?>
<!-- Generated by org.testng.reporters.JUnitReportReporter -->
<testsuite skipped="0" hostname="Lisandro-Silva.local" name="com.mkyong.buson.jes.detail.TestServiciosParcealesDeContruccionJesDetail" tests="1" failures="0" timestamp="07 Apr 2020 00:28:45 GMT" time="68.537" errors="0">
  <testcase name="basePageNavigation" time="68.537" classname="com.mkyong.buson.jes.detail.TestServiciosParcealesDeContruccionJesDetail"/>
</testsuite> <!-- com.mkyong.buson.jes.detail.TestServiciosParcealesDeContruccionJesDetail -->
