<?xml version="1.0" encoding="UTF-8"?>
<!-- Generated by org.testng.reporters.JUnitReportReporter -->
<testsuite hostname="Lisandro-Silva.local" name="com.mkyong.buson.jes.detail.DonativosJesDetailTest" tests="1" failures="0" timestamp="18 May 2020 18:13:56 GMT" time="81.961" errors="0">
  <testcase name="donativosDetailJes" time="81.961" classname="com.mkyong.buson.jes.detail.DonativosJesDetailTest"/>
</testsuite> <!-- com.mkyong.buson.jes.detail.DonativosJesDetailTest -->
