<?xml version="1.0" encoding="UTF-8"?>
<!-- Generated by org.testng.reporters.JUnitReportReporter -->
<testsuite skipped="0" hostname="Lisandro-Silva.local" name="com.mkyong.busonfiscal.ReportesEmitidosTest6" tests="1" failures="0" timestamp="19 May 2020 18:05:04 GMT" time="49.082" errors="0">
  <testcase name="reportesEmitidos6" time="49.082" classname="com.mkyong.busonfiscal.ReportesEmitidosTest6"/>
</testsuite> <!-- com.mkyong.busonfiscal.ReportesEmitidosTest6 -->
