<?xml version="1.0" encoding="UTF-8"?>
<!-- Generated by org.testng.reporters.JUnitReportReporter -->
<testsuite hostname="Lisandro-Silva.local" name="com.mkyong.conector.jes.detail.TuristaPasajeroExtranjeroJesDetailTest" tests="1" failures="0" timestamp="18 May 2020 14:34:35 GMT" time="79.695" errors="0">
  <testcase name="basePageNavigation" time="79.695" classname="com.mkyong.conector.jes.detail.TuristaPasajeroExtranjeroJesDetailTest"/>
</testsuite> <!-- com.mkyong.conector.jes.detail.TuristaPasajeroExtranjeroJesDetailTest -->
