<?xml version="1.0" encoding="UTF-8"?>
<!-- Generated by org.testng.reporters.JUnitReportReporter -->
<testsuite skipped="0" hostname="Lisandro-Silva.local" name="com.mkyong.conector.jes.detail.TestTuristaPasajeroExtranjeroJesDetail" tests="1" failures="0" timestamp="03 Apr 2020 15:23:46 GMT" time="72.662" errors="0">
  <testcase name="basePageNavigation" time="72.662" classname="com.mkyong.conector.jes.detail.TestTuristaPasajeroExtranjeroJesDetail"/>
</testsuite> <!-- com.mkyong.conector.jes.detail.TestTuristaPasajeroExtranjeroJesDetail -->
