<?xml version="1.0" encoding="UTF-8"?>
<!-- Generated by org.testng.reporters.JUnitReportReporter -->
<testsuite skipped="0" hostname="Lisandro-Silva.local" name="com.mkyong.busongratis.TestNotaDeCreditoGratuito" tests="1" failures="0" timestamp="18 Feb 2020 16:55:46 GMT" time="32.515" errors="0">
  <testcase name="basePageNavigation" time="32.515" classname="com.mkyong.busongratis.TestNotaDeCreditoGratuito"/>
</testsuite> <!-- com.mkyong.busongratis.TestNotaDeCreditoGratuito -->
