<?xml version="1.0" encoding="UTF-8"?>
<!-- Generated by org.testng.reporters.JUnitReportReporter -->
<testsuite skipped="0" hostname="Lisandro-Silva.local" name="com.mkyong.busonfiscal.ComercioExteriorTest" tests="1" failures="0" timestamp="18 May 2020 23:54:32 GMT" time="39.403" errors="0">
  <testcase name="comercioExterior" time="39.403" classname="com.mkyong.busonfiscal.ComercioExteriorTest"/>
</testsuite> <!-- com.mkyong.busonfiscal.ComercioExteriorTest -->
