<?xml version="1.0" encoding="UTF-8"?>
<!-- Generated by org.testng.reporters.JUnitReportReporter -->
<testsuite skipped="0" hostname="Lisandro-Silva.local" name="com.mkyong.busongratis.BusquedaReportesgratisTest4" tests="1" failures="0" timestamp="20 May 2020 17:02:57 GMT" time="15.066" errors="0">
  <testcase name="busquedaDeReportes4" time="15.066" classname="com.mkyong.busongratis.BusquedaReportesgratisTest4"/>
</testsuite> <!-- com.mkyong.busongratis.BusquedaReportesgratisTest4 -->
