<?xml version="1.0" encoding="UTF-8"?>
<!-- Generated by org.testng.reporters.JUnitReportReporter -->
<testsuite skipped="0" hostname="Lisandro-Silva.local" name="com.mkyong.conector.jes.detail.TestINEJesDetail" tests="1" failures="0" timestamp="03 Apr 2020 14:54:09 GMT" time="85.596" errors="0">
  <testcase name="basePageNavigation" time="85.596" classname="com.mkyong.conector.jes.detail.TestINEJesDetail"/>
</testsuite> <!-- com.mkyong.conector.jes.detail.TestINEJesDetail -->
