<?xml version="1.0" encoding="UTF-8"?>
<!-- Generated by org.testng.reporters.JUnitReportReporter -->
<testsuite skipped="0" hostname="Lisandro-Silva.local" name="com.mkyong.busonfiscal.ReportesEmitidosDuplicarComprobanteTest" tests="1" failures="0" timestamp="19 May 2020 17:49:14 GMT" time="38.357" errors="0">
  <testcase name="duplicadoFacturaBasica" time="38.357" classname="com.mkyong.busonfiscal.ReportesEmitidosDuplicarComprobanteTest"/>
</testsuite> <!-- com.mkyong.busonfiscal.ReportesEmitidosDuplicarComprobanteTest -->
