<?xml version="1.0" encoding="UTF-8"?>
<!-- Generated by org.testng.reporters.JUnitReportReporter -->
<testsuite skipped="0" hostname="Lisandro-Silva.local" name="com.mkyong.busonfiscal.DonativosTest" tests="1" failures="0" timestamp="19 May 2020 14:56:47 GMT" time="27.142" errors="0">
  <testcase name="donativosSimples" time="27.142" classname="com.mkyong.busonfiscal.DonativosTest"/>
</testsuite> <!-- com.mkyong.busonfiscal.DonativosTest -->
