<?xml version="1.0" encoding="UTF-8"?>
<!-- Generated by org.testng.reporters.JUnitReportReporter -->
<testsuite hostname="Lisandro-Silva.local" name="com.mkyong.conector.jes.detail.PagoEnEspeciesJesDetailTest" tests="1" failures="0" timestamp="18 May 2020 14:22:49 GMT" time="54.916" errors="0">
  <testcase name="basePageNavigation" time="54.916" classname="com.mkyong.conector.jes.detail.PagoEnEspeciesJesDetailTest"/>
</testsuite> <!-- com.mkyong.conector.jes.detail.PagoEnEspeciesJesDetailTest -->
