<?xml version="1.0" encoding="UTF-8"?>
<!-- Generated by org.testng.reporters.JUnitReportReporter -->
<testsuite skipped="0" hostname="Lisandro-Silva.local" name="CucumberOptions.TestRunner" tests="1" failures="0" timestamp="03 Apr 2020 20:56:53 GMT" time="30.737" errors="0">
  <testcase name="feature" time="30.737" classname="CucumberOptions.TestRunner"/>
</testsuite> <!-- CucumberOptions.TestRunner -->
