<?xml version="1.0" encoding="UTF-8"?>
<!-- Generated by org.testng.reporters.JUnitReportReporter -->
<testsuite skipped="0" hostname="Lisandro-Silva.local" name="com.mkyong.busonfiscal.TestNotaDeCreditoBorrador" tests="1" failures="0" timestamp="24 Feb 2020 19:37:06 GMT" time="34.562" errors="0">
  <testcase name="basePageNavigation" time="34.562" classname="com.mkyong.busonfiscal.TestNotaDeCreditoBorrador"/>
</testsuite> <!-- com.mkyong.busonfiscal.TestNotaDeCreditoBorrador -->
