<?xml version="1.0" encoding="UTF-8"?>
<!-- Generated by org.testng.reporters.JUnitReportReporter -->
<testsuite skipped="0" hostname="Lisandro-Silva.local" name="com.mkyong.busongratis.TestFacturaCartaPorteGratis2" tests="1" failures="0" timestamp="02 Apr 2020 16:02:42 GMT" time="36.876" errors="0">
  <testcase name="basePageNavigation" time="36.876" classname="com.mkyong.busongratis.TestFacturaCartaPorteGratis2"/>
</testsuite> <!-- com.mkyong.busongratis.TestFacturaCartaPorteGratis2 -->
