<?xml version="1.0" encoding="UTF-8"?>
<!-- Generated by org.testng.reporters.JUnitReportReporter -->
<testsuite skipped="0" hostname="Lisandro-Silva.local" name="com.mkyong.busonfiscal.detail.TestImpuestosLocalesDetail2" tests="1" failures="0" timestamp="30 Mar 2020 21:14:20 GMT" time="123.719" errors="0">
  <testcase name="basePageNavigation" time="123.719" classname="com.mkyong.busonfiscal.detail.TestImpuestosLocalesDetail2"/>
</testsuite> <!-- com.mkyong.busonfiscal.detail.TestImpuestosLocalesDetail2 -->
