<?xml version="1.0" encoding="UTF-8"?>
<!-- Generated by org.testng.reporters.JUnitReportReporter -->
<testsuite skipped="0" hostname="Lisandro-Silva.local" name="com.mkyong.busonfiscal.BusquedaReportesTest7" tests="1" failures="0" timestamp="18 May 2020 23:43:20 GMT" time="40.723" errors="0">
  <testcase name="busquedaDeReportes7" time="40.723" classname="com.mkyong.busonfiscal.BusquedaReportesTest7"/>
</testsuite> <!-- com.mkyong.busonfiscal.BusquedaReportesTest7 -->
