<?xml version="1.0" encoding="UTF-8"?>
<!-- Generated by org.testng.reporters.JUnitReportReporter -->
<testsuite skipped="0" hostname="Lisandro-Silva.local" name="com.mkyong.buson.jes.detail.TestObrasDeArteYAtenguedadJesDetail" tests="1" failures="0" timestamp="07 Apr 2020 00:07:21 GMT" time="70.105" errors="0">
  <testcase name="basePageNavigation" time="70.105" classname="com.mkyong.buson.jes.detail.TestObrasDeArteYAtenguedadJesDetail"/>
</testsuite> <!-- com.mkyong.buson.jes.detail.TestObrasDeArteYAtenguedadJesDetail -->
