<?xml version="1.0" encoding="UTF-8"?>
<!-- Generated by org.testng.reporters.JUnitReportReporter -->
<testsuite skipped="0" hostname="Lisandro-Silva.local" name="com.mkyong.busonfiscal.TestBusquedaReportes12" tests="1" failures="0" timestamp="07 Apr 2020 23:03:08 GMT" time="14.867" errors="0">
  <testcase name="basePageNavigation" time="14.867" classname="com.mkyong.busonfiscal.TestBusquedaReportes12"/>
</testsuite> <!-- com.mkyong.busonfiscal.TestBusquedaReportes12 -->
