<?xml version="1.0" encoding="UTF-8"?>
<!-- Generated by org.testng.reporters.JUnitReportReporter -->
<testsuite skipped="0" hostname="Lisandro-Silva.local" name="com.mkyong.busongratuito.detail.TestFacturaDetallistaGratuitoDetail" tests="1" failures="0" timestamp="17 Feb 2020 18:49:20 GMT" time="127.559" errors="0">
  <testcase name="basePageNavigation" time="127.559" classname="com.mkyong.busongratuito.detail.TestFacturaDetallistaGratuitoDetail"/>
</testsuite> <!-- com.mkyong.busongratuito.detail.TestFacturaDetallistaGratuitoDetail -->
