<?xml version="1.0" encoding="UTF-8"?>
<!-- Generated by org.testng.reporters.JUnitReportReporter -->
<testsuite skipped="0" hostname="Lisandro-Silva.local" name="com.mkyong.busonfiscal.detail.TestINEDetail2" tests="1" failures="0" timestamp="30 Mar 2020 21:29:28 GMT" time="148.373" errors="0">
  <testcase name="basePageNavigation" time="148.373" classname="com.mkyong.busonfiscal.detail.TestINEDetail2"/>
</testsuite> <!-- com.mkyong.busonfiscal.detail.TestINEDetail2 -->
