<?xml version="1.0" encoding="UTF-8"?>
<!-- Generated by org.testng.reporters.JUnitReportReporter -->
<testsuite skipped="0" hostname="Lisandro-Silva.local" name="com.mkyong.buson.jes.detail.TestServiciosParcealesDeContruccionJesDetail" tests="1" failures="0" timestamp="04 Mar 2020 18:23:14 GMT" time="76.399" errors="0">
  <testcase name="basePageNavigation" time="76.399" classname="com.mkyong.buson.jes.detail.TestServiciosParcealesDeContruccionJesDetail"/>
</testsuite> <!-- com.mkyong.buson.jes.detail.TestServiciosParcealesDeContruccionJesDetail -->
