<?xml version="1.0" encoding="UTF-8"?>
<!-- Generated by org.testng.reporters.JUnitReportReporter -->
<testsuite skipped="0" hostname="Lisandro-Silva.local" name="com.mkyong.busonfiscal.ServiciosParcealesDeContruccionTest" tests="1" failures="0" timestamp="19 May 2020 18:08:28 GMT" time="35.649" errors="0">
  <testcase name="serviciosParcealesDeConstrucion" time="35.649" classname="com.mkyong.busonfiscal.ServiciosParcealesDeContruccionTest"/>
</testsuite> <!-- com.mkyong.busonfiscal.ServiciosParcealesDeContruccionTest -->
