<?xml version="1.0" encoding="UTF-8"?>
<!-- Generated by org.testng.reporters.JUnitReportReporter -->
<testsuite skipped="0" hostname="Lisandro-Silva.local" name="com.mkyong.buson.jes.TestFacturaPagoJes" tests="1" failures="0" timestamp="06 Apr 2020 21:11:30 GMT" time="29.180" errors="0">
  <testcase name="basePageNavigation" time="29.180" classname="com.mkyong.buson.jes.TestFacturaPagoJes"/>
</testsuite> <!-- com.mkyong.buson.jes.TestFacturaPagoJes -->
