<?xml version="1.0" encoding="UTF-8"?>
<!-- Generated by org.testng.reporters.JUnitReportReporter -->
<testsuite skipped="0" hostname="Lisandro-Silva.local" name="com.mkyong.busongratis.BusquedaReportesgratuitoTest5" tests="1" failures="0" timestamp="20 May 2020 17:07:24 GMT" time="16.565" errors="0">
  <testcase name="busquedaDeReportesGratuito5" time="16.565" classname="com.mkyong.busongratis.BusquedaReportesgratuitoTest5"/>
</testsuite> <!-- com.mkyong.busongratis.BusquedaReportesgratuitoTest5 -->
