<?xml version="1.0" encoding="UTF-8"?>
<!-- Generated by org.testng.reporters.JUnitReportReporter -->
<testsuite skipped="0" hostname="Lisandro-Silva.local" name="com.mkyong.busonfiscal.TestFacturaPago" tests="1" failures="0" timestamp="07 Apr 2020 23:03:09 GMT" time="26.953" errors="0">
  <testcase name="basePageNavigation" time="26.953" classname="com.mkyong.busonfiscal.TestFacturaPago"/>
</testsuite> <!-- com.mkyong.busonfiscal.TestFacturaPago -->
