<?xml version="1.0" encoding="UTF-8"?>
<!-- Generated by org.testng.reporters.JUnitReportReporter -->
<testsuite skipped="0" hostname="Lisandro-Silva.local" name="com.mkyong.buson.jes.TestObrasDeArteYAtenguedadJes" tests="1" failures="0" timestamp="06 Apr 2020 21:39:32 GMT" time="37.393" errors="0">
  <testcase name="basePageNavigation" time="37.393" classname="com.mkyong.buson.jes.TestObrasDeArteYAtenguedadJes"/>
</testsuite> <!-- com.mkyong.buson.jes.TestObrasDeArteYAtenguedadJes -->
