<?xml version="1.0" encoding="UTF-8"?>
<!-- Generated by org.testng.reporters.JUnitReportReporter -->
<testsuite skipped="0" hostname="Lisandro-Silva.local" name="com.mkyong.buson.jes.detail.TestFacturaDetallistaJesDetail" tests="1" failures="0" timestamp="06 Apr 2020 23:25:06 GMT" time="115.166" errors="0">
  <testcase name="basePageNavigation" time="115.166" classname="com.mkyong.buson.jes.detail.TestFacturaDetallistaJesDetail"/>
</testsuite> <!-- com.mkyong.buson.jes.detail.TestFacturaDetallistaJesDetail -->
