<?xml version="1.0" encoding="UTF-8"?>
<!-- Generated by org.testng.reporters.JUnitReportReporter -->
<testsuite skipped="0" hostname="Lisandro-Silva.local" name="com.mkyong.busongratis.FacturaCartaPorteGratisComImpuestoTest" tests="1" failures="0" timestamp="20 May 2020 17:21:13 GMT" time="41.587" errors="0">
  <testcase name="cartaPorteGratisimpuesto1" time="41.587" classname="com.mkyong.busongratis.FacturaCartaPorteGratisComImpuestoTest"/>
</testsuite> <!-- com.mkyong.busongratis.FacturaCartaPorteGratisComImpuestoTest -->
