<?xml version="1.0" encoding="UTF-8"?>
<!-- Generated by org.testng.reporters.JUnitReportReporter -->
<testsuite skipped="0" hostname="Lisandro-Silva.local" name="com.mkyong.busonfiscal.TestReportesEmitidosDuplicarComplPersonasFisicas" tests="1" failures="0" timestamp="07 Apr 2020 21:32:48 GMT" time="28.769" errors="0">
  <testcase name="basePageNavigation" time="28.769" classname="com.mkyong.busonfiscal.TestReportesEmitidosDuplicarComplPersonasFisicas"/>
</testsuite> <!-- com.mkyong.busonfiscal.TestReportesEmitidosDuplicarComplPersonasFisicas -->
