<?xml version="1.0" encoding="UTF-8"?>
<!-- Generated by org.testng.reporters.JUnitReportReporter -->
<testsuite skipped="0" hostname="Lisandro-Silva.local" name="com.mkyong.busonfiscal.TestFacturaPago2" tests="1" failures="0" timestamp="30 Mar 2020 15:57:54 GMT" time="37.324" errors="0">
  <testcase name="basePageNavigation" time="37.324" classname="com.mkyong.busonfiscal.TestFacturaPago2"/>
</testsuite> <!-- com.mkyong.busonfiscal.TestFacturaPago2 -->
