<?xml version="1.0" encoding="UTF-8"?>
<!-- Generated by org.testng.reporters.JUnitReportReporter -->
<testsuite skipped="0" hostname="Lisandro-Silva.local" name="com.mkyong.busonfiscal.TestComercioExterior" tests="1" failures="0" timestamp="28 Feb 2020 15:14:33 GMT" time="45.037" errors="0">
  <testcase name="basePageNavigation" time="45.037" classname="com.mkyong.busonfiscal.TestComercioExterior"/>
</testsuite> <!-- com.mkyong.busonfiscal.TestComercioExterior -->
