<?xml version="1.0" encoding="UTF-8"?>
<!-- Generated by org.testng.reporters.JUnitReportReporter -->
<testsuite skipped="0" hostname="Lisandro-Silva.local" name="com.mkyong.busonfiscal.TestReportesEmitidosDuplicarComprobanteNotaDeCredito" tests="1" failures="0" timestamp="02 Mar 2020 15:53:07 GMT" time="30.675" errors="0">
  <testcase name="basePageNavigation" time="30.675" classname="com.mkyong.busonfiscal.TestReportesEmitidosDuplicarComprobanteNotaDeCredito"/>
</testsuite> <!-- com.mkyong.busonfiscal.TestReportesEmitidosDuplicarComprobanteNotaDeCredito -->
