<?xml version="1.0" encoding="UTF-8"?>
<!-- Generated by org.testng.reporters.JUnitReportReporter -->
<testsuite skipped="0" hostname="Lisandro-Silva.local" name="com.mkyong.busonfiscal.TestFacturaAdendaMultiAssistencia2" tests="1" failures="0" timestamp="30 Mar 2020 17:58:57 GMT" time="47.723" errors="0">
  <testcase name="basePageNavigation" time="47.723" classname="com.mkyong.busonfiscal.TestFacturaAdendaMultiAssistencia2"/>
</testsuite> <!-- com.mkyong.busonfiscal.TestFacturaAdendaMultiAssistencia2 -->
