<?xml version="1.0" encoding="UTF-8"?>
<!-- Generated by org.testng.reporters.JUnitReportReporter -->
<testsuite skipped="0" hostname="Lisandro-Silva.local" name="com.mkyong.regression.FacturaBasicaTest" tests="1" failures="0" timestamp="20 May 2020 19:05:52 GMT" time="37.953" errors="0">
  <testcase name="facturaBasica" time="37.953" classname="com.mkyong.regression.FacturaBasicaTest"/>
</testsuite> <!-- com.mkyong.regression.FacturaBasicaTest -->
