<?xml version="1.0" encoding="UTF-8"?>
<!-- Generated by org.testng.reporters.JUnitReportReporter -->
<testsuite skipped="0" hostname="Lisandro-Silva.local" name="com.mkyong.buson.jes.detail.TestINEJesDetail" tests="1" failures="0" timestamp="04 Mar 2020 17:53:55 GMT" time="91.202" errors="0">
  <testcase name="basePageNavigation" time="91.202" classname="com.mkyong.buson.jes.detail.TestINEJesDetail"/>
</testsuite> <!-- com.mkyong.buson.jes.detail.TestINEJesDetail -->
