<?xml version="1.0" encoding="UTF-8"?>
<!-- Generated by org.testng.reporters.JUnitReportReporter -->
<testsuite skipped="0" hostname="Lisandro-Silva.local" name="com.mkyong.busonfiscal.detail.TestNotaDeCreditoDetail2" tests="1" failures="0" timestamp="30 Mar 2020 21:48:57 GMT" time="120.822" errors="0">
  <testcase name="basePageNavigation" time="120.822" classname="com.mkyong.busonfiscal.detail.TestNotaDeCreditoDetail2"/>
</testsuite> <!-- com.mkyong.busonfiscal.detail.TestNotaDeCreditoDetail2 -->
