<?xml version="1.0" encoding="UTF-8"?>
<!-- Generated by org.testng.reporters.JUnitReportReporter -->
<testsuite skipped="0" hostname="Lisandro-Silva.local" name="com.mkyong.busonfiscal.ReportesEmitidosDuplicarDonatariosTest" tests="1" failures="0" timestamp="19 May 2020 17:55:00 GMT" time="32.836" errors="0">
  <testcase name="duplicadoDonatarios" time="32.836" classname="com.mkyong.busonfiscal.ReportesEmitidosDuplicarDonatariosTest"/>
</testsuite> <!-- com.mkyong.busonfiscal.ReportesEmitidosDuplicarDonatariosTest -->
