<?xml version="1.0" encoding="UTF-8"?>
<!-- Generated by org.testng.reporters.JUnitReportReporter -->
<testsuite skipped="0" hostname="Lisandro-Silva.local" name="com.mkyong.buson.jes.detail.TestVentaDeVehiculosJesDetail" tests="1" failures="0" timestamp="07 Apr 2020 00:42:45 GMT" time="67.715" errors="0">
  <testcase name="basePageNavigation" time="67.715" classname="com.mkyong.buson.jes.detail.TestVentaDeVehiculosJesDetail"/>
</testsuite> <!-- com.mkyong.buson.jes.detail.TestVentaDeVehiculosJesDetail -->
