<?xml version="1.0" encoding="UTF-8"?>
<!-- Generated by org.testng.reporters.JUnitReportReporter -->
<testsuite skipped="0" hostname="Lisandro-Silva.local" name="com.mkyong.buson.jes.detail.TestTuristaPasajeroExtranjeroJesDetail" tests="1" failures="0" timestamp="07 Apr 2020 00:34:26 GMT" time="75.459" errors="0">
  <testcase name="basePageNavigation" time="75.459" classname="com.mkyong.buson.jes.detail.TestTuristaPasajeroExtranjeroJesDetail"/>
</testsuite> <!-- com.mkyong.buson.jes.detail.TestTuristaPasajeroExtranjeroJesDetail -->
