<?xml version="1.0" encoding="UTF-8"?>
<!-- Generated by org.testng.reporters.JUnitReportReporter -->
<testsuite skipped="0" hostname="Lisandro-Silva.local" name="com.mkyong.busongratis.TestNotaDeCreditoGratis2" tests="1" failures="0" timestamp="02 Apr 2020 16:59:05 GMT" time="39.628" errors="0">
  <testcase name="basePageNavigation" time="39.628" classname="com.mkyong.busongratis.TestNotaDeCreditoGratis2"/>
</testsuite> <!-- com.mkyong.busongratis.TestNotaDeCreditoGratis2 -->
