<?xml version="1.0" encoding="UTF-8"?>
<!-- Generated by org.testng.reporters.JUnitReportReporter -->
<testsuite skipped="0" hostname="Lisandro-Silva.local" name="com.mkyong.busonfiscal.TestReportesEmitidosDuplicarComplTuristaPasajeroExtr" tests="1" failures="0" timestamp="02 Mar 2020 17:32:22 GMT" time="29.149" errors="0">
  <testcase name="basePageNavigation" time="29.149" classname="com.mkyong.busonfiscal.TestReportesEmitidosDuplicarComplTuristaPasajeroExtr"/>
</testsuite> <!-- com.mkyong.busonfiscal.TestReportesEmitidosDuplicarComplTuristaPasajeroExtr -->
