<?xml version="1.0" encoding="UTF-8"?>
<!-- Generated by org.testng.reporters.JUnitReportReporter -->
<testsuite skipped="0" hostname="Lisandro-Silva.local" name="com.mkyong.busonfiscal.BusquedaReportesTest9" tests="1" failures="0" timestamp="18 May 2020 23:45:48 GMT" time="13.276" errors="0">
  <testcase name="busquedaDeReportes9" time="13.276" classname="com.mkyong.busonfiscal.BusquedaReportesTest9"/>
</testsuite> <!-- com.mkyong.busonfiscal.BusquedaReportesTest9 -->
