<?xml version="1.0" encoding="UTF-8"?>
<!-- Generated by org.testng.reporters.JUnitReportReporter -->
<testsuite skipped="0" hostname="Lisandro-Silva.local" name="com.mkyong.busonfiscal.FacturaBasicaTest2" tests="1" failures="0" timestamp="20 May 2020 19:14:04 GMT" time="40.852" errors="0">
  <testcase name="facturaBasica2" time="40.852" classname="com.mkyong.busonfiscal.FacturaBasicaTest2"/>
</testsuite> <!-- com.mkyong.busonfiscal.FacturaBasicaTest2 -->
