<?xml version="1.0" encoding="UTF-8"?>
<!-- Generated by org.testng.reporters.JUnitReportReporter -->
<testsuite skipped="0" hostname="Lisandro-Silva.local" name="com.mkyong.busongratis.BusquedaReportesgratisTest3" tests="1" failures="0" timestamp="20 May 2020 17:02:16 GMT" time="15.780" errors="0">
  <testcase name="busquedaDeReportes3" time="15.780" classname="com.mkyong.busongratis.BusquedaReportesgratisTest3"/>
</testsuite> <!-- com.mkyong.busongratis.BusquedaReportesgratisTest3 -->
