<?xml version="1.0" encoding="UTF-8"?>
<!-- Generated by org.testng.reporters.JUnitReportReporter -->
<testsuite skipped="0" hostname="Lisandro-Silva.local" name="com.mkyong.busonfiscal.TestImpuestosLocales2" tests="1" failures="0" timestamp="07 Apr 2020 19:49:04 GMT" time="52.623" errors="0">
  <testcase name="basePageNavigation" time="52.623" classname="com.mkyong.busonfiscal.TestImpuestosLocales2"/>
</testsuite> <!-- com.mkyong.busonfiscal.TestImpuestosLocales2 -->
