<?xml version="1.0" encoding="UTF-8"?>
<!-- Generated by org.testng.reporters.JUnitReportReporter -->
<testsuite skipped="0" hostname="Lisandro-Silva.local" name="com.mkyong.nomina.NominaFiscal" tests="1" failures="0" timestamp="03 Apr 2020 21:10:55 GMT" time="64.224" errors="0">
  <testcase name="basePageNavigation" time="64.224" classname="com.mkyong.nomina.NominaFiscal"/>
</testsuite> <!-- com.mkyong.nomina.NominaFiscal -->
