<?xml version="1.0" encoding="UTF-8"?>
<!-- Generated by org.testng.reporters.JUnitReportReporter -->
<testsuite skipped="0" hostname="Lisandro-Silva.local" name="com.mkyong.busonfiscal.NotariosPublicosTest2" tests="1" failures="0" timestamp="19 May 2020 16:40:03 GMT" time="46.307" errors="0">
  <testcase name="notariosPublicos2" time="46.307" classname="com.mkyong.busonfiscal.NotariosPublicosTest2"/>
</testsuite> <!-- com.mkyong.busonfiscal.NotariosPublicosTest2 -->
