<?xml version="1.0" encoding="UTF-8"?>
<!-- Generated by org.testng.reporters.JUnitReportReporter -->
<testsuite skipped="0" hostname="Lisandro-Silva.local" name="com.mkyong.busongratuito.detail.TestPagoEnEspeciesGratuitoDetail" tests="1" failures="0" timestamp="17 Feb 2020 21:38:54 GMT" time="64.343" errors="0">
  <testcase name="basePageNavigation" time="64.343" classname="com.mkyong.busongratuito.detail.TestPagoEnEspeciesGratuitoDetail"/>
</testsuite> <!-- com.mkyong.busongratuito.detail.TestPagoEnEspeciesGratuitoDetail -->
