<?xml version="1.0" encoding="UTF-8"?>
<!-- Generated by org.testng.reporters.JUnitReportReporter -->
<testsuite skipped="0" hostname="Lisandro-Silva.local" name="com.mkyong.busonfiscal.TestLeyendasFiscales2" tests="1" failures="0" timestamp="07 Apr 2020 20:07:08 GMT" time="32.259" errors="0">
  <testcase name="basePageNavigation" time="32.259" classname="com.mkyong.busonfiscal.TestLeyendasFiscales2"/>
</testsuite> <!-- com.mkyong.busonfiscal.TestLeyendasFiscales2 -->
