<?xml version="1.0" encoding="UTF-8"?>
<!-- Generated by org.testng.reporters.JUnitReportReporter -->
<testsuite skipped="0" hostname="Lisandro-Silva.local" name="com.mkyong.busonfiscal.detail.TestVehiculosUsadosDetail3" tests="1" failures="0" timestamp="31 Mar 2020 15:59:40 GMT" time="123.765" errors="0">
  <testcase name="basePageNavigation" time="123.765" classname="com.mkyong.busonfiscal.detail.TestVehiculosUsadosDetail3"/>
</testsuite> <!-- com.mkyong.busonfiscal.detail.TestVehiculosUsadosDetail3 -->
