<?xml version="1.0" encoding="UTF-8"?>
<!-- Generated by org.testng.reporters.JUnitReportReporter -->
<testsuite skipped="0" hostname="Lisandro-Silva.local" name="com.mkyong.busonfiscal.TestBusquedaReportes21" tests="1" failures="0" timestamp="07 Apr 2020 15:22:57 GMT" time="42.873" errors="0">
  <testcase name="basePageNavigation" time="42.873" classname="com.mkyong.busonfiscal.TestBusquedaReportes21"/>
</testsuite> <!-- com.mkyong.busonfiscal.TestBusquedaReportes21 -->
