<?xml version="1.0" encoding="UTF-8"?>
<!-- Generated by org.testng.reporters.JUnitReportReporter -->
<testsuite skipped="0" hostname="Lisandro-Silva.local" name="com.mkyong.buson.jes.TestNotaDeCreditoJes" tests="1" failures="0" timestamp="06 Apr 2020 21:32:23 GMT" time="30.198" errors="0">
  <testcase name="basePageNavigation" time="30.198" classname="com.mkyong.buson.jes.TestNotaDeCreditoJes"/>
</testsuite> <!-- com.mkyong.buson.jes.TestNotaDeCreditoJes -->
