<?xml version="1.0" encoding="UTF-8"?>
<!-- Generated by org.testng.reporters.JUnitReportReporter -->
<testsuite skipped="0" hostname="Lisandro-Silva.local" name="com.mkyong.busonfiscal.FacturaAdendaMultiAssistenciaTest" tests="1" failures="0" timestamp="19 May 2020 15:32:45 GMT" time="45.817" errors="0">
  <testcase name="facturaAdendaMultiAssistencia" time="45.817" classname="com.mkyong.busonfiscal.FacturaAdendaMultiAssistenciaTest"/>
</testsuite> <!-- com.mkyong.busonfiscal.FacturaAdendaMultiAssistenciaTest -->
