<?xml version="1.0" encoding="UTF-8"?>
<!-- Generated by org.testng.reporters.JUnitReportReporter -->
<testsuite skipped="0" hostname="Lisandro-Silva.local" name="com.mkyong.busongratuito.detail.TestComercioExteriorGratuitoDetail" tests="1" failures="0" timestamp="17 Feb 2020 17:51:40 GMT" time="91.662" errors="0">
  <testcase name="basePageNavigation" time="91.662" classname="com.mkyong.busongratuito.detail.TestComercioExteriorGratuitoDetail"/>
</testsuite> <!-- com.mkyong.busongratuito.detail.TestComercioExteriorGratuitoDetail -->
