<?xml version="1.0" encoding="UTF-8"?>
<!-- Generated by org.testng.reporters.JUnitReportReporter -->
<testsuite skipped="0" hostname="Lisandro-Silva.local" name="com.mkyong.busonfiscal.detail.TestInstituicionesEducativasDetail2" tests="1" failures="0" timestamp="30 Mar 2020 21:36:16 GMT" time="108.234" errors="0">
  <testcase name="basePageNavigation" time="108.234" classname="com.mkyong.busonfiscal.detail.TestInstituicionesEducativasDetail2"/>
</testsuite> <!-- com.mkyong.busonfiscal.detail.TestInstituicionesEducativasDetail2 -->
