<?xml version="1.0" encoding="UTF-8"?>
<!-- Generated by org.testng.reporters.JUnitReportReporter -->
<testsuite skipped="0" hostname="Lisandro-Silva.local" name="com.mkyong.busonfiscal.TestInstituicionesEducativas2" tests="1" failures="0" timestamp="30 Mar 2020 16:24:45 GMT" time="44.597" errors="0">
  <testcase name="basePageNavigation" time="44.597" classname="com.mkyong.busonfiscal.TestInstituicionesEducativas2"/>
</testsuite> <!-- com.mkyong.busonfiscal.TestInstituicionesEducativas2 -->
