<?xml version="1.0" encoding="UTF-8"?>
<!-- Generated by org.testng.reporters.JUnitReportReporter -->
<testsuite skipped="0" hostname="Lisandro-Silva.local" name="com.mkyong.buson.jes.detail.TestFacturaAdendaMultiAssistenciaJesDetail" tests="1" failures="0" timestamp="06 Apr 2020 23:05:10 GMT" time="73.052" errors="0">
  <testcase name="basePageNavigation" time="73.052" classname="com.mkyong.buson.jes.detail.TestFacturaAdendaMultiAssistenciaJesDetail"/>
</testsuite> <!-- com.mkyong.buson.jes.detail.TestFacturaAdendaMultiAssistenciaJesDetail -->
