<?xml version="1.0" encoding="UTF-8"?>
<!-- Generated by org.testng.reporters.JUnitReportReporter -->
<testsuite skipped="0" hostname="Lisandro-Silva.local" name="com.mkyong.conector.jes.detail.TestVehiculosUsadosJesDetail" tests="1" failures="0" timestamp="03 Apr 2020 15:25:58 GMT" time="74.607" errors="0">
  <testcase name="basePageNavigation" time="74.607" classname="com.mkyong.conector.jes.detail.TestVehiculosUsadosJesDetail"/>
</testsuite> <!-- com.mkyong.conector.jes.detail.TestVehiculosUsadosJesDetail -->
