<?xml version="1.0" encoding="UTF-8"?>
<!-- Generated by org.testng.reporters.JUnitReportReporter -->
<testsuite skipped="0" hostname="Lisandro-Silva.local" name="com.mkyong.busonfiscal.ReportesEmitidosDuplicarComplComercioExteriorTest" tests="1" failures="0" timestamp="19 May 2020 17:03:05 GMT" time="31.595" errors="0">
  <testcase name="reportesEmitidosDupliComercioExt" time="31.595" classname="com.mkyong.busonfiscal.ReportesEmitidosDuplicarComplComercioExteriorTest"/>
</testsuite> <!-- com.mkyong.busonfiscal.ReportesEmitidosDuplicarComplComercioExteriorTest -->
