<?xml version="1.0" encoding="UTF-8"?>
<!-- Generated by org.testng.reporters.JUnitReportReporter -->
<testsuite skipped="0" hostname="Lisandro-Silva.local" name="com.mkyong.busonfiscal.ObrasDeArteYAtenguedadTest" tests="1" failures="0" timestamp="19 May 2020 16:47:35 GMT" time="32.985" errors="0">
  <testcase name="obrasArtesAnteguedad1" time="32.985" classname="com.mkyong.busonfiscal.ObrasDeArteYAtenguedadTest"/>
</testsuite> <!-- com.mkyong.busonfiscal.ObrasDeArteYAtenguedadTest -->
