<?xml version="1.0" encoding="UTF-8"?>
<!-- Generated by org.testng.reporters.JUnitReportReporter -->
<testsuite skipped="0" hostname="Osvaldo-Sanchez.local" name="com.mkyong.hashing.FacturaIva" tests="1" failures="0" timestamp="22 Jan 2020 23:28:22 GMT" time="24.003" errors="0">
  <testcase name="basePageNavigation" time="24.003" classname="com.mkyong.hashing.FacturaIva"/>
</testsuite> <!-- com.mkyong.hashing.FacturaIva -->
