<?xml version="1.0" encoding="UTF-8"?>
<!-- Generated by org.testng.reporters.JUnitReportReporter -->
<testsuite skipped="0" hostname="Lisandro-Silva.local" name="com.mkyong.busonfiscal.BusquedaReportesTest15" tests="1" failures="0" timestamp="18 May 2020 22:48:14 GMT" time="58.438" errors="0">
  <testcase name="busquedaDeReportes15" time="58.438" classname="com.mkyong.busonfiscal.BusquedaReportesTest15"/>
</testsuite> <!-- com.mkyong.busonfiscal.BusquedaReportesTest15 -->
