<?xml version="1.0" encoding="UTF-8"?>
<!-- Generated by org.testng.reporters.JUnitReportReporter -->
<testsuite skipped="0" hostname="Lisandro-Silva.local" name="com.mkyong.busonfiscal.VentaDeVehiculosTest" tests="1" failures="0" timestamp="19 May 2020 18:27:57 GMT" time="30.581" errors="0">
  <testcase name="ventaDeVehiculos" time="30.581" classname="com.mkyong.busonfiscal.VentaDeVehiculosTest"/>
</testsuite> <!-- com.mkyong.busonfiscal.VentaDeVehiculosTest -->
