<?xml version="1.0" encoding="UTF-8"?>
<!-- Generated by org.testng.reporters.JUnitReportReporter -->
<testsuite skipped="0" hostname="Lisandro-Silva.local" name="com.mkyong.buson.jes.detail.TestObrasDeArteYAtenguedadJesDetail" tests="1" failures="0" timestamp="04 Mar 2020 18:12:27 GMT" time="81.416" errors="0">
  <testcase name="basePageNavigation" time="81.416" classname="com.mkyong.buson.jes.detail.TestObrasDeArteYAtenguedadJesDetail"/>
</testsuite> <!-- com.mkyong.buson.jes.detail.TestObrasDeArteYAtenguedadJesDetail -->
