<?xml version="1.0" encoding="UTF-8"?>
<!-- Generated by org.testng.reporters.JUnitReportReporter -->
<testsuite skipped="0" hostname="Lisandro-Silva.local" name="com.mkyong.conector.jes.detail.TestServiciosParcealesDeContruccionJesDetail" tests="1" failures="0" timestamp="03 Apr 2020 15:21:32 GMT" time="67.209" errors="0">
  <testcase name="basePageNavigation" time="67.209" classname="com.mkyong.conector.jes.detail.TestServiciosParcealesDeContruccionJesDetail"/>
</testsuite> <!-- com.mkyong.conector.jes.detail.TestServiciosParcealesDeContruccionJesDetail -->
