<?xml version="1.0" encoding="UTF-8"?>
<!-- Generated by org.testng.reporters.JUnitReportReporter -->
<testsuite skipped="0" hostname="Lisandro-Silva.local" name="com.mkyong.busonfiscal.TestTuristaPasajeroExtranjero2" tests="1" failures="0" timestamp="30 Mar 2020 17:36:06 GMT" time="36.898" errors="0">
  <testcase name="basePageNavigation" time="36.898" classname="com.mkyong.busonfiscal.TestTuristaPasajeroExtranjero2"/>
</testsuite> <!-- com.mkyong.busonfiscal.TestTuristaPasajeroExtranjero2 -->
