<?xml version="1.0" encoding="UTF-8"?>
<!-- Generated by org.testng.reporters.JUnitReportReporter -->
<testsuite skipped="0" hostname="Lisandro-Silva.local" name="com.mkyong.busonfiscal.TestReportesEmitidos1" tests="1" failures="0" timestamp="30 Mar 2020 17:16:06 GMT" time="52.641" errors="0">
  <testcase name="basePageNavigation" time="52.641" classname="com.mkyong.busonfiscal.TestReportesEmitidos1"/>
</testsuite> <!-- com.mkyong.busonfiscal.TestReportesEmitidos1 -->
