<?xml version="1.0" encoding="UTF-8"?>
<!-- Generated by org.testng.reporters.JUnitReportReporter -->
<testsuite skipped="0" hostname="Lisandro-Silva.local" name="com.mkyong.buson.jes.detail.TestImpuestosLocalesJesDetail" tests="1" failures="0" timestamp="04 Mar 2020 17:50:36 GMT" time="73.201" errors="0">
  <testcase name="basePageNavigation" time="73.201" classname="com.mkyong.buson.jes.detail.TestImpuestosLocalesJesDetail"/>
</testsuite> <!-- com.mkyong.buson.jes.detail.TestImpuestosLocalesJesDetail -->
