<?xml version="1.0" encoding="UTF-8"?>
<!-- Generated by org.testng.reporters.JUnitReportReporter -->
<testsuite skipped="0" hostname="Lisandro-Silva.local" name="com.mkyong.buson.jes.TestTuristaPasajeroExtranjeroJes" tests="1" failures="0" timestamp="06 Apr 2020 21:56:26 GMT" time="33.972" errors="0">
  <testcase name="basePageNavigation" time="33.972" classname="com.mkyong.buson.jes.TestTuristaPasajeroExtranjeroJes"/>
</testsuite> <!-- com.mkyong.buson.jes.TestTuristaPasajeroExtranjeroJes -->
