<?xml version="1.0" encoding="UTF-8"?>
<!-- Generated by org.testng.reporters.JUnitReportReporter -->
<testsuite skipped="0" hostname="Lisandro-Silva.local" name="com.mkyong.busongratis.FacturaCartaPorteGratisComImpuestoTest2" tests="1" failures="0" timestamp="20 May 2020 17:22:56 GMT" time="48.477" errors="0">
  <testcase name="cartaPorteGratisComImp2" time="48.477" classname="com.mkyong.busongratis.FacturaCartaPorteGratisComImpuestoTest2"/>
</testsuite> <!-- com.mkyong.busongratis.FacturaCartaPorteGratisComImpuestoTest2 -->
