<?xml version="1.0" encoding="UTF-8"?>
<!-- Generated by org.testng.reporters.JUnitReportReporter -->
<testsuite skipped="0" hostname="Lisandro-Silva.local" name="com.mkyong.busonfiscal.detail.TestFacturaPagoDetail" tests="1" failures="0" timestamp="04 Mar 2020 16:21:20 GMT" time="37.174" errors="0">
  <testcase name="basePageNavigation" time="37.174" classname="com.mkyong.busonfiscal.detail.TestFacturaPagoDetail"/>
</testsuite> <!-- com.mkyong.busonfiscal.detail.TestFacturaPagoDetail -->
