<?xml version="1.0" encoding="UTF-8"?>
<!-- Generated by org.testng.reporters.JUnitReportReporter -->
<testsuite skipped="0" hostname="Lisandro-Silva.local" name="com.mkyong.busongratis.TestFacturaCartaPorteGratisComImpuesto2" tests="1" failures="0" timestamp="02 Apr 2020 16:07:55 GMT" time="77.645" errors="0">
  <testcase name="basePageNavigation" time="77.645" classname="com.mkyong.busongratis.TestFacturaCartaPorteGratisComImpuesto2"/>
</testsuite> <!-- com.mkyong.busongratis.TestFacturaCartaPorteGratisComImpuesto2 -->
