<?xml version="1.0" encoding="UTF-8"?>
<!-- Generated by org.testng.reporters.JUnitReportReporter -->
<testsuite skipped="0" hostname="Lisandro-Silva.local" name="com.mkyong.busonfiscal.TestBusquedaReportes23" tests="1" failures="0" timestamp="07 Apr 2020 15:37:13 GMT" time="42.368" errors="0">
  <testcase name="basePageNavigation" time="42.368" classname="com.mkyong.busonfiscal.TestBusquedaReportes23"/>
</testsuite> <!-- com.mkyong.busonfiscal.TestBusquedaReportes23 -->
