<?xml version="1.0" encoding="UTF-8"?>
<!-- Generated by org.testng.reporters.JUnitReportReporter -->
<testsuite hostname="Lisandro-Silva.local" name="com.mkyong.buson.jes.detail.ObrasDeArteYAtenguedadJesDetailTest" tests="1" failures="0" timestamp="18 May 2020 19:54:50 GMT" time="80.136" errors="0">
  <testcase name="obrasArtesAnteguedad" time="80.136" classname="com.mkyong.buson.jes.detail.ObrasDeArteYAtenguedadJesDetailTest"/>
</testsuite> <!-- com.mkyong.buson.jes.detail.ObrasDeArteYAtenguedadJesDetailTest -->
