<?xml version="1.0" encoding="UTF-8"?>
<!-- Generated by org.testng.reporters.JUnitReportReporter -->
<testsuite skipped="0" hostname="Lisandro-Silva.local" name="com.mkyong.busonfiscal.ReportesEmitidosDuplicarComplNotariosPublicosTest" tests="1" failures="0" timestamp="19 May 2020 17:24:46 GMT" time="31.987" errors="0">
  <testcase name="duplicadoNotarioPublico" time="31.987" classname="com.mkyong.busonfiscal.ReportesEmitidosDuplicarComplNotariosPublicosTest"/>
</testsuite> <!-- com.mkyong.busonfiscal.ReportesEmitidosDuplicarComplNotariosPublicosTest -->
