<?xml version="1.0" encoding="UTF-8"?>
<!-- Generated by org.testng.reporters.JUnitReportReporter -->
<testsuite skipped="0" hostname="Lisandro-Silva.local" name="com.mkyong.busonfiscal.BusquedaReportesTest17" tests="1" failures="0" timestamp="18 May 2020 22:54:05 GMT" time="69.100" errors="0">
  <testcase name="busquedaDeReportes17" time="69.100" classname="com.mkyong.busonfiscal.BusquedaReportesTest17"/>
</testsuite> <!-- com.mkyong.busonfiscal.BusquedaReportesTest17 -->
