<?xml version="1.0" encoding="UTF-8"?>
<!-- Generated by org.testng.reporters.JUnitReportReporter -->
<testsuite skipped="0" hostname="Lisandro-Silva.local" name="com.mkyong.buson.jes.detail.TestPagoEnEspeciesJesDetail" tests="1" failures="0" timestamp="07 Apr 2020 00:14:36 GMT" time="54.806" errors="0">
  <testcase name="basePageNavigation" time="54.806" classname="com.mkyong.buson.jes.detail.TestPagoEnEspeciesJesDetail"/>
</testsuite> <!-- com.mkyong.buson.jes.detail.TestPagoEnEspeciesJesDetail -->
