<?xml version="1.0" encoding="UTF-8"?>
<!-- Generated by org.testng.reporters.JUnitReportReporter -->
<testsuite skipped="0" hostname="Lisandro-Silva.local" name="com.mkyong.busonfiscal.TestEmailPasswordCorrect" tests="1" failures="0" timestamp="07 Apr 2020 23:03:09 GMT" time="9.469" errors="0">
  <testcase name="basePageNavigation" time="9.469" classname="com.mkyong.busonfiscal.TestEmailPasswordCorrect"/>
</testsuite> <!-- com.mkyong.busonfiscal.TestEmailPasswordCorrect -->
