<?xml version="1.0" encoding="UTF-8"?>
<!-- Generated by org.testng.reporters.JUnitReportReporter -->
<testsuite skipped="0" hostname="Lisandro-Silva.local" name="com.mkyong.nomina.NominaFiscalTest" tests="1" failures="0" timestamp="20 May 2020 16:40:59 GMT" time="75.395" errors="0">
  <testcase name="nominaFiscal" time="75.395" classname="com.mkyong.nomina.NominaFiscalTest"/>
</testsuite> <!-- com.mkyong.nomina.NominaFiscalTest -->
