<?xml version="1.0" encoding="UTF-8"?>
<!-- Generated by org.testng.reporters.JUnitReportReporter -->
<testsuite skipped="0" hostname="Lisandro-Silva.local" name="com.mkyong.busonfiscal.ReportesEmitidosDuplicarComprobanteVentaDeVehiculoTest" tests="1" failures="0" timestamp="19 May 2020 17:51:33 GMT" time="35.580" errors="0">
  <testcase name="duplicadoVentaDeVehiculos" time="35.580" classname="com.mkyong.busonfiscal.ReportesEmitidosDuplicarComprobanteVentaDeVehiculoTest"/>
</testsuite> <!-- com.mkyong.busonfiscal.ReportesEmitidosDuplicarComprobanteVentaDeVehiculoTest -->
