<?xml version="1.0" encoding="UTF-8"?>
<!-- Generated by org.testng.reporters.JUnitReportReporter -->
<testsuite skipped="0" hostname="Lisandro-Silva.local" name="com.mkyong.busonfiscal.TestINE2" tests="1" failures="0" timestamp="07 Apr 2020 19:55:10 GMT" time="76.040" errors="0">
  <testcase name="basePageNavigation" time="76.040" classname="com.mkyong.busonfiscal.TestINE2"/>
</testsuite> <!-- com.mkyong.busonfiscal.TestINE2 -->
