<?xml version="1.0" encoding="UTF-8"?>
<!-- Generated by org.testng.reporters.JUnitReportReporter -->
<testsuite skipped="0" hostname="Lisandro-Silva.local" name="com.mkyong.busongratuito.TestINEGrauito" tests="1" failures="0" timestamp="18 Feb 2020 19:15:31 GMT" time="44.726" errors="0">
  <testcase name="basePageNavigation" time="44.726" classname="com.mkyong.busongratuito.TestINEGrauito"/>
</testsuite> <!-- com.mkyong.busongratuito.TestINEGrauito -->
