<?xml version="1.0" encoding="UTF-8"?>
<!-- Generated by org.testng.reporters.JUnitReportReporter -->
<testsuite hostname="Lisandro-Silva.local" name="com.mkyong.buson.jes.INEJesTest" tests="1" failures="0" timestamp="18 May 2020 16:55:26 GMT" time="40.152" errors="0">
  <testcase name="ineJes" time="40.152" classname="com.mkyong.buson.jes.INEJesTest"/>
</testsuite> <!-- com.mkyong.buson.jes.INEJesTest -->
