<?xml version="1.0" encoding="UTF-8"?>
<!-- Generated by org.testng.reporters.JUnitReportReporter -->
<testsuite skipped="0" hostname="Lisandro-Silva.local" name="com.mkyong.nomina.NominaFiscalDescargaTest" tests="1" failures="0" timestamp="20 May 2020 15:40:57 GMT" time="34.963" errors="0">
  <testcase name="nominaFiscalDescarga" time="34.963" classname="com.mkyong.nomina.NominaFiscalDescargaTest"/>
</testsuite> <!-- com.mkyong.nomina.NominaFiscalDescargaTest -->
