<?xml version="1.0" encoding="UTF-8"?>
<!-- Generated by org.testng.reporters.JUnitReportReporter -->
<testsuite skipped="0" hostname="Lisandro-Silva.local" name="com.mkyong.busonfiscal.TestReportesEmitidosDuplicarComplComercioExterior" tests="1" failures="0" timestamp="07 Apr 2020 21:13:38 GMT" time="31.558" errors="0">
  <testcase name="basePageNavigation" time="31.558" classname="com.mkyong.busonfiscal.TestReportesEmitidosDuplicarComplComercioExterior"/>
</testsuite> <!-- com.mkyong.busonfiscal.TestReportesEmitidosDuplicarComplComercioExterior -->
