<?xml version="1.0" encoding="UTF-8"?>
<!-- Generated by org.testng.reporters.JUnitReportReporter -->
<testsuite skipped="0" hostname="Lisandro-Silva.local" name="com.mkyong.impression.fiscal.ImpresionIETFiscal15" tests="1" failures="0" timestamp="03 Apr 2020 21:20:02 GMT" time="47.072" errors="0">
  <testcase name="basePageNavigation" time="47.072" classname="com.mkyong.impression.fiscal.ImpresionIETFiscal15"/>
</testsuite> <!-- com.mkyong.impression.fiscal.ImpresionIETFiscal15 -->
