<?xml version="1.0" encoding="UTF-8"?>
<!-- Generated by org.testng.reporters.JUnitReportReporter -->
<testsuite skipped="0" hostname="Lisandro-Silva.local" name="com.mkyong.conector.jes.TestImpuestosLocalesJes" tests="1" failures="0" timestamp="02 Apr 2020 23:15:31 GMT" time="39.704" errors="0">
  <testcase name="basePageNavigation" time="39.704" classname="com.mkyong.conector.jes.TestImpuestosLocalesJes"/>
</testsuite> <!-- com.mkyong.conector.jes.TestImpuestosLocalesJes -->
