<?xml version="1.0" encoding="UTF-8"?>
<!-- Generated by org.testng.reporters.JUnitReportReporter -->
<testsuite skipped="0" hostname="Lisandro-Silva.local" name="com.mkyong.busonfiscal.TestVentaDeVehiculos2" tests="1" failures="0" timestamp="30 Mar 2020 17:52:15 GMT" time="32.035" errors="0">
  <testcase name="basePageNavigation" time="32.035" classname="com.mkyong.busonfiscal.TestVentaDeVehiculos2"/>
</testsuite> <!-- com.mkyong.busonfiscal.TestVentaDeVehiculos2 -->
