<?xml version="1.0" encoding="UTF-8"?>
<!-- Generated by org.testng.reporters.JUnitReportReporter -->
<testsuite skipped="0" hostname="Lisandro-Silva.local" name="com.mkyong.busonfiscal.TestVehiculosUsados" tests="1" failures="0" timestamp="07 Apr 2020 23:03:07 GMT" time="37.879" errors="0">
  <testcase name="basePageNavigation" time="37.879" classname="com.mkyong.busonfiscal.TestVehiculosUsados"/>
</testsuite> <!-- com.mkyong.busonfiscal.TestVehiculosUsados -->
