<?xml version="1.0" encoding="UTF-8"?>
<!-- Generated by org.testng.reporters.JUnitReportReporter -->
<testsuite skipped="0" hostname="Lisandro-Silva.local" name="com.mkyong.busonfiscal.TestBusquedaReportes" tests="1" failures="0" timestamp="03 Mar 2020 18:19:53 GMT" time="18.692" errors="0">
  <testcase name="basePageNavigation" time="18.692" classname="com.mkyong.busonfiscal.TestBusquedaReportes"/>
</testsuite> <!-- com.mkyong.busonfiscal.TestBusquedaReportes -->
