<?xml version="1.0" encoding="UTF-8"?>
<!-- Generated by org.testng.reporters.JUnitReportReporter -->
<testsuite skipped="0" hostname="Lisandro-Silva.local" name="com.mkyong.busonfiscal.TestReportesEmitidos5" tests="1" failures="0" timestamp="04 Mar 2020 15:51:23 GMT" time="20.354" errors="0">
  <testcase name="basePageNavigation" time="20.354" classname="com.mkyong.busonfiscal.TestReportesEmitidos5"/>
</testsuite> <!-- com.mkyong.busonfiscal.TestReportesEmitidos5 -->
