<?xml version="1.0" encoding="UTF-8"?>
<!-- Generated by org.testng.reporters.JUnitReportReporter -->
<testsuite skipped="0" hostname="Lisandro-Silva.local" name="com.mkyong.busonfiscal.BusquedaReportesTest25" tests="1" failures="0" timestamp="18 May 2020 23:22:53 GMT" time="58.377" errors="0">
  <testcase name="busquedaDeReportes25" time="58.377" classname="com.mkyong.busonfiscal.BusquedaReportesTest25"/>
</testsuite> <!-- com.mkyong.busonfiscal.BusquedaReportesTest25 -->
