<?xml version="1.0" encoding="UTF-8"?>
<!-- Generated by org.testng.reporters.JUnitReportReporter -->
<testsuite hostname="Lisandro-Silva.local" name="com.mkyong.buson.jes.TuristaPasajeroExtranjeroJesTest" tests="1" failures="0" timestamp="18 May 2020 17:38:28 GMT" time="39.707" errors="0">
  <testcase name="turistasPasajerosExtranjerosJes" time="39.707" classname="com.mkyong.buson.jes.TuristaPasajeroExtranjeroJesTest"/>
</testsuite> <!-- com.mkyong.buson.jes.TuristaPasajeroExtranjeroJesTest -->
