<?xml version="1.0" encoding="UTF-8"?>
<!-- Generated by org.testng.reporters.JUnitReportReporter -->
<testsuite skipped="0" hostname="Lisandro-Silva.local" name="com.mkyong.busongratis.FacturaPagoGratisDetailTest" tests="1" failures="0" timestamp="20 May 2020 17:27:45 GMT" time="34.636" errors="0">
  <testcase name="pagoGratisDetail" time="34.636" classname="com.mkyong.busongratis.FacturaPagoGratisDetailTest"/>
</testsuite> <!-- com.mkyong.busongratis.FacturaPagoGratisDetailTest -->
