<?xml version="1.0" encoding="UTF-8"?>
<!-- Generated by org.testng.reporters.JUnitReportReporter -->
<testsuite skipped="0" hostname="Lisandro-Silva.local" name="com.mkyong.busongratis.NotaDeCreditoGratisTest" tests="1" failures="0" timestamp="20 May 2020 17:38:48 GMT" time="33.248" errors="0">
  <testcase name="notaDeCreditoGratisSimples" time="33.248" classname="com.mkyong.busongratis.NotaDeCreditoGratisTest"/>
</testsuite> <!-- com.mkyong.busongratis.NotaDeCreditoGratisTest -->
