<?xml version="1.0" encoding="UTF-8"?>
<!-- Generated by org.testng.reporters.JUnitReportReporter -->
<testsuite skipped="0" hostname="Lisandro-Silva.local" name="com.mkyong.busonfiscal.NotariosPublicosTest" tests="1" failures="0" timestamp="19 May 2020 16:38:19 GMT" time="43.116" errors="0">
  <testcase name="notariosPublicos1" time="43.116" classname="com.mkyong.busonfiscal.NotariosPublicosTest"/>
</testsuite> <!-- com.mkyong.busonfiscal.NotariosPublicosTest -->
