<?xml version="1.0" encoding="UTF-8"?>
<!-- Generated by org.testng.reporters.JUnitReportReporter -->
<testsuite skipped="0" hostname="Lisandro-Silva.local" name="com.mkyong.busonfiscal.TestBusquedaReportes15" tests="1" failures="0" timestamp="05 Mar 2020 15:50:32 GMT" time="40.728" errors="0">
  <testcase name="basePageNavigation" time="40.728" classname="com.mkyong.busonfiscal.TestBusquedaReportes15"/>
</testsuite> <!-- com.mkyong.busonfiscal.TestBusquedaReportes15 -->
