<?xml version="1.0" encoding="UTF-8"?>
<!-- Generated by org.testng.reporters.JUnitReportReporter -->
<testsuite skipped="0" hostname="Lisandro-Silva.local" name="com.mkyong.busonfiscal.FacturaPagoTest" tests="1" failures="0" timestamp="19 May 2020 15:49:57 GMT" time="24.518" errors="0">
  <testcase name="facturaPago" time="24.518" classname="com.mkyong.busonfiscal.FacturaPagoTest"/>
</testsuite> <!-- com.mkyong.busonfiscal.FacturaPagoTest -->
