<?xml version="1.0" encoding="UTF-8"?>
<!-- Generated by org.testng.reporters.JUnitReportReporter -->
<testsuite skipped="0" hostname="Lisandro-Silva.local" name="com.mkyong.busonfiscal.NotaDeCreditoTest2" tests="1" failures="0" timestamp="19 May 2020 16:36:29 GMT" time="28.208" errors="0">
  <testcase name="notaDeCredito2" time="28.208" classname="com.mkyong.busonfiscal.NotaDeCreditoTest2"/>
</testsuite> <!-- com.mkyong.busonfiscal.NotaDeCreditoTest2 -->
