<?xml version="1.0" encoding="UTF-8"?>
<!-- Generated by org.testng.reporters.JUnitReportReporter -->
<testsuite skipped="0" hostname="Lisandro-Silva.local" name="com.mkyong.busonfiscal.TestObrasDeArteYAtenguedad2" tests="1" failures="0" timestamp="30 Mar 2020 17:00:00 GMT" time="49.794" errors="0">
  <testcase name="basePageNavigation" time="49.794" classname="com.mkyong.busonfiscal.TestObrasDeArteYAtenguedad2"/>
</testsuite> <!-- com.mkyong.busonfiscal.TestObrasDeArteYAtenguedad2 -->
