<?xml version="1.0" encoding="UTF-8"?>
<!-- Generated by org.testng.reporters.JUnitReportReporter -->
<testsuite skipped="0" hostname="Lisandro-Silva.local" name="com.mkyong.busonfiscal.detail.TestVehiculosUsadosDetail2" tests="1" failures="0" timestamp="21 Feb 2020 17:22:19 GMT" time="68.794" errors="0">
  <testcase name="basePageNavigation" time="68.794" classname="com.mkyong.busonfiscal.detail.TestVehiculosUsadosDetail2"/>
</testsuite> <!-- com.mkyong.busonfiscal.detail.TestVehiculosUsadosDetail2 -->
