<?xml version="1.0" encoding="UTF-8"?>
<!-- Generated by org.testng.reporters.JUnitReportReporter -->
<testsuite skipped="0" hostname="Lisandro-Silva.local" name="com.mkyong.busongratis.TestFacturaCartaPorteGratuito" tests="1" failures="0" timestamp="18 Feb 2020 16:19:08 GMT" time="36.005" errors="0">
  <testcase name="basePageNavigation" time="36.005" classname="com.mkyong.busongratis.TestFacturaCartaPorteGratuito"/>
</testsuite> <!-- com.mkyong.busongratis.TestFacturaCartaPorteGratuito -->
