<?xml version="1.0" encoding="UTF-8"?>
<!-- Generated by org.testng.reporters.JUnitReportReporter -->
<testsuite skipped="0" hostname="Lisandro-Silva.local" name="com.mkyong.conector.jes.TestFacturaDetallistaJes" tests="1" failures="0" timestamp="09 Apr 2020 14:27:19 GMT" time="36.633" errors="0">
  <testcase name="basePageNavigation" time="36.633" classname="com.mkyong.conector.jes.TestFacturaDetallistaJes"/>
</testsuite> <!-- com.mkyong.conector.jes.TestFacturaDetallistaJes -->
