<?xml version="1.0" encoding="UTF-8"?>
<!-- Generated by org.testng.reporters.JUnitReportReporter -->
<testsuite skipped="0" hostname="Lisandro-Silva.local" name="com.mkyong.busongratis.FacturaBasicaGratisTest2" tests="1" failures="0" timestamp="20 May 2020 17:19:20 GMT" time="39.316" errors="0">
  <testcase name="facturaBasicaGratis2" time="39.316" classname="com.mkyong.busongratis.FacturaBasicaGratisTest2"/>
</testsuite> <!-- com.mkyong.busongratis.FacturaBasicaGratisTest2 -->
