<?xml version="1.0" encoding="UTF-8"?>
<!-- Generated by org.testng.reporters.JUnitReportReporter -->
<testsuite skipped="0" hostname="Lisandro-Silva.local" name="com.mkyong.buson.jes.TestDonativosJes" tests="1" failures="0" timestamp="06 Apr 2020 18:18:02 GMT" time="41.164" errors="0">
  <testcase name="basePageNavigation" time="41.164" classname="com.mkyong.buson.jes.TestDonativosJes"/>
</testsuite> <!-- com.mkyong.buson.jes.TestDonativosJes -->
