<?xml version="1.0" encoding="UTF-8"?>
<!-- Generated by org.testng.reporters.JUnitReportReporter -->
<testsuite hostname="Lisandro-Silva.local" name="com.mkyong.buson.jes.ServiciosParcealesDeContruccionJesTest" tests="1" failures="0" timestamp="18 May 2020 17:28:29 GMT" time="38.887" errors="0">
  <testcase name="serviciosParcealesDeConstrJes" time="38.887" classname="com.mkyong.buson.jes.ServiciosParcealesDeContruccionJesTest"/>
</testsuite> <!-- com.mkyong.buson.jes.ServiciosParcealesDeContruccionJesTest -->
