<?xml version="1.0" encoding="UTF-8"?>
<!-- Generated by org.testng.reporters.JUnitReportReporter -->
<testsuite skipped="0" hostname="Lisandro-Silva.local" name="com.mkyong.conector.jes.detail.TestPagoEnEspeciesJesDetail" tests="1" failures="0" timestamp="03 Apr 2020 15:17:20 GMT" time="52.835" errors="0">
  <testcase name="basePageNavigation" time="52.835" classname="com.mkyong.conector.jes.detail.TestPagoEnEspeciesJesDetail"/>
</testsuite> <!-- com.mkyong.conector.jes.detail.TestPagoEnEspeciesJesDetail -->
