<?xml version="1.0" encoding="UTF-8"?>
<!-- Generated by org.testng.reporters.JUnitReportReporter -->
<testsuite skipped="0" hostname="Lisandro-Silva.local" name="com.mkyong.buson.jes.TestInstituicionesEducativasJes" tests="1" failures="0" timestamp="04 Mar 2020 16:40:09 GMT" time="36.486" errors="0">
  <testcase name="basePageNavigation" time="36.486" classname="com.mkyong.buson.jes.TestInstituicionesEducativasJes"/>
</testsuite> <!-- com.mkyong.buson.jes.TestInstituicionesEducativasJes -->
