<?xml version="1.0" encoding="UTF-8"?>
<!-- Generated by org.testng.reporters.JUnitReportReporter -->
<testsuite skipped="0" hostname="Lisandro-Silva.local" name="com.mkyong.busonfiscal.TestFacturaSimpleComprobanteBorrador" tests="1" failures="0" timestamp="24 Feb 2020 19:26:31 GMT" time="39.376" errors="0">
  <testcase name="basePageNavigation" time="39.376" classname="com.mkyong.busonfiscal.TestFacturaSimpleComprobanteBorrador"/>
</testsuite> <!-- com.mkyong.busonfiscal.TestFacturaSimpleComprobanteBorrador -->
