<?xml version="1.0" encoding="UTF-8"?>
<!-- Generated by org.testng.reporters.JUnitReportReporter -->
<testsuite skipped="0" hostname="Lisandro-Silva.local" name="com.mkyong.busonfiscal.INETest" tests="1" failures="0" timestamp="19 May 2020 16:13:22 GMT" time="43.867" errors="0">
  <testcase name="basePageNavigation" time="43.867" classname="com.mkyong.busonfiscal.INETest"/>
</testsuite> <!-- com.mkyong.busonfiscal.INETest -->
