<?xml version="1.0" encoding="UTF-8"?>
<!-- Generated by org.testng.reporters.JUnitReportReporter -->
<testsuite skipped="0" hostname="Lisandro-Silva.local" name="com.mkyong.busonfiscal.detail.TestNotariosPublicosDetailIEPS" tests="1" failures="0" timestamp="21 Feb 2020 17:12:49 GMT" time="81.898" errors="0">
  <testcase name="basePageNavigation" time="81.898" classname="com.mkyong.busonfiscal.detail.TestNotariosPublicosDetailIEPS"/>
</testsuite> <!-- com.mkyong.busonfiscal.detail.TestNotariosPublicosDetailIEPS -->
