<?xml version="1.0" encoding="UTF-8"?>
<!-- Generated by org.testng.reporters.JUnitReportReporter -->
<testsuite skipped="0" hostname="Lisandro-Silva.local" name="com.mkyong.busongratis.BusquedaReportesgratuitoTest2" tests="1" failures="0" timestamp="20 May 2020 17:05:34 GMT" time="13.088" errors="0">
  <testcase name="busquedaDeReportesGratuito2" time="13.088" classname="com.mkyong.busongratis.BusquedaReportesgratuitoTest2"/>
</testsuite> <!-- com.mkyong.busongratis.BusquedaReportesgratuitoTest2 -->
