<?xml version="1.0" encoding="UTF-8"?>
<!-- Generated by org.testng.reporters.JUnitReportReporter -->
<testsuite skipped="0" hostname="Lisandro-Silva.local" name="com.mkyong.conector.jes.detail.TestPersonasFisicasIntegranteDeCoordinacionJesDetail" tests="1" failures="0" timestamp="03 Apr 2020 15:19:26 GMT" time="66.833" errors="0">
  <testcase name="basePageNavigation" time="66.833" classname="com.mkyong.conector.jes.detail.TestPersonasFisicasIntegranteDeCoordinacionJesDetail"/>
</testsuite> <!-- com.mkyong.conector.jes.detail.TestPersonasFisicasIntegranteDeCoordinacionJesDetail -->
