<?xml version="1.0" encoding="UTF-8"?>
<!-- Generated by org.testng.reporters.JUnitReportReporter -->
<testsuite skipped="0" hostname="Lisandro-Silva.local" name="com.mkyong.busongratis.FacturaBasicaGratisDetailTest" tests="1" failures="0" timestamp="20 May 2020 17:11:41 GMT" time="59.874" errors="0">
  <testcase name="facturaBasicaGratisDetail" time="59.874" classname="com.mkyong.busongratis.FacturaBasicaGratisDetailTest"/>
</testsuite> <!-- com.mkyong.busongratis.FacturaBasicaGratisDetailTest -->
