<?xml version="1.0" encoding="UTF-8"?>
<!-- Generated by org.testng.reporters.JUnitReportReporter -->
<testsuite skipped="0" hostname="Lisandro-Silva.local" name="com.mkyong.busonfiscal.HomePageBusonTest" tests="1" failures="0" timestamp="19 May 2020 16:06:40 GMT" time="77.893" errors="0">
  <testcase name="serviciosBuzon" time="77.893" classname="com.mkyong.busonfiscal.HomePageBusonTest"/>
</testsuite> <!-- com.mkyong.busonfiscal.HomePageBusonTest -->
