<?xml version="1.0" encoding="UTF-8"?>
<!-- Generated by org.testng.reporters.JUnitReportReporter -->
<testsuite skipped="0" hostname="Lisandro-Silva.local" name="com.mkyong.conector.jes.detail.TestLeyendasFiscalesJesDetail" tests="1" failures="0" timestamp="03 Apr 2020 14:59:26 GMT" time="69.247" errors="0">
  <testcase name="basePageNavigation" time="69.247" classname="com.mkyong.conector.jes.detail.TestLeyendasFiscalesJesDetail"/>
</testsuite> <!-- com.mkyong.conector.jes.detail.TestLeyendasFiscalesJesDetail -->
