<?xml version="1.0" encoding="UTF-8"?>
<!-- Generated by org.testng.reporters.JUnitReportReporter -->
<testsuite skipped="0" hostname="Lisandro-Silva.local" name="com.mkyong.busongratis.NotaDeCreditoGratisDetailTest2" tests="1" failures="0" timestamp="20 May 2020 17:37:14 GMT" time="70.345" errors="0">
  <testcase name="notaDeCreditoGratisdetail2" time="70.345" classname="com.mkyong.busongratis.NotaDeCreditoGratisDetailTest2"/>
</testsuite> <!-- com.mkyong.busongratis.NotaDeCreditoGratisDetailTest2 -->
