<?xml version="1.0" encoding="UTF-8"?>
<!-- Generated by org.testng.reporters.JUnitReportReporter -->
<testsuite skipped="0" hostname="Lisandro-Silva.local" name="com.mkyong.busonfiscal.TestFacturaPago" tests="1" failures="0" timestamp="30 Mar 2020 15:42:36 GMT" time="28.341" errors="0">
  <testcase name="basePageNavigation" time="28.341" classname="com.mkyong.busonfiscal.TestFacturaPago"/>
</testsuite> <!-- com.mkyong.busonfiscal.TestFacturaPago -->
