<?xml version="1.0" encoding="UTF-8"?>
<!-- Generated by org.testng.reporters.JUnitReportReporter -->
<testsuite skipped="0" hostname="Lisandro-Silva.local" name="com.mkyong.busonfiscal.TestPersonasFisicasIntegranteDeCoordinacion2" tests="1" failures="0" timestamp="07 Apr 2020 20:43:12 GMT" time="33.394" errors="0">
  <testcase name="basePageNavigation" time="33.394" classname="com.mkyong.busonfiscal.TestPersonasFisicasIntegranteDeCoordinacion2"/>
</testsuite> <!-- com.mkyong.busonfiscal.TestPersonasFisicasIntegranteDeCoordinacion2 -->
