<?xml version="1.0" encoding="UTF-8"?>
<!-- Generated by org.testng.reporters.JUnitReportReporter -->
<testsuite skipped="0" hostname="Lisandro-Silva.local" name="com.mkyong.busonfiscal.VehiculosUsadosTest2" tests="1" failures="0" timestamp="19 May 2020 18:26:02 GMT" time="36.131" errors="0">
  <testcase name="vehiculosUsados2" time="36.131" classname="com.mkyong.busonfiscal.VehiculosUsadosTest2"/>
</testsuite> <!-- com.mkyong.busonfiscal.VehiculosUsadosTest2 -->
