<?xml version="1.0" encoding="UTF-8"?>
<!-- Generated by org.testng.reporters.JUnitReportReporter -->
<testsuite skipped="0" hostname="Lisandro-Silva.local" name="com.mkyong.busonfiscal.TestFacturaBasica2" tests="1" failures="0" timestamp="07 Apr 2020 19:16:44 GMT" time="36.429" errors="0">
  <testcase name="basePageNavigation" time="36.429" classname="com.mkyong.busonfiscal.TestFacturaBasica2"/>
</testsuite> <!-- com.mkyong.busonfiscal.TestFacturaBasica2 -->
