<?xml version="1.0" encoding="UTF-8"?>
<!-- Generated by org.testng.reporters.JUnitReportReporter -->
<testsuite skipped="0" hostname="Lisandro-Silva.local" name="com.mkyong.busonfiscal.FacturaBasicaTest" tests="1" failures="0" timestamp="19 May 2020 15:59:56 GMT" time="36.828" errors="0">
  <testcase name="facturaBasica" time="36.828" classname="com.mkyong.busonfiscal.FacturaBasicaTest"/>
</testsuite> <!-- com.mkyong.busonfiscal.FacturaBasicaTest -->
