<?xml version="1.0" encoding="UTF-8"?>
<!-- Generated by org.testng.reporters.JUnitReportReporter -->
<testsuite hostname="Lisandro-Silva.local" name="com.mkyong.buson.jes.detail.TuristaPasajeroExtranjeroJesDetailTest" tests="1" failures="0" timestamp="18 May 2020 20:20:16 GMT" time="88.428" errors="0">
  <testcase name="turistaPassajeroExtranjeroDetailJes" time="88.428" classname="com.mkyong.buson.jes.detail.TuristaPasajeroExtranjeroJesDetailTest"/>
</testsuite> <!-- com.mkyong.buson.jes.detail.TuristaPasajeroExtranjeroJesDetailTest -->
