<?xml version="1.0" encoding="UTF-8"?>
<!-- Generated by org.testng.reporters.JUnitReportReporter -->
<testsuite skipped="0" hostname="Lisandro-Silva.local" name="com.mkyong.busongratis.BusquedaReportesgratuitoTest4" tests="1" failures="0" timestamp="20 May 2020 17:06:44 GMT" time="17.193" errors="0">
  <testcase name="busquedaDeReportesGratuito4" time="17.193" classname="com.mkyong.busongratis.BusquedaReportesgratuitoTest4"/>
</testsuite> <!-- com.mkyong.busongratis.BusquedaReportesgratuitoTest4 -->
