<?xml version="1.0" encoding="UTF-8"?>
<!-- Generated by org.testng.reporters.JUnitReportReporter -->
<testsuite skipped="0" hostname="Lisandro-Silva.local" name="com.mkyong.busonfiscal.DonativosTest2" tests="1" failures="0" timestamp="19 May 2020 14:58:40 GMT" time="31.041" errors="0">
  <testcase name="donativosSimples2" time="31.041" classname="com.mkyong.busonfiscal.DonativosTest2"/>
</testsuite> <!-- com.mkyong.busonfiscal.DonativosTest2 -->
