<?xml version="1.0" encoding="UTF-8"?>
<!-- Generated by org.testng.reporters.JUnitReportReporter -->
<testsuite skipped="0" hostname="Lisandro-Silva.local" name="com.mkyong.busonfiscal.BusquedaReportesTest18" tests="1" failures="0" timestamp="18 May 2020 23:04:45 GMT" time="66.810" errors="0">
  <testcase name="busquedaDeReportes18" time="66.810" classname="com.mkyong.busonfiscal.BusquedaReportesTest18"/>
</testsuite> <!-- com.mkyong.busonfiscal.BusquedaReportesTest18 -->
