<?xml version="1.0" encoding="UTF-8"?>
<!-- Generated by org.testng.reporters.JUnitReportReporter -->
<testsuite skipped="0" hostname="Lisandro-Silva.local" name="com.mkyong.busonfiscal.TestDonativos2" tests="1" failures="0" timestamp="30 Mar 2020 19:58:50 GMT" time="56.227" errors="0">
  <testcase name="basePageNavigation" time="56.227" classname="com.mkyong.busonfiscal.TestDonativos2"/>
</testsuite> <!-- com.mkyong.busonfiscal.TestDonativos2 -->
