<?xml version="1.0" encoding="UTF-8"?>
<!-- Generated by org.testng.reporters.JUnitReportReporter -->
<testsuite skipped="0" hostname="Lisandro-Silva.local" name="com.mkyong.busonfiscal.BusquedaReportesTest21" tests="1" failures="0" timestamp="18 May 2020 23:15:26 GMT" time="67.804" errors="0">
  <testcase name="busquedaDeReportes21" time="67.804" classname="com.mkyong.busonfiscal.BusquedaReportesTest21"/>
</testsuite> <!-- com.mkyong.busonfiscal.BusquedaReportesTest21 -->
