<?xml version="1.0" encoding="UTF-8"?>
<!-- Generated by org.testng.reporters.JUnitReportReporter -->
<testsuite skipped="0" hostname="Lisandro-Silva.local" name="com.mkyong.conector.jes.TestFacturaCartaPorteJes" tests="1" failures="0" timestamp="09 Apr 2020 14:25:30 GMT" time="22.708" errors="0">
  <testcase name="basePageNavigation" time="22.708" classname="com.mkyong.conector.jes.TestFacturaCartaPorteJes"/>
</testsuite> <!-- com.mkyong.conector.jes.TestFacturaCartaPorteJes -->
