<?xml version="1.0" encoding="UTF-8"?>
<!-- Generated by org.testng.reporters.JUnitReportReporter -->
<testsuite skipped="0" hostname="Lisandro-Silva.local" name="com.mkyong.busonfiscal.INETest2" tests="1" failures="0" timestamp="19 May 2020 16:15:37 GMT" time="61.046" errors="0">
  <testcase name="basePageNavigation" time="61.046" classname="com.mkyong.busonfiscal.INETest2"/>
</testsuite> <!-- com.mkyong.busonfiscal.INETest2 -->
