<?xml version="1.0" encoding="UTF-8"?>
<!-- Generated by org.testng.reporters.JUnitReportReporter -->
<testsuite skipped="0" hostname="Lisandro-Silva.local" name="com.mkyong.busonfiscal.TestFacturaBasicaCodig" tests="1" failures="0" timestamp="07 Apr 2020 19:19:41 GMT" time="37.684" errors="0">
  <testcase name="basePageNavigation" time="37.684" classname="com.mkyong.busonfiscal.TestFacturaBasicaCodig"/>
</testsuite> <!-- com.mkyong.busonfiscal.TestFacturaBasicaCodig -->
