<?xml version="1.0" encoding="UTF-8"?>
<!-- Generated by org.testng.reporters.JUnitReportReporter -->
<testsuite skipped="0" hostname="Osvaldo-Sanchez.local" name="com.mkyong.hashing.Certificados" tests="1" failures="0" timestamp="22 Jan 2020 19:21:04 GMT" time="43.021" errors="0">
  <testcase name="basePageNavigation" time="43.021" classname="com.mkyong.hashing.Certificados"/>
</testsuite> <!-- com.mkyong.hashing.Certificados -->
