<?xml version="1.0" encoding="UTF-8"?>
<!-- Generated by org.testng.reporters.JUnitReportReporter -->
<testsuite skipped="0" hostname="Lisandro-Silva.local" name="com.mkyong.conector.jes.TestPagoEnEspeciesJes" tests="1" failures="0" timestamp="02 Apr 2020 23:28:35 GMT" time="30.258" errors="0">
  <testcase name="basePageNavigation" time="30.258" classname="com.mkyong.conector.jes.TestPagoEnEspeciesJes"/>
</testsuite> <!-- com.mkyong.conector.jes.TestPagoEnEspeciesJes -->
