<?xml version="1.0" encoding="UTF-8"?>
<!-- Generated by org.testng.reporters.JUnitReportReporter -->
<testsuite skipped="0" hostname="Lisandro-Silva.local" name="com.mkyong.busonfiscal.BusquedaReportesTest20" tests="1" failures="0" timestamp="18 May 2020 23:12:59 GMT" time="49.136" errors="0">
  <testcase name="busquedaDerReportes20" time="49.136" classname="com.mkyong.busonfiscal.BusquedaReportesTest20"/>
</testsuite> <!-- com.mkyong.busonfiscal.BusquedaReportesTest20 -->
