<?xml version="1.0" encoding="UTF-8"?>
<!-- Generated by org.testng.reporters.JUnitReportReporter -->
<testsuite skipped="0" hostname="Lisandro-Silva.local" name="com.mkyong.buson.jes.detail.TestFacturaAdendaMultiAssistenciaDetail" tests="1" failures="0" timestamp="19 Feb 2020 22:39:42 GMT" time="75.006" errors="0">
  <testcase name="basePageNavigation" time="75.006" classname="com.mkyong.buson.jes.detail.TestFacturaAdendaMultiAssistenciaDetail"/>
</testsuite> <!-- com.mkyong.buson.jes.detail.TestFacturaAdendaMultiAssistenciaDetail -->
