<?xml version="1.0" encoding="UTF-8"?>
<!-- Generated by org.testng.reporters.JUnitReportReporter -->
<testsuite skipped="0" hostname="Lisandro-Silva.local" name="com.mkyong.busonfiscal.detail.TestVentaDeVehiculosDetail2" tests="1" failures="0" timestamp="31 Mar 2020 16:06:35 GMT" time="116.536" errors="0">
  <testcase name="basePageNavigation" time="116.536" classname="com.mkyong.busonfiscal.detail.TestVentaDeVehiculosDetail2"/>
</testsuite> <!-- com.mkyong.busonfiscal.detail.TestVentaDeVehiculosDetail2 -->
