<?xml version="1.0" encoding="UTF-8"?>
<!-- Generated by org.testng.reporters.JUnitReportReporter -->
<testsuite skipped="0" hostname="Lisandro-Silva.local" name="com.mkyong.busonfiscal.TestReportesEmitidosDuplicarComplPaEnEspecies" tests="1" failures="0" timestamp="02 Mar 2020 17:13:53 GMT" time="29.781" errors="0">
  <testcase name="basePageNavigation" time="29.781" classname="com.mkyong.busonfiscal.TestReportesEmitidosDuplicarComplPaEnEspecies"/>
</testsuite> <!-- com.mkyong.busonfiscal.TestReportesEmitidosDuplicarComplPaEnEspecies -->
