<?xml version="1.0" encoding="UTF-8"?>
<!-- Generated by org.testng.reporters.JUnitReportReporter -->
<testsuite skipped="0" hostname="Lisandro-Silva.local" name="com.mkyong.busonfiscal.ReportesEmitidosDuplicarComprobanteCartaPorteTest" tests="1" failures="0" timestamp="19 May 2020 17:37:35 GMT" time="34.924" errors="0">
  <testcase name="duplicadoCartaPorte" time="34.924" classname="com.mkyong.busonfiscal.ReportesEmitidosDuplicarComprobanteCartaPorteTest"/>
</testsuite> <!-- com.mkyong.busonfiscal.ReportesEmitidosDuplicarComprobanteCartaPorteTest -->
