<?xml version="1.0" encoding="UTF-8"?>
<!-- Generated by org.testng.reporters.JUnitReportReporter -->
<testsuite skipped="0" hostname="Lisandro-Silva.local" name="com.mkyong.busonfiscal.detail.TestImpuestosLocalesDetailIEPS" tests="1" failures="0" timestamp="21 Feb 2020 15:47:03 GMT" time="68.658" errors="0">
  <testcase name="basePageNavigation" time="68.658" classname="com.mkyong.busonfiscal.detail.TestImpuestosLocalesDetailIEPS"/>
</testsuite> <!-- com.mkyong.busonfiscal.detail.TestImpuestosLocalesDetailIEPS -->
