<?xml version="1.0" encoding="UTF-8"?>
<!-- Generated by org.testng.reporters.JUnitReportReporter -->
<testsuite skipped="0" hostname="Lisandro-Silva.local" name="com.mkyong.buson.jes.detail.TestCartaPorteComercioExteriorJesDetail" tests="1" failures="0" timestamp="04 Mar 2020 17:16:39 GMT" time="92.427" errors="0">
  <testcase name="basePageNavigation" time="92.427" classname="com.mkyong.buson.jes.detail.TestCartaPorteComercioExteriorJesDetail"/>
</testsuite> <!-- com.mkyong.buson.jes.detail.TestCartaPorteComercioExteriorJesDetail -->
