<?xml version="1.0" encoding="UTF-8"?>
<!-- Generated by org.testng.reporters.JUnitReportReporter -->
<testsuite skipped="0" hostname="Lisandro-Silva.local" name="com.mkyong.busonfiscal.EmailAndPasswordTest" tests="1" failures="0" timestamp="19 May 2020 15:22:58 GMT" time="2.094" errors="0">
  <testcase name="correoContrasena" time="2.094" classname="com.mkyong.busonfiscal.EmailAndPasswordTest"/>
</testsuite> <!-- com.mkyong.busonfiscal.EmailAndPasswordTest -->
