<?xml version="1.0" encoding="UTF-8"?>
<!-- Generated by org.testng.reporters.JUnitReportReporter -->
<testsuite skipped="0" hostname="Lisandro-Silva.local" name="com.mkyong.busongratis.TestFacturaBasicaGratisDetail2" tests="1" failures="0" timestamp="02 Apr 2020 15:59:31 GMT" time="119.170" errors="0">
  <testcase name="basePageNavigation" time="119.170" classname="com.mkyong.busongratis.TestFacturaBasicaGratisDetail2"/>
</testsuite> <!-- com.mkyong.busongratis.TestFacturaBasicaGratisDetail2 -->
