<?xml version="1.0" encoding="UTF-8"?>
<!-- Generated by org.testng.reporters.JUnitReportReporter -->
<testsuite skipped="0" hostname="Lisandro-Silva.local" name="com.mkyong.busonfiscal.TestReportesEmitidosDuplicarComplComercioExteriorTranslado" tests="1" failures="0" timestamp="02 Mar 2020 16:31:34 GMT" time="29.758" errors="0">
  <testcase name="basePageNavigation" time="29.758" classname="com.mkyong.busonfiscal.TestReportesEmitidosDuplicarComplComercioExteriorTranslado"/>
</testsuite> <!-- com.mkyong.busonfiscal.TestReportesEmitidosDuplicarComplComercioExteriorTranslado -->
