<?xml version="1.0" encoding="UTF-8"?>
<!-- Generated by org.testng.reporters.JUnitReportReporter -->
<testsuite skipped="0" hostname="Lisandro-Silva.local" name="com.mkyong.conector.jes.detail.TestNotaDeCreditoJesDetail" tests="1" failures="0" timestamp="03 Apr 2020 15:01:40 GMT" time="65.805" errors="0">
  <testcase name="basePageNavigation" time="65.805" classname="com.mkyong.conector.jes.detail.TestNotaDeCreditoJesDetail"/>
</testsuite> <!-- com.mkyong.conector.jes.detail.TestNotaDeCreditoJesDetail -->
