<?xml version="1.0" encoding="UTF-8"?>
<!-- Generated by org.testng.reporters.JUnitReportReporter -->
<testsuite skipped="0" hostname="Lisandro-Silva.local" name="com.mkyong.busonfiscal.TestComercioExterior" tests="1" failures="0" timestamp="07 Apr 2020 18:43:08 GMT" time="46.284" errors="0">
  <testcase name="basePageNavigation" time="46.284" classname="com.mkyong.busonfiscal.TestComercioExterior"/>
</testsuite> <!-- com.mkyong.busonfiscal.TestComercioExterior -->
