<?xml version="1.0" encoding="UTF-8"?>
<!-- Generated by org.testng.reporters.JUnitReportReporter -->
<testsuite skipped="0" hostname="Lisandro-Silva.local" name="com.mkyong.busonfiscal.TestReportesEmitidos7" tests="1" failures="0" timestamp="07 Apr 2020 21:05:45 GMT" time="60.375" errors="0">
  <testcase name="basePageNavigation" time="60.375" classname="com.mkyong.busonfiscal.TestReportesEmitidos7"/>
</testsuite> <!-- com.mkyong.busonfiscal.TestReportesEmitidos7 -->
