<?xml version="1.0" encoding="UTF-8"?>
<!-- Generated by org.testng.reporters.JUnitReportReporter -->
<testsuite skipped="0" hostname="Lisandro-Silva.local" name="com.mkyong.busonfiscal.FacturaDetallistaTest2" tests="1" failures="0" timestamp="19 May 2020 15:48:38 GMT" time="35.123" errors="0">
  <testcase name="facturaDetallista2" time="35.123" classname="com.mkyong.busonfiscal.FacturaDetallistaTest2"/>
</testsuite> <!-- com.mkyong.busonfiscal.FacturaDetallistaTest2 -->
