<?xml version="1.0" encoding="UTF-8"?>
<!-- Generated by org.testng.reporters.JUnitReportReporter -->
<testsuite skipped="0" hostname="Lisandro-Silva.local" name="com.mkyong.conector.jes.TestComercioExteriorJes" tests="1" failures="0" timestamp="09 Apr 2020 14:15:58 GMT" time="49.231" errors="0">
  <testcase name="basePageNavigation" time="49.231" classname="com.mkyong.conector.jes.TestComercioExteriorJes"/>
</testsuite> <!-- com.mkyong.conector.jes.TestComercioExteriorJes -->
