<?xml version="1.0" encoding="UTF-8"?>
<!-- Generated by org.testng.reporters.JUnitReportReporter -->
<testsuite skipped="0" hostname="Lisandro-Silva.local" name="com.mkyong.busonfiscal.FacturaSimpleComprobanteBorradorTest" tests="1" failures="0" timestamp="19 May 2020 15:54:48 GMT" time="44.285" errors="0">
  <testcase name="facturaSimplesBorrador" time="44.285" classname="com.mkyong.busonfiscal.FacturaSimpleComprobanteBorradorTest"/>
</testsuite> <!-- com.mkyong.busonfiscal.FacturaSimpleComprobanteBorradorTest -->
