<?xml version="1.0" encoding="UTF-8"?>
<!-- Generated by org.testng.reporters.JUnitReportReporter -->
<testsuite skipped="0" hostname="Lisandro-Silva.local" name="com.mkyong.busonfiscal.EmailPasswordCorrectTest" tests="1" failures="0" timestamp="19 May 2020 15:23:45 GMT" time="6.987" errors="0">
  <testcase name="correoContrasenaCorreta" time="6.987" classname="com.mkyong.busonfiscal.EmailPasswordCorrectTest"/>
</testsuite> <!-- com.mkyong.busonfiscal.EmailPasswordCorrectTest -->
