<?xml version="1.0" encoding="UTF-8"?>
<!-- Generated by org.testng.reporters.JUnitReportReporter -->
<testsuite hostname="Lisandro-Silva.local" name="com.mkyong.conector.jes.detail.PersonasFisicasIntegranteDeCoordinacionJesDetailTest" tests="1" failures="0" timestamp="18 May 2020 14:24:59 GMT" time="72.700" errors="0">
  <testcase name="basePageNavigation" time="72.700" classname="com.mkyong.conector.jes.detail.PersonasFisicasIntegranteDeCoordinacionJesDetailTest"/>
</testsuite> <!-- com.mkyong.conector.jes.detail.PersonasFisicasIntegranteDeCoordinacionJesDetailTest -->
